2020/07/02-11:01:53 [main] INFO  com.gl.gl_wechat.GlWechatApplication- Starting GlWechatApplication on LAPTOP-UFUB5A9M with PID 13968 (C:\workSoft\ideaWorkSpace\gl_wechat\target\classes started by zhaoCong in C:\workSoft\ideaWorkSpace\gl_wechat)
2020/07/02-11:01:53 [main] INFO  com.gl.gl_wechat.GlWechatApplication- The following profiles are active: dev
2020/07/02-11:01:54 [main] INFO  org.springframework.boot.web.embedded.tomcat.TomcatWebServer- Tomcat initialized with port(s): 8890 (http)
2020/07/02-11:01:54 [main] INFO  org.apache.coyote.http11.Http11NioProtocol- Initializing ProtocolHandler ["http-nio-8890"]
2020/07/02-11:01:54 [main] INFO  org.apache.catalina.core.StandardService- Starting service [Tomcat]
2020/07/02-11:01:54 [main] INFO  org.apache.catalina.core.StandardEngine- Starting Servlet engine: [Apache Tomcat/9.0.33]
2020/07/02-11:01:54 [main] INFO  org.apache.catalina.core.AprLifecycleListener- An older version [1.2.21] of the APR based Apache Tomcat Native library is installed, while Tomcat recommends a minimum version of [1.2.23]
2020/07/02-11:01:54 [main] INFO  org.apache.catalina.core.AprLifecycleListener- Loaded APR based Apache Tomcat Native library [1.2.21] using APR version [1.6.5].
2020/07/02-11:01:54 [main] INFO  org.apache.catalina.core.AprLifecycleListener- APR capabilities: IPv6 [true], sendfile [true], accept filters [false], random [true].
2020/07/02-11:01:54 [main] INFO  org.apache.catalina.core.AprLifecycleListener- APR/OpenSSL configuration: useAprConnector [false], useOpenSSL [true]
2020/07/02-11:01:54 [main] INFO  org.apache.catalina.core.AprLifecycleListener- OpenSSL successfully initialized [OpenSSL 1.1.1a  20 Nov 2018]
2020/07/02-11:01:54 [main] INFO  org.apache.catalina.core.ContainerBase.[Tomcat].[localhost].[/]- Initializing Spring embedded WebApplicationContext
2020/07/02-11:01:54 [main] INFO  org.springframework.web.context.ContextLoader- Root WebApplicationContext: initialization completed in 986 ms
2020/07/02-11:01:54 [main] INFO  org.springframework.scheduling.concurrent.ThreadPoolTaskExecutor- Initializing ExecutorService 'applicationTaskExecutor'
2020/07/02-11:01:55 [main] INFO  org.apache.coyote.http11.Http11NioProtocol- Starting ProtocolHandler ["http-nio-8890"]
2020/07/02-11:01:55 [main] INFO  org.springframework.boot.web.embedded.tomcat.TomcatWebServer- Tomcat started on port(s): 8890 (http) with context path ''
2020/07/02-11:01:55 [main] INFO  com.gl.gl_wechat.GlWechatApplication- Started GlWechatApplication in 2.069 seconds (JVM running for 3.418)
2020/07/02-11:03:20 [http-nio-8890-exec-1] INFO  org.apache.catalina.core.ContainerBase.[Tomcat].[localhost].[/]- Initializing Spring DispatcherServlet 'dispatcherServlet'
2020/07/02-11:03:20 [http-nio-8890-exec-1] INFO  org.springframework.web.servlet.DispatcherServlet- Initializing Servlet 'dispatcherServlet'
2020/07/02-11:03:20 [http-nio-8890-exec-1] INFO  org.springframework.web.servlet.DispatcherServlet- Completed initialization in 3 ms
2020/07/02-11:03:21 [http-nio-8890-exec-1] INFO  com.zaxxer.hikari.HikariDataSource- HikariPool-1 - Starting...
2020/07/02-11:03:21 [http-nio-8890-exec-1] INFO  com.zaxxer.hikari.HikariDataSource- HikariPool-1 - Start completed.
2020/07/02-11:03:21 [http-nio-8890-exec-1] DEBUG com.gl.gl_wechat.dao.WXDao.selectSuperAdmin- ==>  Preparing: SELECT 1 from superadmin WHERE phone = ? 
2020/07/02-11:03:21 [http-nio-8890-exec-1] DEBUG com.gl.gl_wechat.dao.WXDao.selectSuperAdmin- ==> Parameters: 15751778894(String)
2020/07/02-11:03:21 [http-nio-8890-exec-1] DEBUG com.gl.gl_wechat.dao.WXDao.selectSuperAdmin- <==      Total: 0
2020/07/02-11:03:21 [http-nio-8890-exec-1] DEBUG com.gl.gl_wechat.dao.WXDao.selectUserList- ==>  Preparing: SELECT * FROM admin WHERE phone = ? 
2020/07/02-11:03:21 [http-nio-8890-exec-1] DEBUG com.gl.gl_wechat.dao.WXDao.selectUserList- ==> Parameters: 15751778894(String)
2020/07/02-11:03:21 [http-nio-8890-exec-1] DEBUG com.gl.gl_wechat.dao.WXDao.selectUserList- <==      Total: 1
2020/07/02-11:04:27 [http-nio-8890-exec-4] DEBUG com.gl.gl_wechat.dao.WXDao.selectSuperAdmin- ==>  Preparing: SELECT 1 from superadmin WHERE phone = ? 
2020/07/02-11:04:27 [http-nio-8890-exec-4] DEBUG com.gl.gl_wechat.dao.WXDao.selectSuperAdmin- ==> Parameters: 15751778894(String)
2020/07/02-11:04:27 [http-nio-8890-exec-4] DEBUG com.gl.gl_wechat.dao.WXDao.selectSuperAdmin- <==      Total: 0
2020/07/02-11:04:27 [http-nio-8890-exec-4] ERROR org.apache.catalina.core.ContainerBase.[Tomcat].[localhost].[/].[dispatcherServlet]- Servlet.service() for servlet [dispatcherServlet] in context with path [] threw exception [Request processing failed; nested exception is org.mybatis.spring.MyBatisSystemException: nested exception is org.apache.ibatis.binding.BindingException: Parameter 'cardNo' not found. Available parameters are [param5, phone, endDate, pageSize, page, param3, param4, param1, startDate, param2]] with root cause
org.apache.ibatis.binding.BindingException: Parameter 'cardNo' not found. Available parameters are [param5, phone, endDate, pageSize, page, param3, param4, param1, startDate, param2]
	at org.apache.ibatis.binding.MapperMethod$ParamMap.get(MapperMethod.java:212)
	at org.apache.ibatis.scripting.xmltags.DynamicContext$ContextAccessor.getProperty(DynamicContext.java:120)
	at org.apache.ibatis.ognl.OgnlRuntime.getProperty(OgnlRuntime.java:3233)
	at org.apache.ibatis.ognl.ASTProperty.getValueBody(ASTProperty.java:114)
	at org.apache.ibatis.ognl.SimpleNode.evaluateGetValueBody(SimpleNode.java:212)
	at org.apache.ibatis.ognl.SimpleNode.getValue(SimpleNode.java:258)
	at org.apache.ibatis.ognl.ASTNotEq.getValueBody(ASTNotEq.java:50)
	at org.apache.ibatis.ognl.SimpleNode.evaluateGetValueBody(SimpleNode.java:212)
	at org.apache.ibatis.ognl.SimpleNode.getValue(SimpleNode.java:258)
	at org.apache.ibatis.ognl.ASTAnd.getValueBody(ASTAnd.java:61)
	at org.apache.ibatis.ognl.SimpleNode.evaluateGetValueBody(SimpleNode.java:212)
	at org.apache.ibatis.ognl.SimpleNode.getValue(SimpleNode.java:258)
	at org.apache.ibatis.ognl.Ognl.getValue(Ognl.java:560)
	at org.apache.ibatis.ognl.Ognl.getValue(Ognl.java:524)
	at org.apache.ibatis.scripting.xmltags.OgnlCache.getValue(OgnlCache.java:46)
	at org.apache.ibatis.scripting.xmltags.ExpressionEvaluator.evaluateBoolean(ExpressionEvaluator.java:32)
	at org.apache.ibatis.scripting.xmltags.IfSqlNode.apply(IfSqlNode.java:34)
	at org.apache.ibatis.scripting.xmltags.MixedSqlNode.lambda$apply$0(MixedSqlNode.java:32)
	at java.util.ArrayList.forEach(ArrayList.java:1249)
	at org.apache.ibatis.scripting.xmltags.MixedSqlNode.apply(MixedSqlNode.java:32)
	at org.apache.ibatis.scripting.xmltags.DynamicSqlSource.getBoundSql(DynamicSqlSource.java:39)
	at org.apache.ibatis.mapping.MappedStatement.getBoundSql(MappedStatement.java:297)
	at org.apache.ibatis.executor.CachingExecutor.query(CachingExecutor.java:81)
	at org.apache.ibatis.session.defaults.DefaultSqlSession.selectList(DefaultSqlSession.java:147)
	at org.apache.ibatis.session.defaults.DefaultSqlSession.selectList(DefaultSqlSession.java:140)
	at sun.reflect.NativeMethodAccessorImpl.invoke0(Native Method)
	at sun.reflect.NativeMethodAccessorImpl.invoke(NativeMethodAccessorImpl.java:62)
	at sun.reflect.DelegatingMethodAccessorImpl.invoke(DelegatingMethodAccessorImpl.java:43)
	at java.lang.reflect.Method.invoke(Method.java:498)
	at org.mybatis.spring.SqlSessionTemplate$SqlSessionInterceptor.invoke(SqlSessionTemplate.java:426)
	at com.sun.proxy.$Proxy68.selectList(Unknown Source)
	at org.mybatis.spring.SqlSessionTemplate.selectList(SqlSessionTemplate.java:223)
	at org.apache.ibatis.binding.MapperMethod.executeForMany(MapperMethod.java:147)
	at org.apache.ibatis.binding.MapperMethod.execute(MapperMethod.java:80)
	at org.apache.ibatis.binding.MapperProxy$PlainMethodInvoker.invoke(MapperProxy.java:144)
	at org.apache.ibatis.binding.MapperProxy.invoke(MapperProxy.java:85)
	at com.sun.proxy.$Proxy69.selBindByDate(Unknown Source)
	at sun.reflect.NativeMethodAccessorImpl.invoke0(Native Method)
	at sun.reflect.NativeMethodAccessorImpl.invoke(NativeMethodAccessorImpl.java:62)
	at sun.reflect.DelegatingMethodAccessorImpl.invoke(DelegatingMethodAccessorImpl.java:43)
	at java.lang.reflect.Method.invoke(Method.java:498)
	at org.springframework.aop.support.AopUtils.invokeJoinpointUsingReflection(AopUtils.java:344)
	at org.springframework.aop.framework.ReflectiveMethodInvocation.invokeJoinpoint(ReflectiveMethodInvocation.java:198)
	at org.springframework.aop.framework.ReflectiveMethodInvocation.proceed(ReflectiveMethodInvocation.java:163)
	at org.springframework.dao.support.PersistenceExceptionTranslationInterceptor.invoke(PersistenceExceptionTranslationInterceptor.java:139)
	at org.springframework.aop.framework.ReflectiveMethodInvocation.proceed(ReflectiveMethodInvocation.java:186)
	at org.springframework.aop.framework.JdkDynamicAopProxy.invoke(JdkDynamicAopProxy.java:212)
	at com.sun.proxy.$Proxy70.selBindByDate(Unknown Source)
	at com.gl.gl_wechat.service.impl.WXServiceImpl.selBindByDate(WXServiceImpl.java:92)
	at com.gl.gl_wechat.service.impl.WXServiceImpl$$FastClassBySpringCGLIB$$f1040049.invoke(<generated>)
	at org.springframework.cglib.proxy.MethodProxy.invoke(MethodProxy.java:218)
	at org.springframework.aop.framework.CglibAopProxy$CglibMethodInvocation.invokeJoinpoint(CglibAopProxy.java:771)
	at org.springframework.aop.framework.ReflectiveMethodInvocation.proceed(ReflectiveMethodInvocation.java:163)
	at org.springframework.aop.framework.CglibAopProxy$CglibMethodInvocation.proceed(CglibAopProxy.java:749)
	at org.springframework.transaction.interceptor.TransactionAspectSupport.invokeWithinTransaction(TransactionAspectSupport.java:366)
	at org.springframework.transaction.interceptor.TransactionInterceptor.invoke(TransactionInterceptor.java:118)
	at org.springframework.aop.framework.ReflectiveMethodInvocation.proceed(ReflectiveMethodInvocation.java:186)
	at org.springframework.aop.framework.CglibAopProxy$CglibMethodInvocation.proceed(CglibAopProxy.java:749)
	at org.springframework.aop.framework.CglibAopProxy$DynamicAdvisedInterceptor.intercept(CglibAopProxy.java:691)
	at com.gl.gl_wechat.service.impl.WXServiceImpl$$EnhancerBySpringCGLIB$$b535f46a.selBindByDate(<generated>)
	at com.gl.gl_wechat.controller.wxController.selBindByDate(wxController.java:631)
	at sun.reflect.NativeMethodAccessorImpl.invoke0(Native Method)
	at sun.reflect.NativeMethodAccessorImpl.invoke(NativeMethodAccessorImpl.java:62)
	at sun.reflect.DelegatingMethodAccessorImpl.invoke(DelegatingMethodAccessorImpl.java:43)
	at java.lang.reflect.Method.invoke(Method.java:498)
	at org.springframework.web.method.support.InvocableHandlerMethod.doInvoke(InvocableHandlerMethod.java:190)
	at org.springframework.web.method.support.InvocableHandlerMethod.invokeForRequest(InvocableHandlerMethod.java:138)
	at org.springframework.web.servlet.mvc.method.annotation.ServletInvocableHandlerMethod.invokeAndHandle(ServletInvocableHandlerMethod.java:105)
	at org.springframework.web.servlet.mvc.method.annotation.RequestMappingHandlerAdapter.invokeHandlerMethod(RequestMappingHandlerAdapter.java:879)
	at org.springframework.web.servlet.mvc.method.annotation.RequestMappingHandlerAdapter.handleInternal(RequestMappingHandlerAdapter.java:793)
	at org.springframework.web.servlet.mvc.method.AbstractHandlerMethodAdapter.handle(AbstractHandlerMethodAdapter.java:87)
	at org.springframework.web.servlet.DispatcherServlet.doDispatch(DispatcherServlet.java:1040)
	at org.springframework.web.servlet.DispatcherServlet.doService(DispatcherServlet.java:943)
	at org.springframework.web.servlet.FrameworkServlet.processRequest(FrameworkServlet.java:1006)
	at org.springframework.web.servlet.FrameworkServlet.doPost(FrameworkServlet.java:909)
	at javax.servlet.http.HttpServlet.service(HttpServlet.java:660)
	at org.springframework.web.servlet.FrameworkServlet.service(FrameworkServlet.java:883)
	at javax.servlet.http.HttpServlet.service(HttpServlet.java:741)
	at org.apache.catalina.core.ApplicationFilterChain.internalDoFilter(ApplicationFilterChain.java:231)
	at org.apache.catalina.core.ApplicationFilterChain.doFilter(ApplicationFilterChain.java:166)
	at org.apache.tomcat.websocket.server.WsFilter.doFilter(WsFilter.java:53)
	at org.apache.catalina.core.ApplicationFilterChain.internalDoFilter(ApplicationFilterChain.java:193)
	at org.apache.catalina.core.ApplicationFilterChain.doFilter(ApplicationFilterChain.java:166)
	at org.springframework.web.filter.RequestContextFilter.doFilterInternal(RequestContextFilter.java:100)
	at org.springframework.web.filter.OncePerRequestFilter.doFilter(OncePerRequestFilter.java:119)
	at org.apache.catalina.core.ApplicationFilterChain.internalDoFilter(ApplicationFilterChain.java:193)
	at org.apache.catalina.core.ApplicationFilterChain.doFilter(ApplicationFilterChain.java:166)
	at org.springframework.web.filter.FormContentFilter.doFilterInternal(FormContentFilter.java:93)
	at org.springframework.web.filter.OncePerRequestFilter.doFilter(OncePerRequestFilter.java:119)
	at org.apache.catalina.core.ApplicationFilterChain.internalDoFilter(ApplicationFilterChain.java:193)
	at org.apache.catalina.core.ApplicationFilterChain.doFilter(ApplicationFilterChain.java:166)
	at org.springframework.web.filter.CharacterEncodingFilter.doFilterInternal(CharacterEncodingFilter.java:201)
	at org.springframework.web.filter.OncePerRequestFilter.doFilter(OncePerRequestFilter.java:119)
	at org.apache.catalina.core.ApplicationFilterChain.internalDoFilter(ApplicationFilterChain.java:193)
	at org.apache.catalina.core.ApplicationFilterChain.doFilter(ApplicationFilterChain.java:166)
	at org.apache.catalina.core.StandardWrapperValve.invoke(StandardWrapperValve.java:202)
	at org.apache.catalina.core.StandardContextValve.invoke(StandardContextValve.java:96)
	at org.apache.catalina.authenticator.AuthenticatorBase.invoke(AuthenticatorBase.java:541)
	at org.apache.catalina.core.StandardHostValve.invoke(StandardHostValve.java:139)
	at org.apache.catalina.valves.ErrorReportValve.invoke(ErrorReportValve.java:92)
	at org.apache.catalina.core.StandardEngineValve.invoke(StandardEngineValve.java:74)
	at org.apache.catalina.connector.CoyoteAdapter.service(CoyoteAdapter.java:343)
	at org.apache.coyote.http11.Http11Processor.service(Http11Processor.java:373)
	at org.apache.coyote.AbstractProcessorLight.process(AbstractProcessorLight.java:65)
	at org.apache.coyote.AbstractProtocol$ConnectionHandler.process(AbstractProtocol.java:868)
	at org.apache.tomcat.util.net.NioEndpoint$SocketProcessor.doRun(NioEndpoint.java:1594)
	at org.apache.tomcat.util.net.SocketProcessorBase.run(SocketProcessorBase.java:49)
	at java.util.concurrent.ThreadPoolExecutor.runWorker(ThreadPoolExecutor.java:1142)
	at java.util.concurrent.ThreadPoolExecutor$Worker.run(ThreadPoolExecutor.java:617)
	at org.apache.tomcat.util.threads.TaskThread$WrappingRunnable.run(TaskThread.java:61)
	at java.lang.Thread.run(Thread.java:748)
2020/07/02-11:05:55 [main] INFO  com.gl.gl_wechat.GlWechatApplication- Starting GlWechatApplication on LAPTOP-UFUB5A9M with PID 12892 (C:\workSoft\ideaWorkSpace\gl_wechat\target\classes started by zhaoCong in C:\workSoft\ideaWorkSpace\gl_wechat)
2020/07/02-11:05:55 [main] INFO  com.gl.gl_wechat.GlWechatApplication- The following profiles are active: dev
2020/07/02-11:05:56 [main] INFO  org.springframework.boot.web.embedded.tomcat.TomcatWebServer- Tomcat initialized with port(s): 8890 (http)
2020/07/02-11:05:56 [main] INFO  org.apache.coyote.http11.Http11NioProtocol- Initializing ProtocolHandler ["http-nio-8890"]
2020/07/02-11:05:56 [main] INFO  org.apache.catalina.core.StandardService- Starting service [Tomcat]
2020/07/02-11:05:56 [main] INFO  org.apache.catalina.core.StandardEngine- Starting Servlet engine: [Apache Tomcat/9.0.33]
2020/07/02-11:05:56 [main] INFO  org.apache.catalina.core.AprLifecycleListener- An older version [1.2.21] of the APR based Apache Tomcat Native library is installed, while Tomcat recommends a minimum version of [1.2.23]
2020/07/02-11:05:56 [main] INFO  org.apache.catalina.core.AprLifecycleListener- Loaded APR based Apache Tomcat Native library [1.2.21] using APR version [1.6.5].
2020/07/02-11:05:56 [main] INFO  org.apache.catalina.core.AprLifecycleListener- APR capabilities: IPv6 [true], sendfile [true], accept filters [false], random [true].
2020/07/02-11:05:56 [main] INFO  org.apache.catalina.core.AprLifecycleListener- APR/OpenSSL configuration: useAprConnector [false], useOpenSSL [true]
2020/07/02-11:05:56 [main] INFO  org.apache.catalina.core.AprLifecycleListener- OpenSSL successfully initialized [OpenSSL 1.1.1a  20 Nov 2018]
2020/07/02-11:05:56 [main] INFO  org.apache.catalina.core.ContainerBase.[Tomcat].[localhost].[/]- Initializing Spring embedded WebApplicationContext
2020/07/02-11:05:56 [main] INFO  org.springframework.web.context.ContextLoader- Root WebApplicationContext: initialization completed in 742 ms
2020/07/02-11:05:56 [main] INFO  org.springframework.scheduling.concurrent.ThreadPoolTaskExecutor- Initializing ExecutorService 'applicationTaskExecutor'
2020/07/02-11:05:56 [main] INFO  org.apache.coyote.http11.Http11NioProtocol- Starting ProtocolHandler ["http-nio-8890"]
2020/07/02-11:05:56 [main] INFO  org.springframework.boot.web.embedded.tomcat.TomcatWebServer- Tomcat started on port(s): 8890 (http) with context path ''
2020/07/02-11:05:56 [main] INFO  com.gl.gl_wechat.GlWechatApplication- Started GlWechatApplication in 1.53 seconds (JVM running for 2.569)
2020/07/02-11:05:59 [http-nio-8890-exec-1] INFO  org.apache.catalina.core.ContainerBase.[Tomcat].[localhost].[/]- Initializing Spring DispatcherServlet 'dispatcherServlet'
2020/07/02-11:05:59 [http-nio-8890-exec-1] INFO  org.springframework.web.servlet.DispatcherServlet- Initializing Servlet 'dispatcherServlet'
2020/07/02-11:05:59 [http-nio-8890-exec-1] INFO  org.springframework.web.servlet.DispatcherServlet- Completed initialization in 4 ms
2020/07/02-11:05:59 [http-nio-8890-exec-1] INFO  com.zaxxer.hikari.HikariDataSource- HikariPool-1 - Starting...
2020/07/02-11:06:00 [http-nio-8890-exec-1] INFO  com.zaxxer.hikari.HikariDataSource- HikariPool-1 - Start completed.
2020/07/02-11:06:00 [http-nio-8890-exec-1] DEBUG com.gl.gl_wechat.dao.WXDao.selectSuperAdmin- ==>  Preparing: SELECT 1 from superadmin WHERE phone = ? 
2020/07/02-11:06:00 [http-nio-8890-exec-1] DEBUG com.gl.gl_wechat.dao.WXDao.selectSuperAdmin- ==> Parameters: 15751778894(String)
2020/07/02-11:06:00 [http-nio-8890-exec-1] DEBUG com.gl.gl_wechat.dao.WXDao.selectSuperAdmin- <==      Total: 0
2020/07/02-11:06:00 [http-nio-8890-exec-1] DEBUG com.gl.gl_wechat.dao.WXDao.selBindByDate- ==>  Preparing: SELECT productName, model, NO, bindDate, bindLatLongitude, cardNo, ID, deviceNO, manufacturer, phone, bindAddress FROM bind WHERE STATUS = '1' AND phone IN ( SELECT DISTINCT phone FROM admin WHERE company = ( SELECT company FROM admin WHERE phone = ? ) ) and bindDate >= ? and bindDate <= ? ORDER BY deviceNO limit ?,? 
2020/07/02-11:06:00 [http-nio-8890-exec-1] DEBUG com.gl.gl_wechat.dao.WXDao.selBindByDate- ==> Parameters: 15751778894(String), 2020-04-08 09:31:30(String), 2020-04-09 09:31:30(String), 0(Integer), 10(Integer)
2020/07/02-11:06:00 [http-nio-8890-exec-1] DEBUG com.gl.gl_wechat.dao.WXDao.selBindByDate- <==      Total: 5
2020/07/02-16:02:56 [main] INFO  com.gl.gl_wechat.GlWechatApplication- Starting GlWechatApplication on LAPTOP-UFUB5A9M with PID 17272 (C:\workSoft\ideaWorkSpace\gl_wechat\target\classes started by zhaoCong in C:\workSoft\ideaWorkSpace\gl_wechat)
2020/07/02-16:02:56 [main] INFO  com.gl.gl_wechat.GlWechatApplication- The following profiles are active: dev
2020/07/02-16:02:57 [main] INFO  org.springframework.boot.web.embedded.tomcat.TomcatWebServer- Tomcat initialized with port(s): 8890 (http)
2020/07/02-16:02:57 [main] INFO  org.apache.coyote.http11.Http11NioProtocol- Initializing ProtocolHandler ["http-nio-8890"]
2020/07/02-16:02:57 [main] INFO  org.apache.catalina.core.StandardService- Starting service [Tomcat]
2020/07/02-16:02:57 [main] INFO  org.apache.catalina.core.StandardEngine- Starting Servlet engine: [Apache Tomcat/9.0.33]
2020/07/02-16:02:57 [main] INFO  org.apache.catalina.core.AprLifecycleListener- An older version [1.2.21] of the APR based Apache Tomcat Native library is installed, while Tomcat recommends a minimum version of [1.2.23]
2020/07/02-16:02:57 [main] INFO  org.apache.catalina.core.AprLifecycleListener- Loaded APR based Apache Tomcat Native library [1.2.21] using APR version [1.6.5].
2020/07/02-16:02:57 [main] INFO  org.apache.catalina.core.AprLifecycleListener- APR capabilities: IPv6 [true], sendfile [true], accept filters [false], random [true].
2020/07/02-16:02:57 [main] INFO  org.apache.catalina.core.AprLifecycleListener- APR/OpenSSL configuration: useAprConnector [false], useOpenSSL [true]
2020/07/02-16:02:57 [main] INFO  org.apache.catalina.core.AprLifecycleListener- OpenSSL successfully initialized [OpenSSL 1.1.1a  20 Nov 2018]
2020/07/02-16:02:57 [main] INFO  org.apache.catalina.core.ContainerBase.[Tomcat].[localhost].[/]- Initializing Spring embedded WebApplicationContext
2020/07/02-16:02:57 [main] INFO  org.springframework.web.context.ContextLoader- Root WebApplicationContext: initialization completed in 817 ms
2020/07/02-16:02:57 [main] INFO  org.springframework.scheduling.concurrent.ThreadPoolTaskExecutor- Initializing ExecutorService 'applicationTaskExecutor'
2020/07/02-16:02:57 [main] INFO  org.apache.coyote.http11.Http11NioProtocol- Starting ProtocolHandler ["http-nio-8890"]
2020/07/02-16:02:57 [main] INFO  org.springframework.boot.web.embedded.tomcat.TomcatWebServer- Tomcat started on port(s): 8890 (http) with context path ''
2020/07/02-16:02:57 [main] INFO  com.gl.gl_wechat.GlWechatApplication- Started GlWechatApplication in 1.663 seconds (JVM running for 2.716)
2020/07/02-16:14:36 [main] INFO  com.gl.gl_wechat.GlWechatApplication- Starting GlWechatApplication on LAPTOP-UFUB5A9M with PID 10868 (C:\workSoft\ideaWorkSpace\gl_wechat\target\classes started by zhaoCong in C:\workSoft\ideaWorkSpace\gl_wechat)
2020/07/02-16:14:36 [main] INFO  com.gl.gl_wechat.GlWechatApplication- The following profiles are active: dev
2020/07/02-16:14:37 [main] INFO  org.springframework.boot.web.embedded.tomcat.TomcatWebServer- Tomcat initialized with port(s): 8890 (http)
2020/07/02-16:14:37 [main] INFO  org.apache.coyote.http11.Http11NioProtocol- Initializing ProtocolHandler ["http-nio-8890"]
2020/07/02-16:14:37 [main] INFO  org.apache.catalina.core.StandardService- Starting service [Tomcat]
2020/07/02-16:14:37 [main] INFO  org.apache.catalina.core.StandardEngine- Starting Servlet engine: [Apache Tomcat/9.0.33]
2020/07/02-16:14:37 [main] INFO  org.apache.catalina.core.AprLifecycleListener- An older version [1.2.21] of the APR based Apache Tomcat Native library is installed, while Tomcat recommends a minimum version of [1.2.23]
2020/07/02-16:14:37 [main] INFO  org.apache.catalina.core.AprLifecycleListener- Loaded APR based Apache Tomcat Native library [1.2.21] using APR version [1.6.5].
2020/07/02-16:14:37 [main] INFO  org.apache.catalina.core.AprLifecycleListener- APR capabilities: IPv6 [true], sendfile [true], accept filters [false], random [true].
2020/07/02-16:14:37 [main] INFO  org.apache.catalina.core.AprLifecycleListener- APR/OpenSSL configuration: useAprConnector [false], useOpenSSL [true]
2020/07/02-16:14:37 [main] INFO  org.apache.catalina.core.AprLifecycleListener- OpenSSL successfully initialized [OpenSSL 1.1.1a  20 Nov 2018]
2020/07/02-16:14:37 [main] INFO  org.apache.catalina.core.ContainerBase.[Tomcat].[localhost].[/]- Initializing Spring embedded WebApplicationContext
2020/07/02-16:14:37 [main] INFO  org.springframework.web.context.ContextLoader- Root WebApplicationContext: initialization completed in 767 ms
2020/07/02-16:14:37 [main] INFO  org.springframework.scheduling.concurrent.ThreadPoolTaskExecutor- Initializing ExecutorService 'applicationTaskExecutor'
2020/07/02-16:14:37 [main] INFO  org.apache.coyote.http11.Http11NioProtocol- Starting ProtocolHandler ["http-nio-8890"]
2020/07/02-16:14:37 [main] INFO  org.springframework.boot.web.embedded.tomcat.TomcatWebServer- Tomcat started on port(s): 8890 (http) with context path ''
2020/07/02-16:14:37 [main] INFO  com.gl.gl_wechat.GlWechatApplication- Started GlWechatApplication in 1.553 seconds (JVM running for 2.616)
2020/07/02-16:15:10 [http-nio-8890-exec-1] INFO  org.apache.catalina.core.ContainerBase.[Tomcat].[localhost].[/]- Initializing Spring DispatcherServlet 'dispatcherServlet'
2020/07/02-16:15:10 [http-nio-8890-exec-1] INFO  org.springframework.web.servlet.DispatcherServlet- Initializing Servlet 'dispatcherServlet'
2020/07/02-16:15:10 [http-nio-8890-exec-1] INFO  org.springframework.web.servlet.DispatcherServlet- Completed initialization in 4 ms
2020/07/02-16:15:11 [http-nio-8890-exec-1] INFO  com.zaxxer.hikari.HikariDataSource- HikariPool-1 - Starting...
2020/07/02-16:15:11 [http-nio-8890-exec-1] INFO  com.zaxxer.hikari.HikariDataSource- HikariPool-1 - Start completed.
2020/07/02-16:15:11 [http-nio-8890-exec-1] DEBUG com.gl.gl_wechat.dao.WXDao.selectAdmin- ==>  Preparing: SELECT 1 FROM ( SELECT phone FROM admin UNION SELECT phone FROM superadmin ) a WHERE a.phone = ? 
2020/07/02-16:15:11 [http-nio-8890-exec-1] DEBUG com.gl.gl_wechat.dao.WXDao.selectAdmin- ==> Parameters: 15751778894(String)
2020/07/02-16:15:11 [http-nio-8890-exec-1] DEBUG com.gl.gl_wechat.dao.WXDao.selectAdmin- <==      Total: 1
2020/07/02-16:15:11 [http-nio-8890-exec-1] DEBUG com.gl.gl_wechat.dao.WXDao.selBindDevice- ==>  Preparing: SELECT 1 FROM bind WHERE STATUS = '1' AND NO = ? AND cardNo = ? 
2020/07/02-16:15:11 [http-nio-8890-exec-1] DEBUG com.gl.gl_wechat.dao.WXDao.selBindDevice- ==> Parameters: c23qeqw(String), (String)
2020/07/02-16:15:11 [http-nio-8890-exec-1] DEBUG com.gl.gl_wechat.dao.WXDao.selBindDevice- <==      Total: 0
2020/07/02-16:18:35 [main] INFO  com.gl.gl_wechat.GlWechatApplication- Starting GlWechatApplication on LAPTOP-UFUB5A9M with PID 7652 (C:\workSoft\ideaWorkSpace\gl_wechat\target\classes started by zhaoCong in C:\workSoft\ideaWorkSpace\gl_wechat)
2020/07/02-16:18:35 [main] INFO  com.gl.gl_wechat.GlWechatApplication- The following profiles are active: dev
2020/07/02-16:18:36 [main] INFO  org.springframework.boot.web.embedded.tomcat.TomcatWebServer- Tomcat initialized with port(s): 8890 (http)
2020/07/02-16:18:36 [main] INFO  org.apache.coyote.http11.Http11NioProtocol- Initializing ProtocolHandler ["http-nio-8890"]
2020/07/02-16:18:36 [main] INFO  org.apache.catalina.core.StandardService- Starting service [Tomcat]
2020/07/02-16:18:36 [main] INFO  org.apache.catalina.core.StandardEngine- Starting Servlet engine: [Apache Tomcat/9.0.33]
2020/07/02-16:18:36 [main] INFO  org.apache.catalina.core.AprLifecycleListener- An older version [1.2.21] of the APR based Apache Tomcat Native library is installed, while Tomcat recommends a minimum version of [1.2.23]
2020/07/02-16:18:36 [main] INFO  org.apache.catalina.core.AprLifecycleListener- Loaded APR based Apache Tomcat Native library [1.2.21] using APR version [1.6.5].
2020/07/02-16:18:36 [main] INFO  org.apache.catalina.core.AprLifecycleListener- APR capabilities: IPv6 [true], sendfile [true], accept filters [false], random [true].
2020/07/02-16:18:36 [main] INFO  org.apache.catalina.core.AprLifecycleListener- APR/OpenSSL configuration: useAprConnector [false], useOpenSSL [true]
2020/07/02-16:18:36 [main] INFO  org.apache.catalina.core.AprLifecycleListener- OpenSSL successfully initialized [OpenSSL 1.1.1a  20 Nov 2018]
2020/07/02-16:18:36 [main] INFO  org.apache.catalina.core.ContainerBase.[Tomcat].[localhost].[/]- Initializing Spring embedded WebApplicationContext
2020/07/02-16:18:36 [main] INFO  org.springframework.web.context.ContextLoader- Root WebApplicationContext: initialization completed in 727 ms
2020/07/02-16:18:36 [main] INFO  org.springframework.scheduling.concurrent.ThreadPoolTaskExecutor- Initializing ExecutorService 'applicationTaskExecutor'
2020/07/02-16:18:36 [main] INFO  org.apache.coyote.http11.Http11NioProtocol- Starting ProtocolHandler ["http-nio-8890"]
2020/07/02-16:18:36 [main] INFO  org.springframework.boot.web.embedded.tomcat.TomcatWebServer- Tomcat started on port(s): 8890 (http) with context path ''
2020/07/02-16:18:36 [main] INFO  com.gl.gl_wechat.GlWechatApplication- Started GlWechatApplication in 1.518 seconds (JVM running for 2.539)
2020/07/02-16:18:43 [http-nio-8890-exec-1] INFO  org.apache.catalina.core.ContainerBase.[Tomcat].[localhost].[/]- Initializing Spring DispatcherServlet 'dispatcherServlet'
2020/07/02-16:18:43 [http-nio-8890-exec-1] INFO  org.springframework.web.servlet.DispatcherServlet- Initializing Servlet 'dispatcherServlet'
2020/07/02-16:18:43 [http-nio-8890-exec-1] INFO  org.springframework.web.servlet.DispatcherServlet- Completed initialization in 4 ms
2020/07/02-16:18:43 [http-nio-8890-exec-1] INFO  com.zaxxer.hikari.HikariDataSource- HikariPool-1 - Starting...
2020/07/02-16:18:43 [http-nio-8890-exec-1] INFO  com.zaxxer.hikari.HikariDataSource- HikariPool-1 - Start completed.
2020/07/02-16:18:44 [http-nio-8890-exec-1] DEBUG com.gl.gl_wechat.dao.WXDao.selectAdmin- ==>  Preparing: SELECT 1 FROM ( SELECT phone FROM admin UNION SELECT phone FROM superadmin ) a WHERE a.phone = ? 
2020/07/02-16:18:44 [http-nio-8890-exec-1] DEBUG com.gl.gl_wechat.dao.WXDao.selectAdmin- ==> Parameters: 15751778894(String)
2020/07/02-16:18:44 [http-nio-8890-exec-1] DEBUG com.gl.gl_wechat.dao.WXDao.selectAdmin- <==      Total: 1
2020/07/02-16:18:44 [http-nio-8890-exec-1] DEBUG com.gl.gl_wechat.dao.WXDao.selBindDevice- ==>  Preparing: SELECT 1 FROM bind WHERE STATUS = '1' AND NO = ? 
2020/07/02-16:18:44 [http-nio-8890-exec-1] DEBUG com.gl.gl_wechat.dao.WXDao.selBindDevice- ==> Parameters: c23qeqw(String)
2020/07/02-16:18:44 [http-nio-8890-exec-1] DEBUG com.gl.gl_wechat.dao.WXDao.selBindDevice- <==      Total: 1
2020/07/02-16:18:48 [http-nio-8890-exec-2] DEBUG com.gl.gl_wechat.dao.WXDao.selectAdmin- ==>  Preparing: SELECT 1 FROM ( SELECT phone FROM admin UNION SELECT phone FROM superadmin ) a WHERE a.phone = ? 
2020/07/02-16:18:48 [http-nio-8890-exec-2] DEBUG com.gl.gl_wechat.dao.WXDao.selectAdmin- ==> Parameters: 15751778894(String)
2020/07/02-16:18:48 [http-nio-8890-exec-2] DEBUG com.gl.gl_wechat.dao.WXDao.selectAdmin- <==      Total: 1
2020/07/02-16:18:48 [http-nio-8890-exec-2] DEBUG com.gl.gl_wechat.dao.WXDao.selBindDevice- ==>  Preparing: SELECT 1 FROM bind WHERE STATUS = '1' AND NO = ? 
2020/07/02-16:18:48 [http-nio-8890-exec-2] DEBUG com.gl.gl_wechat.dao.WXDao.selBindDevice- ==> Parameters: c23qeqw1(String)
2020/07/02-16:18:48 [http-nio-8890-exec-2] DEBUG com.gl.gl_wechat.dao.WXDao.selBindDevice- <==      Total: 0
2020/07/02-16:19:12 [http-nio-8890-exec-3] DEBUG com.gl.gl_wechat.dao.WXDao.selectAdmin- ==>  Preparing: SELECT 1 FROM ( SELECT phone FROM admin UNION SELECT phone FROM superadmin ) a WHERE a.phone = ? 
2020/07/02-16:19:12 [http-nio-8890-exec-3] DEBUG com.gl.gl_wechat.dao.WXDao.selectAdmin- ==> Parameters: 15751778894(String)
2020/07/02-16:19:12 [http-nio-8890-exec-3] DEBUG com.gl.gl_wechat.dao.WXDao.selectAdmin- <==      Total: 1
2020/07/02-16:19:12 [http-nio-8890-exec-3] DEBUG com.gl.gl_wechat.dao.WXDao.selBindDevice- ==>  Preparing: SELECT 1 FROM bind WHERE STATUS = '1' AND cardNo = ? 
2020/07/02-16:19:12 [http-nio-8890-exec-3] DEBUG com.gl.gl_wechat.dao.WXDao.selBindDevice- ==> Parameters: 1111111111(String)
2020/07/02-16:19:12 [http-nio-8890-exec-3] DEBUG com.gl.gl_wechat.dao.WXDao.selBindDevice- <==      Total: 1
2020/07/02-16:19:15 [http-nio-8890-exec-7] DEBUG com.gl.gl_wechat.dao.WXDao.selectAdmin- ==>  Preparing: SELECT 1 FROM ( SELECT phone FROM admin UNION SELECT phone FROM superadmin ) a WHERE a.phone = ? 
2020/07/02-16:19:15 [http-nio-8890-exec-7] DEBUG com.gl.gl_wechat.dao.WXDao.selectAdmin- ==> Parameters: 15751778894(String)
2020/07/02-16:19:15 [http-nio-8890-exec-7] DEBUG com.gl.gl_wechat.dao.WXDao.selectAdmin- <==      Total: 1
2020/07/02-16:19:15 [http-nio-8890-exec-7] DEBUG com.gl.gl_wechat.dao.WXDao.selBindDevice- ==>  Preparing: SELECT 1 FROM bind WHERE STATUS = '1' AND cardNo = ? 
2020/07/02-16:19:15 [http-nio-8890-exec-7] DEBUG com.gl.gl_wechat.dao.WXDao.selBindDevice- ==> Parameters: 11111111111(String)
2020/07/02-16:19:15 [http-nio-8890-exec-7] DEBUG com.gl.gl_wechat.dao.WXDao.selBindDevice- <==      Total: 0
2020/07/02-17:17:15 [main] INFO  com.gl.gl_wechat.GlWechatApplication- Starting GlWechatApplication on LAPTOP-UFUB5A9M with PID 10724 (C:\workSoft\ideaWorkSpace\gl_wechat\target\classes started by zhaoCong in C:\workSoft\ideaWorkSpace\gl_wechat)
2020/07/02-17:17:15 [main] INFO  com.gl.gl_wechat.GlWechatApplication- The following profiles are active: dev
2020/07/02-17:17:16 [main] INFO  org.springframework.boot.web.embedded.tomcat.TomcatWebServer- Tomcat initialized with port(s): 8890 (http)
2020/07/02-17:17:16 [main] INFO  org.apache.coyote.http11.Http11NioProtocol- Initializing ProtocolHandler ["http-nio-8890"]
2020/07/02-17:17:16 [main] INFO  org.apache.catalina.core.StandardService- Starting service [Tomcat]
2020/07/02-17:17:16 [main] INFO  org.apache.catalina.core.StandardEngine- Starting Servlet engine: [Apache Tomcat/9.0.33]
2020/07/02-17:17:16 [main] INFO  org.apache.catalina.core.AprLifecycleListener- An older version [1.2.21] of the APR based Apache Tomcat Native library is installed, while Tomcat recommends a minimum version of [1.2.23]
2020/07/02-17:17:16 [main] INFO  org.apache.catalina.core.AprLifecycleListener- Loaded APR based Apache Tomcat Native library [1.2.21] using APR version [1.6.5].
2020/07/02-17:17:16 [main] INFO  org.apache.catalina.core.AprLifecycleListener- APR capabilities: IPv6 [true], sendfile [true], accept filters [false], random [true].
2020/07/02-17:17:16 [main] INFO  org.apache.catalina.core.AprLifecycleListener- APR/OpenSSL configuration: useAprConnector [false], useOpenSSL [true]
2020/07/02-17:17:16 [main] INFO  org.apache.catalina.core.AprLifecycleListener- OpenSSL successfully initialized [OpenSSL 1.1.1a  20 Nov 2018]
2020/07/02-17:17:16 [main] INFO  org.apache.catalina.core.ContainerBase.[Tomcat].[localhost].[/]- Initializing Spring embedded WebApplicationContext
2020/07/02-17:17:16 [main] INFO  org.springframework.web.context.ContextLoader- Root WebApplicationContext: initialization completed in 791 ms
2020/07/02-17:17:16 [main] INFO  org.springframework.scheduling.concurrent.ThreadPoolTaskExecutor- Initializing ExecutorService 'applicationTaskExecutor'
2020/07/02-17:17:16 [main] INFO  org.apache.coyote.http11.Http11NioProtocol- Starting ProtocolHandler ["http-nio-8890"]
2020/07/02-17:17:16 [main] INFO  org.springframework.boot.web.embedded.tomcat.TomcatWebServer- Tomcat started on port(s): 8890 (http) with context path ''
2020/07/02-17:17:16 [main] INFO  com.gl.gl_wechat.GlWechatApplication- Started GlWechatApplication in 1.601 seconds (JVM running for 2.641)
2020/07/02-17:17:23 [http-nio-8890-exec-1] INFO  org.apache.catalina.core.ContainerBase.[Tomcat].[localhost].[/]- Initializing Spring DispatcherServlet 'dispatcherServlet'
2020/07/02-17:17:23 [http-nio-8890-exec-1] INFO  org.springframework.web.servlet.DispatcherServlet- Initializing Servlet 'dispatcherServlet'
2020/07/02-17:17:23 [http-nio-8890-exec-1] INFO  org.springframework.web.servlet.DispatcherServlet- Completed initialization in 4 ms
2020/07/02-17:17:24 [http-nio-8890-exec-1] INFO  com.zaxxer.hikari.HikariDataSource- HikariPool-1 - Starting...
2020/07/02-17:17:24 [http-nio-8890-exec-1] INFO  com.zaxxer.hikari.HikariDataSource- HikariPool-1 - Start completed.
2020/07/02-17:17:24 [http-nio-8890-exec-1] DEBUG com.gl.gl_wechat.dao.WXDao.selectAdmin- ==>  Preparing: SELECT 1 FROM ( SELECT phone FROM admin UNION SELECT phone FROM superadmin ) a WHERE a.phone = ? 
2020/07/02-17:17:24 [http-nio-8890-exec-1] DEBUG com.gl.gl_wechat.dao.WXDao.selectAdmin- ==> Parameters: 15751776801(String)
2020/07/02-17:17:24 [http-nio-8890-exec-1] DEBUG com.gl.gl_wechat.dao.WXDao.selectAdmin- <==      Total: 1
2020/07/02-17:17:24 [http-nio-8890-exec-1] DEBUG com.gl.gl_wechat.dao.WXDao.selBindDevice- ==>  Preparing: SELECT 1 FROM bind WHERE STATUS = '1' AND NO = ? AND cardNo = ? 
2020/07/02-17:17:24 [http-nio-8890-exec-1] DEBUG com.gl.gl_wechat.dao.WXDao.selBindDevice- ==> Parameters: c23qeqw(String), 1111111111(String)
2020/07/02-17:17:24 [http-nio-8890-exec-1] DEBUG com.gl.gl_wechat.dao.WXDao.selBindDevice- <==      Total: 1
2020/07/02-17:17:24 [http-nio-8890-exec-1] DEBUG com.gl.gl_wechat.dao.WXDao.unBind- ==>  Preparing: UPDATE bind SET STATUS = '0' WHERE NO = ? AND cardNo = ? 
2020/07/02-17:17:24 [http-nio-8890-exec-1] DEBUG com.gl.gl_wechat.dao.WXDao.unBind- ==> Parameters: c23qeqw(String), 1111111111(String)
2020/07/02-17:17:24 [http-nio-8890-exec-1] DEBUG com.gl.gl_wechat.dao.WXDao.unBind- <==    Updates: 4
2020/07/02-17:17:33 [http-nio-8890-exec-2] DEBUG com.gl.gl_wechat.dao.WXDao.selectAdmin- ==>  Preparing: SELECT 1 FROM ( SELECT phone FROM admin UNION SELECT phone FROM superadmin ) a WHERE a.phone = ? 
2020/07/02-17:17:33 [http-nio-8890-exec-2] DEBUG com.gl.gl_wechat.dao.WXDao.selectAdmin- ==> Parameters: 15751776801(String)
2020/07/02-17:17:33 [http-nio-8890-exec-2] DEBUG com.gl.gl_wechat.dao.WXDao.selectAdmin- <==      Total: 1
2020/07/02-17:17:33 [http-nio-8890-exec-2] DEBUG com.gl.gl_wechat.dao.WXDao.selBindDevice- ==>  Preparing: SELECT 1 FROM bind WHERE STATUS = '1' AND NO = ? AND cardNo = ? 
2020/07/02-17:17:33 [http-nio-8890-exec-2] DEBUG com.gl.gl_wechat.dao.WXDao.selBindDevice- ==> Parameters: c23qeqw(String), 1111111111(String)
2020/07/02-17:17:33 [http-nio-8890-exec-2] DEBUG com.gl.gl_wechat.dao.WXDao.selBindDevice- <==      Total: 0
2020/07/02-17:17:33 [http-nio-8890-exec-2] DEBUG com.gl.gl_wechat.dao.WXDao.bindDevice- ==>  Preparing: INSERT INTO bind ( STATUS, phone, productName, model, NO, bindDate, bindLatLongitude, bindAddress, cardNo, manufacturer, deviceNO, ID, NOPicture, cardNoPicture) VALUES ( '1', ?, ?, ?, ?, ?, ?, ?, ?, ?, ?, ?, ?, ? ) 
2020/07/02-17:17:33 [http-nio-8890-exec-2] DEBUG com.gl.gl_wechat.dao.WXDao.bindDevice- ==> Parameters: 15751776801(String), qwew(String), sadqe(String), c23qeqw(String), 2020-04-03 13:40:45(String), 424.232(String), 12123135bvj(String), 1111111111(String), ads(String), asd(String), ads(String), C:/GL_WECHAT/gl/images/c23qeqw.jpg(String), C:/GL_WECHAT/gl/images/1111111111.jpg(String)
2020/07/02-17:17:33 [http-nio-8890-exec-2] DEBUG com.gl.gl_wechat.dao.WXDao.bindDevice- <==    Updates: 1
2020/07/02-17:20:59 [main] INFO  com.gl.gl_wechat.GlWechatApplication- Starting GlWechatApplication on LAPTOP-UFUB5A9M with PID 2184 (C:\workSoft\ideaWorkSpace\gl_wechat\target\classes started by zhaoCong in C:\workSoft\ideaWorkSpace\gl_wechat)
2020/07/02-17:20:59 [main] INFO  com.gl.gl_wechat.GlWechatApplication- The following profiles are active: dev
2020/07/02-17:20:59 [main] INFO  org.springframework.boot.web.embedded.tomcat.TomcatWebServer- Tomcat initialized with port(s): 8890 (http)
2020/07/02-17:20:59 [main] INFO  org.apache.coyote.http11.Http11NioProtocol- Initializing ProtocolHandler ["http-nio-8890"]
2020/07/02-17:20:59 [main] INFO  org.apache.catalina.core.StandardService- Starting service [Tomcat]
2020/07/02-17:20:59 [main] INFO  org.apache.catalina.core.StandardEngine- Starting Servlet engine: [Apache Tomcat/9.0.33]
2020/07/02-17:20:59 [main] INFO  org.apache.catalina.core.AprLifecycleListener- An older version [1.2.21] of the APR based Apache Tomcat Native library is installed, while Tomcat recommends a minimum version of [1.2.23]
2020/07/02-17:20:59 [main] INFO  org.apache.catalina.core.AprLifecycleListener- Loaded APR based Apache Tomcat Native library [1.2.21] using APR version [1.6.5].
2020/07/02-17:20:59 [main] INFO  org.apache.catalina.core.AprLifecycleListener- APR capabilities: IPv6 [true], sendfile [true], accept filters [false], random [true].
2020/07/02-17:20:59 [main] INFO  org.apache.catalina.core.AprLifecycleListener- APR/OpenSSL configuration: useAprConnector [false], useOpenSSL [true]
2020/07/02-17:20:59 [main] INFO  org.apache.catalina.core.AprLifecycleListener- OpenSSL successfully initialized [OpenSSL 1.1.1a  20 Nov 2018]
2020/07/02-17:20:59 [main] INFO  org.apache.catalina.core.ContainerBase.[Tomcat].[localhost].[/]- Initializing Spring embedded WebApplicationContext
2020/07/02-17:20:59 [main] INFO  org.springframework.web.context.ContextLoader- Root WebApplicationContext: initialization completed in 842 ms
2020/07/02-17:21:00 [main] INFO  org.springframework.scheduling.concurrent.ThreadPoolTaskExecutor- Initializing ExecutorService 'applicationTaskExecutor'
2020/07/02-17:21:00 [main] INFO  org.apache.coyote.http11.Http11NioProtocol- Starting ProtocolHandler ["http-nio-8890"]
2020/07/02-17:21:00 [main] INFO  org.springframework.boot.web.embedded.tomcat.TomcatWebServer- Tomcat started on port(s): 8890 (http) with context path ''
2020/07/02-17:21:00 [main] INFO  com.gl.gl_wechat.GlWechatApplication- Started GlWechatApplication in 1.675 seconds (JVM running for 2.802)
2020/07/02-17:21:07 [http-nio-8890-exec-1] INFO  org.apache.catalina.core.ContainerBase.[Tomcat].[localhost].[/]- Initializing Spring DispatcherServlet 'dispatcherServlet'
2020/07/02-17:21:07 [http-nio-8890-exec-1] INFO  org.springframework.web.servlet.DispatcherServlet- Initializing Servlet 'dispatcherServlet'
2020/07/02-17:21:07 [http-nio-8890-exec-1] INFO  org.springframework.web.servlet.DispatcherServlet- Completed initialization in 3 ms
2020/07/02-17:21:07 [http-nio-8890-exec-1] INFO  com.zaxxer.hikari.HikariDataSource- HikariPool-1 - Starting...
2020/07/02-17:21:07 [http-nio-8890-exec-1] INFO  com.zaxxer.hikari.HikariDataSource- HikariPool-1 - Start completed.
2020/07/02-17:21:07 [http-nio-8890-exec-1] DEBUG com.gl.gl_wechat.dao.WXDao.selectAdmin- ==>  Preparing: SELECT 1 FROM ( SELECT phone FROM admin UNION SELECT phone FROM superadmin ) a WHERE a.phone = ? 
2020/07/02-17:21:07 [http-nio-8890-exec-1] DEBUG com.gl.gl_wechat.dao.WXDao.selectAdmin- ==> Parameters: 15751776801(String)
2020/07/02-17:21:07 [http-nio-8890-exec-1] DEBUG com.gl.gl_wechat.dao.WXDao.selectAdmin- <==      Total: 1
2020/07/02-17:21:08 [http-nio-8890-exec-1] DEBUG com.gl.gl_wechat.dao.WXDao.selBindDevice- ==>  Preparing: SELECT 1 FROM bind WHERE STATUS = '1' AND NO = ? AND cardNo = ? 
2020/07/02-17:21:08 [http-nio-8890-exec-1] DEBUG com.gl.gl_wechat.dao.WXDao.selBindDevice- ==> Parameters: c23qeqw(String), 1111111111(String)
2020/07/02-17:21:08 [http-nio-8890-exec-1] DEBUG com.gl.gl_wechat.dao.WXDao.selBindDevice- <==      Total: 1
2020/07/02-17:21:08 [http-nio-8890-exec-1] DEBUG com.gl.gl_wechat.dao.WXDao.unBind- ==>  Preparing: UPDATE bind SET STATUS = '0' WHERE NO = ? AND cardNo = ? 
2020/07/02-17:21:08 [http-nio-8890-exec-1] DEBUG com.gl.gl_wechat.dao.WXDao.unBind- ==> Parameters: c23qeqw(String), 1111111111(String)
2020/07/02-17:21:08 [http-nio-8890-exec-1] DEBUG com.gl.gl_wechat.dao.WXDao.unBind- <==    Updates: 5
2020/07/02-17:21:10 [http-nio-8890-exec-2] DEBUG com.gl.gl_wechat.dao.WXDao.selectAdmin- ==>  Preparing: SELECT 1 FROM ( SELECT phone FROM admin UNION SELECT phone FROM superadmin ) a WHERE a.phone = ? 
2020/07/02-17:21:10 [http-nio-8890-exec-2] DEBUG com.gl.gl_wechat.dao.WXDao.selectAdmin- ==> Parameters: 15751776801(String)
2020/07/02-17:21:10 [http-nio-8890-exec-2] DEBUG com.gl.gl_wechat.dao.WXDao.selectAdmin- <==      Total: 1
2020/07/02-17:21:10 [http-nio-8890-exec-2] DEBUG com.gl.gl_wechat.dao.WXDao.selBindDevice- ==>  Preparing: SELECT 1 FROM bind WHERE STATUS = '1' AND NO = ? AND cardNo = ? 
2020/07/02-17:21:10 [http-nio-8890-exec-2] DEBUG com.gl.gl_wechat.dao.WXDao.selBindDevice- ==> Parameters: c23qeqw(String), 1111111111(String)
2020/07/02-17:21:10 [http-nio-8890-exec-2] DEBUG com.gl.gl_wechat.dao.WXDao.selBindDevice- <==      Total: 0
2020/07/02-17:21:10 [http-nio-8890-exec-2] ERROR org.apache.catalina.core.ContainerBase.[Tomcat].[localhost].[/].[dispatcherServlet]- Servlet.service() for servlet [dispatcherServlet] in context with path [] threw exception [Request processing failed; nested exception is java.lang.NullPointerException] with root cause
java.lang.NullPointerException: null
	at javax.imageio.ImageIO.write(ImageIO.java:1538)
	at com.gl.gl_wechat.common.ZXing.QRCodeUtil.encode(QRCodeUtil.java:102)
	at com.gl.gl_wechat.controller.wxController.bind(wxController.java:516)
	at sun.reflect.NativeMethodAccessorImpl.invoke0(Native Method)
	at sun.reflect.NativeMethodAccessorImpl.invoke(NativeMethodAccessorImpl.java:62)
	at sun.reflect.DelegatingMethodAccessorImpl.invoke(DelegatingMethodAccessorImpl.java:43)
	at java.lang.reflect.Method.invoke(Method.java:498)
	at org.springframework.web.method.support.InvocableHandlerMethod.doInvoke(InvocableHandlerMethod.java:190)
	at org.springframework.web.method.support.InvocableHandlerMethod.invokeForRequest(InvocableHandlerMethod.java:138)
	at org.springframework.web.servlet.mvc.method.annotation.ServletInvocableHandlerMethod.invokeAndHandle(ServletInvocableHandlerMethod.java:105)
	at org.springframework.web.servlet.mvc.method.annotation.RequestMappingHandlerAdapter.invokeHandlerMethod(RequestMappingHandlerAdapter.java:879)
	at org.springframework.web.servlet.mvc.method.annotation.RequestMappingHandlerAdapter.handleInternal(RequestMappingHandlerAdapter.java:793)
	at org.springframework.web.servlet.mvc.method.AbstractHandlerMethodAdapter.handle(AbstractHandlerMethodAdapter.java:87)
	at org.springframework.web.servlet.DispatcherServlet.doDispatch(DispatcherServlet.java:1040)
	at org.springframework.web.servlet.DispatcherServlet.doService(DispatcherServlet.java:943)
	at org.springframework.web.servlet.FrameworkServlet.processRequest(FrameworkServlet.java:1006)
	at org.springframework.web.servlet.FrameworkServlet.doPost(FrameworkServlet.java:909)
	at javax.servlet.http.HttpServlet.service(HttpServlet.java:660)
	at org.springframework.web.servlet.FrameworkServlet.service(FrameworkServlet.java:883)
	at javax.servlet.http.HttpServlet.service(HttpServlet.java:741)
	at org.apache.catalina.core.ApplicationFilterChain.internalDoFilter(ApplicationFilterChain.java:231)
	at org.apache.catalina.core.ApplicationFilterChain.doFilter(ApplicationFilterChain.java:166)
	at org.apache.tomcat.websocket.server.WsFilter.doFilter(WsFilter.java:53)
	at org.apache.catalina.core.ApplicationFilterChain.internalDoFilter(ApplicationFilterChain.java:193)
	at org.apache.catalina.core.ApplicationFilterChain.doFilter(ApplicationFilterChain.java:166)
	at org.springframework.web.filter.RequestContextFilter.doFilterInternal(RequestContextFilter.java:100)
	at org.springframework.web.filter.OncePerRequestFilter.doFilter(OncePerRequestFilter.java:119)
	at org.apache.catalina.core.ApplicationFilterChain.internalDoFilter(ApplicationFilterChain.java:193)
	at org.apache.catalina.core.ApplicationFilterChain.doFilter(ApplicationFilterChain.java:166)
	at org.springframework.web.filter.FormContentFilter.doFilterInternal(FormContentFilter.java:93)
	at org.springframework.web.filter.OncePerRequestFilter.doFilter(OncePerRequestFilter.java:119)
	at org.apache.catalina.core.ApplicationFilterChain.internalDoFilter(ApplicationFilterChain.java:193)
	at org.apache.catalina.core.ApplicationFilterChain.doFilter(ApplicationFilterChain.java:166)
	at org.springframework.web.filter.CharacterEncodingFilter.doFilterInternal(CharacterEncodingFilter.java:201)
	at org.springframework.web.filter.OncePerRequestFilter.doFilter(OncePerRequestFilter.java:119)
	at org.apache.catalina.core.ApplicationFilterChain.internalDoFilter(ApplicationFilterChain.java:193)
	at org.apache.catalina.core.ApplicationFilterChain.doFilter(ApplicationFilterChain.java:166)
	at org.apache.catalina.core.StandardWrapperValve.invoke(StandardWrapperValve.java:202)
	at org.apache.catalina.core.StandardContextValve.invoke(StandardContextValve.java:96)
	at org.apache.catalina.authenticator.AuthenticatorBase.invoke(AuthenticatorBase.java:541)
	at org.apache.catalina.core.StandardHostValve.invoke(StandardHostValve.java:139)
	at org.apache.catalina.valves.ErrorReportValve.invoke(ErrorReportValve.java:92)
	at org.apache.catalina.core.StandardEngineValve.invoke(StandardEngineValve.java:74)
	at org.apache.catalina.connector.CoyoteAdapter.service(CoyoteAdapter.java:343)
	at org.apache.coyote.http11.Http11Processor.service(Http11Processor.java:373)
	at org.apache.coyote.AbstractProcessorLight.process(AbstractProcessorLight.java:65)
	at org.apache.coyote.AbstractProtocol$ConnectionHandler.process(AbstractProtocol.java:868)
	at org.apache.tomcat.util.net.NioEndpoint$SocketProcessor.doRun(NioEndpoint.java:1594)
	at org.apache.tomcat.util.net.SocketProcessorBase.run(SocketProcessorBase.java:49)
	at java.util.concurrent.ThreadPoolExecutor.runWorker(ThreadPoolExecutor.java:1142)
	at java.util.concurrent.ThreadPoolExecutor$Worker.run(ThreadPoolExecutor.java:617)
	at org.apache.tomcat.util.threads.TaskThread$WrappingRunnable.run(TaskThread.java:61)
	at java.lang.Thread.run(Thread.java:748)
2020/07/02-17:23:19 [main] INFO  com.gl.gl_wechat.GlWechatApplication- Starting GlWechatApplication on LAPTOP-UFUB5A9M with PID 9484 (C:\workSoft\ideaWorkSpace\gl_wechat\target\classes started by zhaoCong in C:\workSoft\ideaWorkSpace\gl_wechat)
2020/07/02-17:23:19 [main] INFO  com.gl.gl_wechat.GlWechatApplication- The following profiles are active: dev
2020/07/02-17:23:20 [main] INFO  org.springframework.boot.web.embedded.tomcat.TomcatWebServer- Tomcat initialized with port(s): 8890 (http)
2020/07/02-17:23:20 [main] INFO  org.apache.coyote.http11.Http11NioProtocol- Initializing ProtocolHandler ["http-nio-8890"]
2020/07/02-17:23:20 [main] INFO  org.apache.catalina.core.StandardService- Starting service [Tomcat]
2020/07/02-17:23:20 [main] INFO  org.apache.catalina.core.StandardEngine- Starting Servlet engine: [Apache Tomcat/9.0.33]
2020/07/02-17:23:20 [main] INFO  org.apache.catalina.core.AprLifecycleListener- An older version [1.2.21] of the APR based Apache Tomcat Native library is installed, while Tomcat recommends a minimum version of [1.2.23]
2020/07/02-17:23:20 [main] INFO  org.apache.catalina.core.AprLifecycleListener- Loaded APR based Apache Tomcat Native library [1.2.21] using APR version [1.6.5].
2020/07/02-17:23:20 [main] INFO  org.apache.catalina.core.AprLifecycleListener- APR capabilities: IPv6 [true], sendfile [true], accept filters [false], random [true].
2020/07/02-17:23:20 [main] INFO  org.apache.catalina.core.AprLifecycleListener- APR/OpenSSL configuration: useAprConnector [false], useOpenSSL [true]
2020/07/02-17:23:20 [main] INFO  org.apache.catalina.core.AprLifecycleListener- OpenSSL successfully initialized [OpenSSL 1.1.1a  20 Nov 2018]
2020/07/02-17:23:20 [main] INFO  org.apache.catalina.core.ContainerBase.[Tomcat].[localhost].[/]- Initializing Spring embedded WebApplicationContext
2020/07/02-17:23:20 [main] INFO  org.springframework.web.context.ContextLoader- Root WebApplicationContext: initialization completed in 794 ms
2020/07/02-17:23:21 [main] INFO  org.springframework.scheduling.concurrent.ThreadPoolTaskExecutor- Initializing ExecutorService 'applicationTaskExecutor'
2020/07/02-17:23:21 [main] INFO  org.apache.coyote.http11.Http11NioProtocol- Starting ProtocolHandler ["http-nio-8890"]
2020/07/02-17:23:21 [main] INFO  org.springframework.boot.web.embedded.tomcat.TomcatWebServer- Tomcat started on port(s): 8890 (http) with context path ''
2020/07/02-17:23:21 [main] INFO  com.gl.gl_wechat.GlWechatApplication- Started GlWechatApplication in 1.676 seconds (JVM running for 2.754)
2020/07/02-17:23:24 [http-nio-8890-exec-1] INFO  org.apache.catalina.core.ContainerBase.[Tomcat].[localhost].[/]- Initializing Spring DispatcherServlet 'dispatcherServlet'
2020/07/02-17:23:24 [http-nio-8890-exec-1] INFO  org.springframework.web.servlet.DispatcherServlet- Initializing Servlet 'dispatcherServlet'
2020/07/02-17:23:24 [http-nio-8890-exec-1] INFO  org.springframework.web.servlet.DispatcherServlet- Completed initialization in 3 ms
2020/07/02-17:23:24 [http-nio-8890-exec-1] INFO  com.zaxxer.hikari.HikariDataSource- HikariPool-1 - Starting...
2020/07/02-17:23:24 [http-nio-8890-exec-1] INFO  com.zaxxer.hikari.HikariDataSource- HikariPool-1 - Start completed.
2020/07/02-17:23:24 [http-nio-8890-exec-1] DEBUG com.gl.gl_wechat.dao.WXDao.selectAdmin- ==>  Preparing: SELECT 1 FROM ( SELECT phone FROM admin UNION SELECT phone FROM superadmin ) a WHERE a.phone = ? 
2020/07/02-17:23:24 [http-nio-8890-exec-1] DEBUG com.gl.gl_wechat.dao.WXDao.selectAdmin- ==> Parameters: 15751776801(String)
2020/07/02-17:23:25 [http-nio-8890-exec-1] DEBUG com.gl.gl_wechat.dao.WXDao.selectAdmin- <==      Total: 1
2020/07/02-17:23:25 [http-nio-8890-exec-1] DEBUG com.gl.gl_wechat.dao.WXDao.selBindDevice- ==>  Preparing: SELECT 1 FROM bind WHERE STATUS = '1' AND NO = ? AND cardNo = ? 
2020/07/02-17:23:25 [http-nio-8890-exec-1] DEBUG com.gl.gl_wechat.dao.WXDao.selBindDevice- ==> Parameters: c23qeqw(String), 1111111111(String)
2020/07/02-17:23:25 [http-nio-8890-exec-1] DEBUG com.gl.gl_wechat.dao.WXDao.selBindDevice- <==      Total: 0
2020/07/02-17:23:25 [http-nio-8890-exec-1] DEBUG com.gl.gl_wechat.dao.WXDao.bindDevice- ==>  Preparing: INSERT INTO bind ( STATUS, phone, productName, model, NO, bindDate, bindLatLongitude, bindAddress, cardNo, manufacturer, deviceNO, ID, NOPicture, cardNoPicture) VALUES ( '1', ?, ?, ?, ?, ?, ?, ?, ?, ?, ?, ?, ?, ? ) 
2020/07/02-17:23:25 [http-nio-8890-exec-1] DEBUG com.gl.gl_wechat.dao.WXDao.bindDevice- ==> Parameters: 15751776801(String), qwew(String), sadqe(String), c23qeqw(String), 2020-04-03 13:40:45(String), 424.232(String), 12123135bvj(String), 1111111111(String), ads(String), asd(String), ads(String), C:/GL_WECHAT/gl/images/1593681805021c23qeqw.jpg(String), C:/GL_WECHAT/gl/images/15936818050211111111111.jpg(String)
2020/07/02-17:23:25 [http-nio-8890-exec-1] DEBUG com.gl.gl_wechat.dao.WXDao.bindDevice- <==    Updates: 1
2020/07/02-17:23:59 [main] INFO  org.springframework.boot.test.context.SpringBootTestContextBootstrapper- Neither @ContextConfiguration nor @ContextHierarchy found for test class [com.gl.gl_wechat.GlWechatApplicationTests], using SpringBootContextLoader
2020/07/02-17:23:59 [main] INFO  org.springframework.test.context.support.AbstractContextLoader- Could not detect default resource locations for test class [com.gl.gl_wechat.GlWechatApplicationTests]: no resource found for suffixes {-context.xml, Context.groovy}.
2020/07/02-17:23:59 [main] INFO  org.springframework.test.context.support.AnnotationConfigContextLoaderUtils- Could not detect default configuration classes for test class [com.gl.gl_wechat.GlWechatApplicationTests]: GlWechatApplicationTests does not declare any static, non-private, non-final, nested classes annotated with @Configuration.
2020/07/02-17:23:59 [main] INFO  org.springframework.boot.test.context.SpringBootTestContextBootstrapper- Found @SpringBootConfiguration com.gl.gl_wechat.GlWechatApplication for test class com.gl.gl_wechat.GlWechatApplicationTests
2020/07/02-17:23:59 [main] INFO  org.springframework.boot.test.context.SpringBootTestContextBootstrapper- Loaded default TestExecutionListener class names from location [META-INF/spring.factories]: [org.springframework.boot.test.mock.mockito.MockitoTestExecutionListener, org.springframework.boot.test.mock.mockito.ResetMocksTestExecutionListener, org.springframework.boot.test.autoconfigure.restdocs.RestDocsTestExecutionListener, org.springframework.boot.test.autoconfigure.web.client.MockRestServiceServerResetTestExecutionListener, org.springframework.boot.test.autoconfigure.web.servlet.MockMvcPrintOnlyOnFailureTestExecutionListener, org.springframework.boot.test.autoconfigure.web.servlet.WebDriverTestExecutionListener, org.springframework.test.context.web.ServletTestExecutionListener, org.springframework.test.context.support.DirtiesContextBeforeModesTestExecutionListener, org.springframework.test.context.support.DependencyInjectionTestExecutionListener, org.springframework.test.context.support.DirtiesContextTestExecutionListener, org.springframework.test.context.transaction.TransactionalTestExecutionListener, org.springframework.test.context.jdbc.SqlScriptsTestExecutionListener, org.springframework.test.context.event.EventPublishingTestExecutionListener]
2020/07/02-17:23:59 [main] INFO  org.springframework.boot.test.context.SpringBootTestContextBootstrapper- Using TestExecutionListeners: [org.springframework.test.context.web.ServletTestExecutionListener@16612a51, org.springframework.test.context.support.DirtiesContextBeforeModesTestExecutionListener@54e041a4, org.springframework.boot.test.mock.mockito.MockitoTestExecutionListener@2c78324b, org.springframework.boot.test.autoconfigure.SpringBootDependencyInjectionTestExecutionListener@79defdc, org.springframework.test.context.support.DirtiesContextTestExecutionListener@18317edc, org.springframework.test.context.transaction.TransactionalTestExecutionListener@4e0ae11f, org.springframework.test.context.jdbc.SqlScriptsTestExecutionListener@238d68ff, org.springframework.test.context.event.EventPublishingTestExecutionListener@4b86805d, org.springframework.boot.test.mock.mockito.ResetMocksTestExecutionListener@5852c06f, org.springframework.boot.test.autoconfigure.restdocs.RestDocsTestExecutionListener@4149c063, org.springframework.boot.test.autoconfigure.web.client.MockRestServiceServerResetTestExecutionListener@9cb8225, org.springframework.boot.test.autoconfigure.web.servlet.MockMvcPrintOnlyOnFailureTestExecutionListener@76b07f29, org.springframework.boot.test.autoconfigure.web.servlet.WebDriverTestExecutionListener@38af9828]
2020/07/02-17:23:59 [main] INFO  com.gl.gl_wechat.GlWechatApplicationTests- Starting GlWechatApplicationTests on LAPTOP-UFUB5A9M with PID 17644 (started by zhaoCong in C:\workSoft\ideaWorkSpace\gl_wechat)
2020/07/02-17:23:59 [main] INFO  com.gl.gl_wechat.GlWechatApplicationTests- The following profiles are active: dev
2020/07/02-17:24:00 [main] INFO  org.springframework.scheduling.concurrent.ThreadPoolTaskExecutor- Initializing ExecutorService 'applicationTaskExecutor'
2020/07/02-17:24:01 [main] INFO  com.gl.gl_wechat.GlWechatApplicationTests- Started GlWechatApplicationTests in 1.965 seconds (JVM running for 2.879)
2020/07/02-17:24:01 [SpringContextShutdownHook] INFO  org.springframework.scheduling.concurrent.ThreadPoolTaskExecutor- Shutting down ExecutorService 'applicationTaskExecutor'
