2020/04/21-15:46:59 [main] INFO  com.gl.gl_wechat.GlWechatApplication- Starting GlWechatApplication on LAPTOP-UFUB5A9M with PID 4472 (C:\workSoft\ideaWorkSpace\gl_wechat\target\classes started by zhaoCong in C:\workSoft\ideaWorkSpace\gl_wechat)
2020/04/21-15:46:59 [main] INFO  com.gl.gl_wechat.GlWechatApplication- The following profiles are active: dev
2020/04/21-15:47:00 [main] INFO  org.springframework.boot.web.embedded.tomcat.TomcatWebServer- Tomcat initialized with port(s): 8890 (http)
2020/04/21-15:47:00 [main] INFO  org.apache.coyote.http11.Http11NioProtocol- Initializing ProtocolHandler ["http-nio-8890"]
2020/04/21-15:47:00 [main] INFO  org.apache.catalina.core.StandardService- Starting service [Tomcat]
2020/04/21-15:47:00 [main] INFO  org.apache.catalina.core.StandardEngine- Starting Servlet engine: [Apache Tomcat/9.0.33]
2020/04/21-15:47:00 [main] INFO  org.apache.catalina.core.AprLifecycleListener- An older version [1.2.21] of the APR based Apache Tomcat Native library is installed, while Tomcat recommends a minimum version of [1.2.23]
2020/04/21-15:47:00 [main] INFO  org.apache.catalina.core.AprLifecycleListener- Loaded APR based Apache Tomcat Native library [1.2.21] using APR version [1.6.5].
2020/04/21-15:47:00 [main] INFO  org.apache.catalina.core.AprLifecycleListener- APR capabilities: IPv6 [true], sendfile [true], accept filters [false], random [true].
2020/04/21-15:47:00 [main] INFO  org.apache.catalina.core.AprLifecycleListener- APR/OpenSSL configuration: useAprConnector [false], useOpenSSL [true]
2020/04/21-15:47:00 [main] INFO  org.apache.catalina.core.AprLifecycleListener- OpenSSL successfully initialized [OpenSSL 1.1.1a  20 Nov 2018]
2020/04/21-15:47:00 [main] INFO  org.apache.catalina.core.ContainerBase.[Tomcat].[localhost].[/]- Initializing Spring embedded WebApplicationContext
2020/04/21-15:47:00 [main] INFO  org.springframework.web.context.ContextLoader- Root WebApplicationContext: initialization completed in 903 ms
2020/04/21-15:47:00 [main] INFO  org.springframework.scheduling.concurrent.ThreadPoolTaskExecutor- Initializing ExecutorService 'applicationTaskExecutor'
2020/04/21-15:47:00 [main] INFO  org.apache.coyote.http11.Http11NioProtocol- Starting ProtocolHandler ["http-nio-8890"]
2020/04/21-15:47:00 [main] INFO  org.springframework.boot.web.embedded.tomcat.TomcatWebServer- Tomcat started on port(s): 8890 (http) with context path ''
2020/04/21-15:47:00 [main] INFO  com.gl.gl_wechat.GlWechatApplication- Started GlWechatApplication in 1.924 seconds (JVM running for 3.141)
2020/04/21-15:57:32 [main] INFO  com.gl.gl_wechat.GlWechatApplication- Starting GlWechatApplication on LAPTOP-UFUB5A9M with PID 2612 (C:\workSoft\ideaWorkSpace\gl_wechat\target\classes started by zhaoCong in C:\workSoft\ideaWorkSpace\gl_wechat)
2020/04/21-15:57:32 [main] INFO  com.gl.gl_wechat.GlWechatApplication- The following profiles are active: dev
2020/04/21-15:57:32 [main] INFO  org.springframework.boot.web.embedded.tomcat.TomcatWebServer- Tomcat initialized with port(s): 8890 (http)
2020/04/21-15:57:32 [main] INFO  org.apache.coyote.http11.Http11NioProtocol- Initializing ProtocolHandler ["http-nio-8890"]
2020/04/21-15:57:32 [main] INFO  org.apache.catalina.core.StandardService- Starting service [Tomcat]
2020/04/21-15:57:32 [main] INFO  org.apache.catalina.core.StandardEngine- Starting Servlet engine: [Apache Tomcat/9.0.33]
2020/04/21-15:57:32 [main] INFO  org.apache.catalina.core.AprLifecycleListener- An older version [1.2.21] of the APR based Apache Tomcat Native library is installed, while Tomcat recommends a minimum version of [1.2.23]
2020/04/21-15:57:32 [main] INFO  org.apache.catalina.core.AprLifecycleListener- Loaded APR based Apache Tomcat Native library [1.2.21] using APR version [1.6.5].
2020/04/21-15:57:32 [main] INFO  org.apache.catalina.core.AprLifecycleListener- APR capabilities: IPv6 [true], sendfile [true], accept filters [false], random [true].
2020/04/21-15:57:32 [main] INFO  org.apache.catalina.core.AprLifecycleListener- APR/OpenSSL configuration: useAprConnector [false], useOpenSSL [true]
2020/04/21-15:57:32 [main] INFO  org.apache.catalina.core.AprLifecycleListener- OpenSSL successfully initialized [OpenSSL 1.1.1a  20 Nov 2018]
2020/04/21-15:57:32 [main] INFO  org.apache.catalina.core.ContainerBase.[Tomcat].[localhost].[/]- Initializing Spring embedded WebApplicationContext
2020/04/21-15:57:32 [main] INFO  org.springframework.web.context.ContextLoader- Root WebApplicationContext: initialization completed in 771 ms
2020/04/21-15:57:33 [main] INFO  org.springframework.scheduling.concurrent.ThreadPoolTaskExecutor- Initializing ExecutorService 'applicationTaskExecutor'
2020/04/21-15:57:33 [main] INFO  org.apache.coyote.http11.Http11NioProtocol- Starting ProtocolHandler ["http-nio-8890"]
2020/04/21-15:57:33 [main] INFO  org.springframework.boot.web.embedded.tomcat.TomcatWebServer- Tomcat started on port(s): 8890 (http) with context path ''
2020/04/21-15:57:33 [main] INFO  com.gl.gl_wechat.GlWechatApplication- Started GlWechatApplication in 1.535 seconds (JVM running for 2.528)
2020/04/21-15:57:45 [http-nio-8890-exec-1] INFO  org.apache.catalina.core.ContainerBase.[Tomcat].[localhost].[/]- Initializing Spring DispatcherServlet 'dispatcherServlet'
2020/04/21-15:57:45 [http-nio-8890-exec-1] INFO  org.springframework.web.servlet.DispatcherServlet- Initializing Servlet 'dispatcherServlet'
2020/04/21-15:57:45 [http-nio-8890-exec-1] INFO  org.springframework.web.servlet.DispatcherServlet- Completed initialization in 3 ms
2020/04/21-16:25:06 [main] INFO  com.gl.gl_wechat.GlWechatApplication- Starting GlWechatApplication on LAPTOP-UFUB5A9M with PID 14676 (C:\workSoft\ideaWorkSpace\gl_wechat\target\classes started by zhaoCong in C:\workSoft\ideaWorkSpace\gl_wechat)
2020/04/21-16:25:06 [main] INFO  com.gl.gl_wechat.GlWechatApplication- The following profiles are active: dev
2020/04/21-16:25:07 [main] INFO  org.springframework.boot.web.embedded.tomcat.TomcatWebServer- Tomcat initialized with port(s): 8890 (http)
2020/04/21-16:25:07 [main] INFO  org.apache.coyote.http11.Http11NioProtocol- Initializing ProtocolHandler ["http-nio-8890"]
2020/04/21-16:25:07 [main] INFO  org.apache.catalina.core.StandardService- Starting service [Tomcat]
2020/04/21-16:25:07 [main] INFO  org.apache.catalina.core.StandardEngine- Starting Servlet engine: [Apache Tomcat/9.0.33]
2020/04/21-16:25:07 [main] INFO  org.apache.catalina.core.AprLifecycleListener- An older version [1.2.21] of the APR based Apache Tomcat Native library is installed, while Tomcat recommends a minimum version of [1.2.23]
2020/04/21-16:25:07 [main] INFO  org.apache.catalina.core.AprLifecycleListener- Loaded APR based Apache Tomcat Native library [1.2.21] using APR version [1.6.5].
2020/04/21-16:25:07 [main] INFO  org.apache.catalina.core.AprLifecycleListener- APR capabilities: IPv6 [true], sendfile [true], accept filters [false], random [true].
2020/04/21-16:25:07 [main] INFO  org.apache.catalina.core.AprLifecycleListener- APR/OpenSSL configuration: useAprConnector [false], useOpenSSL [true]
2020/04/21-16:25:07 [main] INFO  org.apache.catalina.core.AprLifecycleListener- OpenSSL successfully initialized [OpenSSL 1.1.1a  20 Nov 2018]
2020/04/21-16:25:07 [main] INFO  org.apache.catalina.core.ContainerBase.[Tomcat].[localhost].[/]- Initializing Spring embedded WebApplicationContext
2020/04/21-16:25:07 [main] INFO  org.springframework.web.context.ContextLoader- Root WebApplicationContext: initialization completed in 765 ms
2020/04/21-16:25:08 [main] INFO  org.springframework.scheduling.concurrent.ThreadPoolTaskExecutor- Initializing ExecutorService 'applicationTaskExecutor'
2020/04/21-16:25:08 [main] INFO  org.apache.coyote.http11.Http11NioProtocol- Starting ProtocolHandler ["http-nio-8890"]
2020/04/21-16:25:08 [main] INFO  org.springframework.boot.web.embedded.tomcat.TomcatWebServer- Tomcat started on port(s): 8890 (http) with context path ''
2020/04/21-16:25:08 [main] INFO  com.gl.gl_wechat.GlWechatApplication- Started GlWechatApplication in 1.578 seconds (JVM running for 2.578)
2020/04/21-16:25:14 [http-nio-8890-exec-1] INFO  org.apache.catalina.core.ContainerBase.[Tomcat].[localhost].[/]- Initializing Spring DispatcherServlet 'dispatcherServlet'
2020/04/21-16:25:14 [http-nio-8890-exec-1] INFO  org.springframework.web.servlet.DispatcherServlet- Initializing Servlet 'dispatcherServlet'
2020/04/21-16:25:14 [http-nio-8890-exec-1] INFO  org.springframework.web.servlet.DispatcherServlet- Completed initialization in 3 ms
2020/04/21-16:34:16 [http-nio-8890-exec-8] WARN  org.springframework.web.servlet.mvc.support.DefaultHandlerExceptionResolver- Resolved [org.springframework.web.bind.MissingServletRequestParameterException: Required String parameter 'encryptedData' is not present]
2020/04/21-17:01:15 [http-nio-8890-exec-10] WARN  org.springframework.web.servlet.mvc.support.DefaultHandlerExceptionResolver- Resolved [org.springframework.web.bind.MissingServletRequestParameterException: Required String parameter 'encryptedData' is not present]
2020/04/21-17:35:39 [main] INFO  com.gl.gl_wechat.GlWechatApplication- Starting GlWechatApplication on LAPTOP-UFUB5A9M with PID 15388 (C:\workSoft\ideaWorkSpace\gl_wechat\target\classes started by zhaoCong in C:\workSoft\ideaWorkSpace\gl_wechat)
2020/04/21-17:35:39 [main] INFO  com.gl.gl_wechat.GlWechatApplication- The following profiles are active: dev
2020/04/21-17:35:40 [main] INFO  org.springframework.boot.web.embedded.tomcat.TomcatWebServer- Tomcat initialized with port(s): 8890 (http)
2020/04/21-17:35:40 [main] INFO  org.apache.coyote.http11.Http11NioProtocol- Initializing ProtocolHandler ["http-nio-8890"]
2020/04/21-17:35:40 [main] INFO  org.apache.catalina.core.StandardService- Starting service [Tomcat]
2020/04/21-17:35:40 [main] INFO  org.apache.catalina.core.StandardEngine- Starting Servlet engine: [Apache Tomcat/9.0.33]
2020/04/21-17:35:40 [main] INFO  org.apache.catalina.core.AprLifecycleListener- An older version [1.2.21] of the APR based Apache Tomcat Native library is installed, while Tomcat recommends a minimum version of [1.2.23]
2020/04/21-17:35:40 [main] INFO  org.apache.catalina.core.AprLifecycleListener- Loaded APR based Apache Tomcat Native library [1.2.21] using APR version [1.6.5].
2020/04/21-17:35:40 [main] INFO  org.apache.catalina.core.AprLifecycleListener- APR capabilities: IPv6 [true], sendfile [true], accept filters [false], random [true].
2020/04/21-17:35:40 [main] INFO  org.apache.catalina.core.AprLifecycleListener- APR/OpenSSL configuration: useAprConnector [false], useOpenSSL [true]
2020/04/21-17:35:40 [main] INFO  org.apache.catalina.core.AprLifecycleListener- OpenSSL successfully initialized [OpenSSL 1.1.1a  20 Nov 2018]
2020/04/21-17:35:40 [main] INFO  org.apache.catalina.core.ContainerBase.[Tomcat].[localhost].[/]- Initializing Spring embedded WebApplicationContext
2020/04/21-17:35:40 [main] INFO  org.springframework.web.context.ContextLoader- Root WebApplicationContext: initialization completed in 938 ms
2020/04/21-17:35:41 [main] INFO  org.springframework.scheduling.concurrent.ThreadPoolTaskExecutor- Initializing ExecutorService 'applicationTaskExecutor'
2020/04/21-17:35:41 [main] INFO  org.apache.coyote.http11.Http11NioProtocol- Starting ProtocolHandler ["http-nio-8890"]
2020/04/21-17:35:41 [main] INFO  org.springframework.boot.web.embedded.tomcat.TomcatWebServer- Tomcat started on port(s): 8890 (http) with context path ''
2020/04/21-17:35:41 [main] INFO  com.gl.gl_wechat.GlWechatApplication- Started GlWechatApplication in 1.814 seconds (JVM running for 2.899)
2020/04/21-17:40:09 [main] INFO  com.gl.gl_wechat.GlWechatApplication- Starting GlWechatApplication on LAPTOP-UFUB5A9M with PID 16856 (C:\workSoft\ideaWorkSpace\gl_wechat\target\classes started by zhaoCong in C:\workSoft\ideaWorkSpace\gl_wechat)
2020/04/21-17:40:09 [main] INFO  com.gl.gl_wechat.GlWechatApplication- The following profiles are active: dev
2020/04/21-17:40:10 [main] INFO  org.springframework.boot.web.embedded.tomcat.TomcatWebServer- Tomcat initialized with port(s): 8890 (http)
2020/04/21-17:40:10 [main] INFO  org.apache.coyote.http11.Http11NioProtocol- Initializing ProtocolHandler ["http-nio-8890"]
2020/04/21-17:40:10 [main] INFO  org.apache.catalina.core.StandardService- Starting service [Tomcat]
2020/04/21-17:40:10 [main] INFO  org.apache.catalina.core.StandardEngine- Starting Servlet engine: [Apache Tomcat/9.0.33]
2020/04/21-17:40:10 [main] INFO  org.apache.catalina.core.AprLifecycleListener- An older version [1.2.21] of the APR based Apache Tomcat Native library is installed, while Tomcat recommends a minimum version of [1.2.23]
2020/04/21-17:40:10 [main] INFO  org.apache.catalina.core.AprLifecycleListener- Loaded APR based Apache Tomcat Native library [1.2.21] using APR version [1.6.5].
2020/04/21-17:40:10 [main] INFO  org.apache.catalina.core.AprLifecycleListener- APR capabilities: IPv6 [true], sendfile [true], accept filters [false], random [true].
2020/04/21-17:40:10 [main] INFO  org.apache.catalina.core.AprLifecycleListener- APR/OpenSSL configuration: useAprConnector [false], useOpenSSL [true]
2020/04/21-17:40:10 [main] INFO  org.apache.catalina.core.AprLifecycleListener- OpenSSL successfully initialized [OpenSSL 1.1.1a  20 Nov 2018]
2020/04/21-17:40:10 [main] INFO  org.apache.catalina.core.ContainerBase.[Tomcat].[localhost].[/]- Initializing Spring embedded WebApplicationContext
2020/04/21-17:40:10 [main] INFO  org.springframework.web.context.ContextLoader- Root WebApplicationContext: initialization completed in 785 ms
2020/04/21-17:40:10 [main] INFO  org.springframework.scheduling.concurrent.ThreadPoolTaskExecutor- Initializing ExecutorService 'applicationTaskExecutor'
2020/04/21-17:40:10 [main] INFO  org.apache.coyote.http11.Http11NioProtocol- Starting ProtocolHandler ["http-nio-8890"]
2020/04/21-17:40:10 [main] INFO  org.springframework.boot.web.embedded.tomcat.TomcatWebServer- Tomcat started on port(s): 8890 (http) with context path ''
2020/04/21-17:40:10 [main] INFO  com.gl.gl_wechat.GlWechatApplication- Started GlWechatApplication in 1.602 seconds (JVM running for 2.633)
