2020/04/16-15:15:01 [main] INFO  com.gl.gl_wechat.GlWechatApplication- Starting GlWechatApplication on LAPTOP-UFUB5A9M with PID 11504 (C:\workSoft\ideaWorkSpace\gl_wechat\target\classes started by zhaoCong in C:\workSoft\ideaWorkSpace\gl_wechat)
2020/04/16-15:15:01 [main] INFO  com.gl.gl_wechat.GlWechatApplication- The following profiles are active: dev
2020/04/16-15:15:01 [main] INFO  org.springframework.boot.web.embedded.tomcat.TomcatWebServer- Tomcat initialized with port(s): 8890 (http)
2020/04/16-15:15:01 [main] INFO  org.apache.coyote.http11.Http11NioProtocol- Initializing ProtocolHandler ["http-nio-8890"]
2020/04/16-15:15:01 [main] INFO  org.apache.catalina.core.StandardService- Starting service [Tomcat]
2020/04/16-15:15:01 [main] INFO  org.apache.catalina.core.StandardEngine- Starting Servlet engine: [Apache Tomcat/9.0.33]
2020/04/16-15:15:01 [main] INFO  org.apache.catalina.core.AprLifecycleListener- An older version [1.2.21] of the APR based Apache Tomcat Native library is installed, while Tomcat recommends a minimum version of [1.2.23]
2020/04/16-15:15:01 [main] INFO  org.apache.catalina.core.AprLifecycleListener- Loaded APR based Apache Tomcat Native library [1.2.21] using APR version [1.6.5].
2020/04/16-15:15:01 [main] INFO  org.apache.catalina.core.AprLifecycleListener- APR capabilities: IPv6 [true], sendfile [true], accept filters [false], random [true].
2020/04/16-15:15:01 [main] INFO  org.apache.catalina.core.AprLifecycleListener- APR/OpenSSL configuration: useAprConnector [false], useOpenSSL [true]
2020/04/16-15:15:01 [main] INFO  org.apache.catalina.core.AprLifecycleListener- OpenSSL successfully initialized [OpenSSL 1.1.1a  20 Nov 2018]
2020/04/16-15:15:01 [main] INFO  org.apache.catalina.core.ContainerBase.[Tomcat].[localhost].[/]- Initializing Spring embedded WebApplicationContext
2020/04/16-15:15:01 [main] INFO  org.springframework.web.context.ContextLoader- Root WebApplicationContext: initialization completed in 724 ms
2020/04/16-15:15:02 [main] INFO  org.springframework.scheduling.concurrent.ThreadPoolTaskExecutor- Initializing ExecutorService 'applicationTaskExecutor'
2020/04/16-15:15:02 [main] INFO  org.apache.coyote.http11.Http11NioProtocol- Starting ProtocolHandler ["http-nio-8890"]
2020/04/16-15:15:02 [main] INFO  org.springframework.boot.web.embedded.tomcat.TomcatWebServer- Tomcat started on port(s): 8890 (http) with context path ''
2020/04/16-15:15:02 [main] INFO  com.gl.gl_wechat.GlWechatApplication- Started GlWechatApplication in 1.46 seconds (JVM running for 2.348)
2020/04/16-15:15:05 [http-nio-8890-exec-1] INFO  org.apache.catalina.core.ContainerBase.[Tomcat].[localhost].[/]- Initializing Spring DispatcherServlet 'dispatcherServlet'
2020/04/16-15:15:05 [http-nio-8890-exec-1] INFO  org.springframework.web.servlet.DispatcherServlet- Initializing Servlet 'dispatcherServlet'
2020/04/16-15:15:05 [http-nio-8890-exec-1] INFO  org.springframework.web.servlet.DispatcherServlet- Completed initialization in 3 ms
2020/04/16-15:15:06 [http-nio-8890-exec-1] INFO  com.zaxxer.hikari.HikariDataSource- HikariPool-1 - Starting...
2020/04/16-15:15:06 [http-nio-8890-exec-1] INFO  com.zaxxer.hikari.HikariDataSource- HikariPool-1 - Start completed.
2020/04/16-15:15:06 [http-nio-8890-exec-1] DEBUG com.gl.gl_wechat.dao.WXDao.selectSuperAdmin- ==>  Preparing: SELECT 1 from superadmin WHERE phone = ? 
2020/04/16-15:15:06 [http-nio-8890-exec-1] DEBUG com.gl.gl_wechat.dao.WXDao.selectSuperAdmin- ==> Parameters: 15751776801(String)
2020/04/16-15:15:06 [http-nio-8890-exec-1] DEBUG com.gl.gl_wechat.dao.WXDao.selectSuperAdmin- <==      Total: 1
2020/04/16-15:15:40 [main] INFO  com.gl.gl_wechat.GlWechatApplication- Starting GlWechatApplication on LAPTOP-UFUB5A9M with PID 16000 (C:\workSoft\ideaWorkSpace\gl_wechat\target\classes started by zhaoCong in C:\workSoft\ideaWorkSpace\gl_wechat)
2020/04/16-15:15:40 [main] INFO  com.gl.gl_wechat.GlWechatApplication- The following profiles are active: dev
2020/04/16-15:15:40 [main] INFO  org.springframework.boot.web.embedded.tomcat.TomcatWebServer- Tomcat initialized with port(s): 8890 (http)
2020/04/16-15:15:40 [main] INFO  org.apache.coyote.http11.Http11NioProtocol- Initializing ProtocolHandler ["http-nio-8890"]
2020/04/16-15:15:40 [main] INFO  org.apache.catalina.core.StandardService- Starting service [Tomcat]
2020/04/16-15:15:40 [main] INFO  org.apache.catalina.core.StandardEngine- Starting Servlet engine: [Apache Tomcat/9.0.33]
2020/04/16-15:15:40 [main] INFO  org.apache.catalina.core.AprLifecycleListener- An older version [1.2.21] of the APR based Apache Tomcat Native library is installed, while Tomcat recommends a minimum version of [1.2.23]
2020/04/16-15:15:40 [main] INFO  org.apache.catalina.core.AprLifecycleListener- Loaded APR based Apache Tomcat Native library [1.2.21] using APR version [1.6.5].
2020/04/16-15:15:40 [main] INFO  org.apache.catalina.core.AprLifecycleListener- APR capabilities: IPv6 [true], sendfile [true], accept filters [false], random [true].
2020/04/16-15:15:40 [main] INFO  org.apache.catalina.core.AprLifecycleListener- APR/OpenSSL configuration: useAprConnector [false], useOpenSSL [true]
2020/04/16-15:15:40 [main] INFO  org.apache.catalina.core.AprLifecycleListener- OpenSSL successfully initialized [OpenSSL 1.1.1a  20 Nov 2018]
2020/04/16-15:15:41 [main] INFO  org.apache.catalina.core.ContainerBase.[Tomcat].[localhost].[/]- Initializing Spring embedded WebApplicationContext
2020/04/16-15:15:41 [main] INFO  org.springframework.web.context.ContextLoader- Root WebApplicationContext: initialization completed in 775 ms
2020/04/16-15:15:41 [main] INFO  org.springframework.scheduling.concurrent.ThreadPoolTaskExecutor- Initializing ExecutorService 'applicationTaskExecutor'
2020/04/16-15:15:41 [main] INFO  org.apache.coyote.http11.Http11NioProtocol- Starting ProtocolHandler ["http-nio-8890"]
2020/04/16-15:15:41 [main] INFO  org.springframework.boot.web.embedded.tomcat.TomcatWebServer- Tomcat started on port(s): 8890 (http) with context path ''
2020/04/16-15:15:41 [main] INFO  com.gl.gl_wechat.GlWechatApplication- Started GlWechatApplication in 1.527 seconds (JVM running for 2.435)
2020/04/16-15:15:45 [http-nio-8890-exec-1] INFO  org.apache.catalina.core.ContainerBase.[Tomcat].[localhost].[/]- Initializing Spring DispatcherServlet 'dispatcherServlet'
2020/04/16-15:15:45 [http-nio-8890-exec-1] INFO  org.springframework.web.servlet.DispatcherServlet- Initializing Servlet 'dispatcherServlet'
2020/04/16-15:15:45 [http-nio-8890-exec-1] INFO  org.springframework.web.servlet.DispatcherServlet- Completed initialization in 4 ms
2020/04/16-15:15:45 [http-nio-8890-exec-1] INFO  com.zaxxer.hikari.HikariDataSource- HikariPool-1 - Starting...
2020/04/16-15:15:46 [http-nio-8890-exec-1] INFO  com.zaxxer.hikari.HikariDataSource- HikariPool-1 - Start completed.
2020/04/16-15:15:46 [http-nio-8890-exec-1] DEBUG com.gl.gl_wechat.dao.WXDao.selectSuperAdmin- ==>  Preparing: SELECT 1 from superadmin WHERE phone = ? 
2020/04/16-15:15:46 [http-nio-8890-exec-1] DEBUG com.gl.gl_wechat.dao.WXDao.selectSuperAdmin- ==> Parameters: 15751776801(String)
2020/04/16-15:15:46 [http-nio-8890-exec-1] DEBUG com.gl.gl_wechat.dao.WXDao.selectSuperAdmin- <==      Total: 1
2020/04/16-15:18:57 [main] INFO  com.gl.gl_wechat.GlWechatApplication- Starting GlWechatApplication on LAPTOP-UFUB5A9M with PID 4408 (C:\workSoft\ideaWorkSpace\gl_wechat\target\classes started by zhaoCong in C:\workSoft\ideaWorkSpace\gl_wechat)
2020/04/16-15:18:57 [main] INFO  com.gl.gl_wechat.GlWechatApplication- The following profiles are active: dev
2020/04/16-15:18:58 [main] INFO  org.springframework.boot.web.embedded.tomcat.TomcatWebServer- Tomcat initialized with port(s): 8890 (http)
2020/04/16-15:18:58 [main] INFO  org.apache.coyote.http11.Http11NioProtocol- Initializing ProtocolHandler ["http-nio-8890"]
2020/04/16-15:18:58 [main] INFO  org.apache.catalina.core.StandardService- Starting service [Tomcat]
2020/04/16-15:18:58 [main] INFO  org.apache.catalina.core.StandardEngine- Starting Servlet engine: [Apache Tomcat/9.0.33]
2020/04/16-15:18:58 [main] INFO  org.apache.catalina.core.AprLifecycleListener- An older version [1.2.21] of the APR based Apache Tomcat Native library is installed, while Tomcat recommends a minimum version of [1.2.23]
2020/04/16-15:18:58 [main] INFO  org.apache.catalina.core.AprLifecycleListener- Loaded APR based Apache Tomcat Native library [1.2.21] using APR version [1.6.5].
2020/04/16-15:18:58 [main] INFO  org.apache.catalina.core.AprLifecycleListener- APR capabilities: IPv6 [true], sendfile [true], accept filters [false], random [true].
2020/04/16-15:18:58 [main] INFO  org.apache.catalina.core.AprLifecycleListener- APR/OpenSSL configuration: useAprConnector [false], useOpenSSL [true]
2020/04/16-15:18:58 [main] INFO  org.apache.catalina.core.AprLifecycleListener- OpenSSL successfully initialized [OpenSSL 1.1.1a  20 Nov 2018]
2020/04/16-15:18:58 [main] INFO  org.apache.catalina.core.ContainerBase.[Tomcat].[localhost].[/]- Initializing Spring embedded WebApplicationContext
2020/04/16-15:18:58 [main] INFO  org.springframework.web.context.ContextLoader- Root WebApplicationContext: initialization completed in 729 ms
2020/04/16-15:18:58 [main] INFO  org.springframework.scheduling.concurrent.ThreadPoolTaskExecutor- Initializing ExecutorService 'applicationTaskExecutor'
2020/04/16-15:18:59 [main] INFO  org.apache.coyote.http11.Http11NioProtocol- Starting ProtocolHandler ["http-nio-8890"]
2020/04/16-15:18:59 [main] INFO  org.springframework.boot.web.embedded.tomcat.TomcatWebServer- Tomcat started on port(s): 8890 (http) with context path ''
2020/04/16-15:18:59 [main] INFO  com.gl.gl_wechat.GlWechatApplication- Started GlWechatApplication in 1.456 seconds (JVM running for 2.332)
2020/04/16-15:19:13 [main] INFO  org.springframework.boot.test.context.SpringBootTestContextBootstrapper- Neither @ContextConfiguration nor @ContextHierarchy found for test class [com.gl.gl_wechat.GlWechatApplicationTests], using SpringBootContextLoader
2020/04/16-15:19:13 [main] INFO  org.springframework.test.context.support.AbstractContextLoader- Could not detect default resource locations for test class [com.gl.gl_wechat.GlWechatApplicationTests]: no resource found for suffixes {-context.xml, Context.groovy}.
2020/04/16-15:19:13 [main] INFO  org.springframework.test.context.support.AnnotationConfigContextLoaderUtils- Could not detect default configuration classes for test class [com.gl.gl_wechat.GlWechatApplicationTests]: GlWechatApplicationTests does not declare any static, non-private, non-final, nested classes annotated with @Configuration.
2020/04/16-15:19:13 [main] INFO  org.springframework.boot.test.context.SpringBootTestContextBootstrapper- Found @SpringBootConfiguration com.gl.gl_wechat.GlWechatApplication for test class com.gl.gl_wechat.GlWechatApplicationTests
2020/04/16-15:19:13 [main] INFO  org.springframework.boot.test.context.SpringBootTestContextBootstrapper- Loaded default TestExecutionListener class names from location [META-INF/spring.factories]: [org.springframework.boot.test.mock.mockito.MockitoTestExecutionListener, org.springframework.boot.test.mock.mockito.ResetMocksTestExecutionListener, org.springframework.boot.test.autoconfigure.restdocs.RestDocsTestExecutionListener, org.springframework.boot.test.autoconfigure.web.client.MockRestServiceServerResetTestExecutionListener, org.springframework.boot.test.autoconfigure.web.servlet.MockMvcPrintOnlyOnFailureTestExecutionListener, org.springframework.boot.test.autoconfigure.web.servlet.WebDriverTestExecutionListener, org.springframework.test.context.web.ServletTestExecutionListener, org.springframework.test.context.support.DirtiesContextBeforeModesTestExecutionListener, org.springframework.test.context.support.DependencyInjectionTestExecutionListener, org.springframework.test.context.support.DirtiesContextTestExecutionListener, org.springframework.test.context.transaction.TransactionalTestExecutionListener, org.springframework.test.context.jdbc.SqlScriptsTestExecutionListener, org.springframework.test.context.event.EventPublishingTestExecutionListener]
2020/04/16-15:19:13 [main] INFO  org.springframework.boot.test.context.SpringBootTestContextBootstrapper- Using TestExecutionListeners: [org.springframework.test.context.web.ServletTestExecutionListener@32115b28, org.springframework.test.context.support.DirtiesContextBeforeModesTestExecutionListener@2ad48653, org.springframework.boot.test.mock.mockito.MockitoTestExecutionListener@6bb4dd34, org.springframework.boot.test.autoconfigure.SpringBootDependencyInjectionTestExecutionListener@7d9f158f, org.springframework.test.context.support.DirtiesContextTestExecutionListener@45efd90f, org.springframework.test.context.transaction.TransactionalTestExecutionListener@4b8729ff, org.springframework.test.context.jdbc.SqlScriptsTestExecutionListener@61710c6, org.springframework.test.context.event.EventPublishingTestExecutionListener@3214ee6, org.springframework.boot.test.mock.mockito.ResetMocksTestExecutionListener@383dc82c, org.springframework.boot.test.autoconfigure.restdocs.RestDocsTestExecutionListener@4a07d605, org.springframework.boot.test.autoconfigure.web.client.MockRestServiceServerResetTestExecutionListener@74287ea3, org.springframework.boot.test.autoconfigure.web.servlet.MockMvcPrintOnlyOnFailureTestExecutionListener@7d7758be, org.springframework.boot.test.autoconfigure.web.servlet.WebDriverTestExecutionListener@2bdd8394]
2020/04/16-15:19:14 [main] INFO  com.gl.gl_wechat.GlWechatApplicationTests- Starting GlWechatApplicationTests on LAPTOP-UFUB5A9M with PID 3552 (started by zhaoCong in C:\workSoft\ideaWorkSpace\gl_wechat)
2020/04/16-15:19:14 [main] INFO  com.gl.gl_wechat.GlWechatApplicationTests- The following profiles are active: dev
2020/04/16-15:19:15 [main] INFO  org.springframework.scheduling.concurrent.ThreadPoolTaskExecutor- Initializing ExecutorService 'applicationTaskExecutor'
2020/04/16-15:19:15 [main] INFO  com.gl.gl_wechat.GlWechatApplicationTests- Started GlWechatApplicationTests in 1.85 seconds (JVM running for 2.687)
2020/04/16-15:19:16 [SpringContextShutdownHook] INFO  org.springframework.scheduling.concurrent.ThreadPoolTaskExecutor- Shutting down ExecutorService 'applicationTaskExecutor'
2020/04/16-17:21:39 [main] INFO  com.gl.gl_wechat.GlWechatApplication- Starting GlWechatApplication on LAPTOP-UFUB5A9M with PID 6596 (C:\workSoft\ideaWorkSpace\gl_wechat\target\classes started by zhaoCong in C:\workSoft\ideaWorkSpace\gl_wechat)
2020/04/16-17:21:39 [main] INFO  com.gl.gl_wechat.GlWechatApplication- The following profiles are active: dev
2020/04/16-17:21:40 [main] INFO  org.springframework.boot.web.embedded.tomcat.TomcatWebServer- Tomcat initialized with port(s): 8890 (http)
2020/04/16-17:21:40 [main] INFO  org.apache.coyote.http11.Http11NioProtocol- Initializing ProtocolHandler ["http-nio-8890"]
2020/04/16-17:21:40 [main] INFO  org.apache.catalina.core.StandardService- Starting service [Tomcat]
2020/04/16-17:21:40 [main] INFO  org.apache.catalina.core.StandardEngine- Starting Servlet engine: [Apache Tomcat/9.0.33]
2020/04/16-17:21:40 [main] INFO  org.apache.catalina.core.AprLifecycleListener- An older version [1.2.21] of the APR based Apache Tomcat Native library is installed, while Tomcat recommends a minimum version of [1.2.23]
2020/04/16-17:21:40 [main] INFO  org.apache.catalina.core.AprLifecycleListener- Loaded APR based Apache Tomcat Native library [1.2.21] using APR version [1.6.5].
2020/04/16-17:21:40 [main] INFO  org.apache.catalina.core.AprLifecycleListener- APR capabilities: IPv6 [true], sendfile [true], accept filters [false], random [true].
2020/04/16-17:21:40 [main] INFO  org.apache.catalina.core.AprLifecycleListener- APR/OpenSSL configuration: useAprConnector [false], useOpenSSL [true]
2020/04/16-17:21:40 [main] INFO  org.apache.catalina.core.AprLifecycleListener- OpenSSL successfully initialized [OpenSSL 1.1.1a  20 Nov 2018]
2020/04/16-17:21:40 [main] INFO  org.apache.catalina.core.ContainerBase.[Tomcat].[localhost].[/]- Initializing Spring embedded WebApplicationContext
2020/04/16-17:21:40 [main] INFO  org.springframework.web.context.ContextLoader- Root WebApplicationContext: initialization completed in 750 ms
2020/04/16-17:21:40 [main] INFO  org.springframework.scheduling.concurrent.ThreadPoolTaskExecutor- Initializing ExecutorService 'applicationTaskExecutor'
2020/04/16-17:21:41 [main] INFO  org.apache.coyote.http11.Http11NioProtocol- Starting ProtocolHandler ["http-nio-8890"]
2020/04/16-17:21:41 [main] INFO  org.springframework.boot.web.embedded.tomcat.TomcatWebServer- Tomcat started on port(s): 8890 (http) with context path ''
2020/04/16-17:21:41 [main] INFO  com.gl.gl_wechat.GlWechatApplication- Started GlWechatApplication in 1.524 seconds (JVM running for 2.482)
2020/04/16-17:22:53 [http-nio-8890-exec-1] INFO  org.apache.coyote.http11.Http11Processor- Error parsing HTTP request header
 Note: further occurrences of HTTP request parsing errors will be logged at DEBUG level.
java.lang.IllegalArgumentException: Invalid character found in method name. HTTP method names must be tokens
	at org.apache.coyote.http11.Http11InputBuffer.parseRequestLine(Http11InputBuffer.java:418)
	at org.apache.coyote.http11.Http11Processor.service(Http11Processor.java:260)
	at org.apache.coyote.AbstractProcessorLight.process(AbstractProcessorLight.java:65)
	at org.apache.coyote.AbstractProtocol$ConnectionHandler.process(AbstractProtocol.java:868)
	at org.apache.tomcat.util.net.NioEndpoint$SocketProcessor.doRun(NioEndpoint.java:1594)
	at org.apache.tomcat.util.net.SocketProcessorBase.run(SocketProcessorBase.java:49)
	at java.util.concurrent.ThreadPoolExecutor.runWorker(ThreadPoolExecutor.java:1142)
	at java.util.concurrent.ThreadPoolExecutor$Worker.run(ThreadPoolExecutor.java:617)
	at org.apache.tomcat.util.threads.TaskThread$WrappingRunnable.run(TaskThread.java:61)
	at java.lang.Thread.run(Thread.java:748)
2020/04/16-17:23:04 [http-nio-8890-exec-2] INFO  org.apache.catalina.core.ContainerBase.[Tomcat].[localhost].[/]- Initializing Spring DispatcherServlet 'dispatcherServlet'
2020/04/16-17:23:04 [http-nio-8890-exec-2] INFO  org.springframework.web.servlet.DispatcherServlet- Initializing Servlet 'dispatcherServlet'
2020/04/16-17:23:04 [http-nio-8890-exec-2] INFO  org.springframework.web.servlet.DispatcherServlet- Completed initialization in 5 ms
2020/04/16-17:23:05 [http-nio-8890-exec-2] INFO  com.zaxxer.hikari.HikariDataSource- HikariPool-1 - Starting...
2020/04/16-17:23:05 [http-nio-8890-exec-2] INFO  com.zaxxer.hikari.HikariDataSource- HikariPool-1 - Start completed.
2020/04/16-17:23:05 [http-nio-8890-exec-2] DEBUG com.gl.gl_wechat.dao.WXDao.selectSuperAdmin- ==>  Preparing: SELECT 1 from superadmin WHERE phone = ? 
2020/04/16-17:23:05 [http-nio-8890-exec-2] DEBUG com.gl.gl_wechat.dao.WXDao.selectSuperAdmin- ==> Parameters: 15751776801(String)
2020/04/16-17:23:05 [http-nio-8890-exec-2] DEBUG com.gl.gl_wechat.dao.WXDao.selectSuperAdmin- <==      Total: 1
2020/04/16-17:23:26 [http-nio-8890-exec-3] DEBUG com.gl.gl_wechat.dao.WXDao.selectAdmin- ==>  Preparing: SELECT 1 FROM ( SELECT phone FROM bind UNION SELECT phone FROM superadmin ) a WHERE a.phone = ? 
2020/04/16-17:23:26 [http-nio-8890-exec-3] DEBUG com.gl.gl_wechat.dao.WXDao.selectAdmin- ==> Parameters: 15751776801(String)
2020/04/16-17:23:26 [http-nio-8890-exec-3] DEBUG com.gl.gl_wechat.dao.WXDao.selectAdmin- <==      Total: 1
2020/04/16-17:23:26 [http-nio-8890-exec-3] DEBUG com.gl.gl_wechat.dao.WXDao.selBindDevice- ==>  Preparing: SELECT 1 FROM bind WHERE STATUS = '1' AND NO = ? AND cardNo = ? 
2020/04/16-17:23:26 [http-nio-8890-exec-3] DEBUG com.gl.gl_wechat.dao.WXDao.selBindDevice- ==> Parameters: c23qeqw(String), 1111111111(String)
2020/04/16-17:23:26 [http-nio-8890-exec-3] DEBUG com.gl.gl_wechat.dao.WXDao.selBindDevice- <==      Total: 0
2020/04/16-17:23:26 [http-nio-8890-exec-3] DEBUG com.gl.gl_wechat.dao.WXDao.bindDevice- ==>  Preparing: INSERT INTO bind ( STATUS, phone, productName, model, NO, bindDate, bindLongitude, bindLatitude, bindAddress, cardNo, manufacturer, deviceNO, ID ) VALUES ( '1', ?, ?, ?, ?, ?, ?, ?, ?, ?, ?, ?, ? ) 
2020/04/16-17:23:26 [http-nio-8890-exec-3] DEBUG com.gl.gl_wechat.dao.WXDao.bindDevice- ==> Parameters: 15751776801(String), qwew(String), sadqe(String), c23qeqw(String), 2020-04-03 13:40:45(String), 424.232(String), 22.37(String), 12123135bvj(String), 1111111111(String), ads(String), asd(String), ads(String)
2020/04/16-17:23:26 [http-nio-8890-exec-3] DEBUG com.gl.gl_wechat.dao.WXDao.bindDevice- <==    Updates: 1
2020/04/16-17:23:42 [http-nio-8890-exec-4] DEBUG com.gl.gl_wechat.dao.WXDao.selectAdmin- ==>  Preparing: SELECT 1 FROM ( SELECT phone FROM bind UNION SELECT phone FROM superadmin ) a WHERE a.phone = ? 
2020/04/16-17:23:42 [http-nio-8890-exec-4] DEBUG com.gl.gl_wechat.dao.WXDao.selectAdmin- ==> Parameters: 15751776801(String)
2020/04/16-17:23:42 [http-nio-8890-exec-4] DEBUG com.gl.gl_wechat.dao.WXDao.selectAdmin- <==      Total: 1
2020/04/16-17:23:42 [http-nio-8890-exec-4] DEBUG com.gl.gl_wechat.dao.WXDao.selBindDevice- ==>  Preparing: SELECT 1 FROM bind WHERE STATUS = '1' AND NO = ? AND cardNo = ? 
2020/04/16-17:23:42 [http-nio-8890-exec-4] DEBUG com.gl.gl_wechat.dao.WXDao.selBindDevice- ==> Parameters: c23qeqw(String), 1111111111(String)
2020/04/16-17:23:42 [http-nio-8890-exec-4] DEBUG com.gl.gl_wechat.dao.WXDao.selBindDevice- <==      Total: 1
2020/04/16-17:23:42 [http-nio-8890-exec-4] DEBUG com.gl.gl_wechat.dao.WXDao.unBind- ==>  Preparing: UPDATE bind SET STATUS = '0' WHERE NO = ? AND cardNo = ? 
2020/04/16-17:23:42 [http-nio-8890-exec-4] DEBUG com.gl.gl_wechat.dao.WXDao.unBind- ==> Parameters: c23qeqw(String), 1111111111(String)
2020/04/16-17:23:42 [http-nio-8890-exec-4] DEBUG com.gl.gl_wechat.dao.WXDao.unBind- <==    Updates: 1
2020/04/16-17:24:10 [main] INFO  org.springframework.boot.test.context.SpringBootTestContextBootstrapper- Neither @ContextConfiguration nor @ContextHierarchy found for test class [com.gl.gl_wechat.GlWechatApplicationTests], using SpringBootContextLoader
2020/04/16-17:24:10 [main] INFO  org.springframework.test.context.support.AbstractContextLoader- Could not detect default resource locations for test class [com.gl.gl_wechat.GlWechatApplicationTests]: no resource found for suffixes {-context.xml, Context.groovy}.
2020/04/16-17:24:10 [main] INFO  org.springframework.test.context.support.AnnotationConfigContextLoaderUtils- Could not detect default configuration classes for test class [com.gl.gl_wechat.GlWechatApplicationTests]: GlWechatApplicationTests does not declare any static, non-private, non-final, nested classes annotated with @Configuration.
2020/04/16-17:24:10 [main] INFO  org.springframework.boot.test.context.SpringBootTestContextBootstrapper- Found @SpringBootConfiguration com.gl.gl_wechat.GlWechatApplication for test class com.gl.gl_wechat.GlWechatApplicationTests
2020/04/16-17:24:10 [main] INFO  org.springframework.boot.test.context.SpringBootTestContextBootstrapper- Loaded default TestExecutionListener class names from location [META-INF/spring.factories]: [org.springframework.boot.test.mock.mockito.MockitoTestExecutionListener, org.springframework.boot.test.mock.mockito.ResetMocksTestExecutionListener, org.springframework.boot.test.autoconfigure.restdocs.RestDocsTestExecutionListener, org.springframework.boot.test.autoconfigure.web.client.MockRestServiceServerResetTestExecutionListener, org.springframework.boot.test.autoconfigure.web.servlet.MockMvcPrintOnlyOnFailureTestExecutionListener, org.springframework.boot.test.autoconfigure.web.servlet.WebDriverTestExecutionListener, org.springframework.test.context.web.ServletTestExecutionListener, org.springframework.test.context.support.DirtiesContextBeforeModesTestExecutionListener, org.springframework.test.context.support.DependencyInjectionTestExecutionListener, org.springframework.test.context.support.DirtiesContextTestExecutionListener, org.springframework.test.context.transaction.TransactionalTestExecutionListener, org.springframework.test.context.jdbc.SqlScriptsTestExecutionListener, org.springframework.test.context.event.EventPublishingTestExecutionListener]
2020/04/16-17:24:10 [main] INFO  org.springframework.boot.test.context.SpringBootTestContextBootstrapper- Using TestExecutionListeners: [org.springframework.test.context.web.ServletTestExecutionListener@32115b28, org.springframework.test.context.support.DirtiesContextBeforeModesTestExecutionListener@2ad48653, org.springframework.boot.test.mock.mockito.MockitoTestExecutionListener@6bb4dd34, org.springframework.boot.test.autoconfigure.SpringBootDependencyInjectionTestExecutionListener@7d9f158f, org.springframework.test.context.support.DirtiesContextTestExecutionListener@45efd90f, org.springframework.test.context.transaction.TransactionalTestExecutionListener@4b8729ff, org.springframework.test.context.jdbc.SqlScriptsTestExecutionListener@61710c6, org.springframework.test.context.event.EventPublishingTestExecutionListener@3214ee6, org.springframework.boot.test.mock.mockito.ResetMocksTestExecutionListener@383dc82c, org.springframework.boot.test.autoconfigure.restdocs.RestDocsTestExecutionListener@4a07d605, org.springframework.boot.test.autoconfigure.web.client.MockRestServiceServerResetTestExecutionListener@74287ea3, org.springframework.boot.test.autoconfigure.web.servlet.MockMvcPrintOnlyOnFailureTestExecutionListener@7d7758be, org.springframework.boot.test.autoconfigure.web.servlet.WebDriverTestExecutionListener@2bdd8394]
2020/04/16-17:24:10 [main] INFO  com.gl.gl_wechat.GlWechatApplicationTests- Starting GlWechatApplicationTests on LAPTOP-UFUB5A9M with PID 14868 (started by zhaoCong in C:\workSoft\ideaWorkSpace\gl_wechat)
2020/04/16-17:24:10 [main] INFO  com.gl.gl_wechat.GlWechatApplicationTests- The following profiles are active: dev
2020/04/16-17:24:12 [main] INFO  org.springframework.scheduling.concurrent.ThreadPoolTaskExecutor- Initializing ExecutorService 'applicationTaskExecutor'
2020/04/16-17:24:12 [main] INFO  com.gl.gl_wechat.GlWechatApplicationTests- Started GlWechatApplicationTests in 2.097 seconds (JVM running for 3.101)
2020/04/16-17:24:12 [SpringContextShutdownHook] INFO  org.springframework.scheduling.concurrent.ThreadPoolTaskExecutor- Shutting down ExecutorService 'applicationTaskExecutor'
