2020/07/14-09:30:08 [main] INFO  com.gl.gl_wechat.GlWechatApplication- Starting GlWechatApplication on LAPTOP-UFUB5A9M with PID 7212 (C:\workSoft\ideaWorkSpace\gl_wechat\target\classes started by zhaoCong in C:\workSoft\ideaWorkSpace\gl_wechat)
2020/07/14-09:30:08 [main] INFO  com.gl.gl_wechat.GlWechatApplication- The following profiles are active: dev
2020/07/14-09:30:09 [main] INFO  org.springframework.boot.web.embedded.tomcat.TomcatWebServer- Tomcat initialized with port(s): 8890 (http)
2020/07/14-09:30:09 [main] INFO  org.apache.coyote.http11.Http11NioProtocol- Initializing ProtocolHandler ["http-nio-8890"]
2020/07/14-09:30:09 [main] INFO  org.apache.catalina.core.StandardService- Starting service [Tomcat]
2020/07/14-09:30:09 [main] INFO  org.apache.catalina.core.StandardEngine- Starting Servlet engine: [Apache Tomcat/9.0.33]
2020/07/14-09:30:09 [main] INFO  org.apache.catalina.core.AprLifecycleListener- An older version [1.2.21] of the APR based Apache Tomcat Native library is installed, while Tomcat recommends a minimum version of [1.2.23]
2020/07/14-09:30:09 [main] INFO  org.apache.catalina.core.AprLifecycleListener- Loaded APR based Apache Tomcat Native library [1.2.21] using APR version [1.6.5].
2020/07/14-09:30:09 [main] INFO  org.apache.catalina.core.AprLifecycleListener- APR capabilities: IPv6 [true], sendfile [true], accept filters [false], random [true].
2020/07/14-09:30:09 [main] INFO  org.apache.catalina.core.AprLifecycleListener- APR/OpenSSL configuration: useAprConnector [false], useOpenSSL [true]
2020/07/14-09:30:09 [main] INFO  org.apache.catalina.core.AprLifecycleListener- OpenSSL successfully initialized [OpenSSL 1.1.1a  20 Nov 2018]
2020/07/14-09:30:09 [main] INFO  org.apache.catalina.core.ContainerBase.[Tomcat].[localhost].[/]- Initializing Spring embedded WebApplicationContext
2020/07/14-09:30:09 [main] INFO  org.springframework.web.context.ContextLoader- Root WebApplicationContext: initialization completed in 919 ms
2020/07/14-09:30:09 [main] INFO  org.springframework.scheduling.concurrent.ThreadPoolTaskExecutor- Initializing ExecutorService 'applicationTaskExecutor'
2020/07/14-09:30:09 [main] INFO  org.apache.coyote.http11.Http11NioProtocol- Starting ProtocolHandler ["http-nio-8890"]
2020/07/14-09:30:09 [main] INFO  org.springframework.boot.web.embedded.tomcat.TomcatWebServer- Tomcat started on port(s): 8890 (http) with context path ''
2020/07/14-09:30:09 [main] INFO  com.gl.gl_wechat.GlWechatApplication- Started GlWechatApplication in 1.904 seconds (JVM running for 3.69)
2020/07/14-09:30:43 [http-nio-8890-exec-1] INFO  org.apache.catalina.core.ContainerBase.[Tomcat].[localhost].[/]- Initializing Spring DispatcherServlet 'dispatcherServlet'
2020/07/14-09:30:43 [http-nio-8890-exec-1] INFO  org.springframework.web.servlet.DispatcherServlet- Initializing Servlet 'dispatcherServlet'
2020/07/14-09:30:43 [http-nio-8890-exec-1] INFO  org.springframework.web.servlet.DispatcherServlet- Completed initialization in 5 ms
2020/07/14-09:30:43 [http-nio-8890-exec-1] INFO  com.zaxxer.hikari.HikariDataSource- HikariPool-1 - Starting...
2020/07/14-09:30:44 [http-nio-8890-exec-1] INFO  com.zaxxer.hikari.HikariDataSource- HikariPool-1 - Start completed.
2020/07/14-09:30:44 [http-nio-8890-exec-1] DEBUG com.gl.gl_wechat.dao.WXDao.selectAdmin- ==>  Preparing: SELECT 1 FROM ( SELECT phone FROM admin UNION SELECT phone FROM superadmin ) a WHERE a.phone = ? 
2020/07/14-09:30:44 [http-nio-8890-exec-1] DEBUG com.gl.gl_wechat.dao.WXDao.selectAdmin- ==> Parameters: 15751776801(String)
2020/07/14-09:30:44 [http-nio-8890-exec-1] DEBUG com.gl.gl_wechat.dao.WXDao.selectAdmin- <==      Total: 1
2020/07/14-09:30:44 [http-nio-8890-exec-1] DEBUG com.gl.gl_wechat.dao.WXDao.selBindDevice- ==>  Preparing: SELECT 1 FROM bind WHERE STATUS = '1' AND NO = ? AND cardNo = ? 
2020/07/14-09:30:44 [http-nio-8890-exec-1] DEBUG com.gl.gl_wechat.dao.WXDao.selBindDevice- ==> Parameters: c23qeqw(String), 1111111111(String)
2020/07/14-09:30:44 [http-nio-8890-exec-1] DEBUG com.gl.gl_wechat.dao.WXDao.selBindDevice- <==      Total: 1
2020/07/14-09:30:44 [http-nio-8890-exec-1] DEBUG com.gl.gl_wechat.dao.WXDao.unBind- ==>  Preparing: UPDATE bind SET STATUS = '0' WHERE NO = ? AND cardNo = ? 
2020/07/14-09:30:44 [http-nio-8890-exec-1] DEBUG com.gl.gl_wechat.dao.WXDao.unBind- ==> Parameters: c23qeqw(String), 1111111111(String)
2020/07/14-09:30:44 [http-nio-8890-exec-1] DEBUG com.gl.gl_wechat.dao.WXDao.unBind- <==    Updates: 6
2020/07/14-09:30:49 [http-nio-8890-exec-2] DEBUG com.gl.gl_wechat.dao.WXDao.selectAdmin- ==>  Preparing: SELECT 1 FROM ( SELECT phone FROM admin UNION SELECT phone FROM superadmin ) a WHERE a.phone = ? 
2020/07/14-09:30:49 [http-nio-8890-exec-2] DEBUG com.gl.gl_wechat.dao.WXDao.selectAdmin- ==> Parameters: 15751776801(String)
2020/07/14-09:30:49 [http-nio-8890-exec-2] DEBUG com.gl.gl_wechat.dao.WXDao.selectAdmin- <==      Total: 1
2020/07/14-09:30:49 [http-nio-8890-exec-2] DEBUG com.gl.gl_wechat.dao.WXDao.selBindDevice- ==>  Preparing: SELECT 1 FROM bind WHERE STATUS = '1' AND NO = ? AND cardNo = ? 
2020/07/14-09:30:49 [http-nio-8890-exec-2] DEBUG com.gl.gl_wechat.dao.WXDao.selBindDevice- ==> Parameters: c23qeqw(String), 1111111111(String)
2020/07/14-09:30:49 [http-nio-8890-exec-2] DEBUG com.gl.gl_wechat.dao.WXDao.selBindDevice- <==      Total: 0
2020/07/14-09:30:49 [http-nio-8890-exec-2] DEBUG com.gl.gl_wechat.dao.WXDao.selExists- ==>  Preparing: SELECT 1 FROM bind WHERE bindLatLongitude = ? 
2020/07/14-09:30:49 [http-nio-8890-exec-2] DEBUG com.gl.gl_wechat.dao.WXDao.selExists- ==> Parameters: 424.232(String)
2020/07/14-09:30:49 [http-nio-8890-exec-2] DEBUG com.gl.gl_wechat.dao.WXDao.selExists- <==      Total: 8
2020/07/14-09:30:49 [http-nio-8890-exec-2] ERROR org.apache.catalina.core.ContainerBase.[Tomcat].[localhost].[/].[dispatcherServlet]- Servlet.service() for servlet [dispatcherServlet] in context with path [] threw exception [Request processing failed; nested exception is org.mybatis.spring.MyBatisSystemException: nested exception is org.apache.ibatis.exceptions.TooManyResultsException: Expected one result (or null) to be returned by selectOne(), but found: 8] with root cause
org.apache.ibatis.exceptions.TooManyResultsException: Expected one result (or null) to be returned by selectOne(), but found: 8
	at org.apache.ibatis.session.defaults.DefaultSqlSession.selectOne(DefaultSqlSession.java:80)
	at sun.reflect.NativeMethodAccessorImpl.invoke0(Native Method)
	at sun.reflect.NativeMethodAccessorImpl.invoke(NativeMethodAccessorImpl.java:62)
	at sun.reflect.DelegatingMethodAccessorImpl.invoke(DelegatingMethodAccessorImpl.java:43)
	at java.lang.reflect.Method.invoke(Method.java:498)
	at org.mybatis.spring.SqlSessionTemplate$SqlSessionInterceptor.invoke(SqlSessionTemplate.java:426)
	at com.sun.proxy.$Proxy68.selectOne(Unknown Source)
	at org.mybatis.spring.SqlSessionTemplate.selectOne(SqlSessionTemplate.java:159)
	at org.apache.ibatis.binding.MapperMethod.execute(MapperMethod.java:87)
	at org.apache.ibatis.binding.MapperProxy$PlainMethodInvoker.invoke(MapperProxy.java:144)
	at org.apache.ibatis.binding.MapperProxy.invoke(MapperProxy.java:85)
	at com.sun.proxy.$Proxy69.selExists(Unknown Source)
	at sun.reflect.NativeMethodAccessorImpl.invoke0(Native Method)
	at sun.reflect.NativeMethodAccessorImpl.invoke(NativeMethodAccessorImpl.java:62)
	at sun.reflect.DelegatingMethodAccessorImpl.invoke(DelegatingMethodAccessorImpl.java:43)
	at java.lang.reflect.Method.invoke(Method.java:498)
	at org.springframework.aop.support.AopUtils.invokeJoinpointUsingReflection(AopUtils.java:344)
	at org.springframework.aop.framework.ReflectiveMethodInvocation.invokeJoinpoint(ReflectiveMethodInvocation.java:198)
	at org.springframework.aop.framework.ReflectiveMethodInvocation.proceed(ReflectiveMethodInvocation.java:163)
	at org.springframework.dao.support.PersistenceExceptionTranslationInterceptor.invoke(PersistenceExceptionTranslationInterceptor.java:139)
	at org.springframework.aop.framework.ReflectiveMethodInvocation.proceed(ReflectiveMethodInvocation.java:186)
	at org.springframework.aop.framework.JdkDynamicAopProxy.invoke(JdkDynamicAopProxy.java:212)
	at com.sun.proxy.$Proxy70.selExists(Unknown Source)
	at com.gl.gl_wechat.service.impl.WXServiceImpl.selExists(WXServiceImpl.java:77)
	at com.gl.gl_wechat.service.impl.WXServiceImpl$$FastClassBySpringCGLIB$$f1040049.invoke(<generated>)
	at org.springframework.cglib.proxy.MethodProxy.invoke(MethodProxy.java:218)
	at org.springframework.aop.framework.CglibAopProxy$CglibMethodInvocation.invokeJoinpoint(CglibAopProxy.java:771)
	at org.springframework.aop.framework.ReflectiveMethodInvocation.proceed(ReflectiveMethodInvocation.java:163)
	at org.springframework.aop.framework.CglibAopProxy$CglibMethodInvocation.proceed(CglibAopProxy.java:749)
	at org.springframework.transaction.interceptor.TransactionAspectSupport.invokeWithinTransaction(TransactionAspectSupport.java:366)
	at org.springframework.transaction.interceptor.TransactionInterceptor.invoke(TransactionInterceptor.java:118)
	at org.springframework.aop.framework.ReflectiveMethodInvocation.proceed(ReflectiveMethodInvocation.java:186)
	at org.springframework.aop.framework.CglibAopProxy$CglibMethodInvocation.proceed(CglibAopProxy.java:749)
	at org.springframework.aop.framework.CglibAopProxy$DynamicAdvisedInterceptor.intercept(CglibAopProxy.java:691)
	at com.gl.gl_wechat.service.impl.WXServiceImpl$$EnhancerBySpringCGLIB$$7047684c.selExists(<generated>)
	at com.gl.gl_wechat.controller.wxController.bind(wxController.java:524)
	at sun.reflect.NativeMethodAccessorImpl.invoke0(Native Method)
	at sun.reflect.NativeMethodAccessorImpl.invoke(NativeMethodAccessorImpl.java:62)
	at sun.reflect.DelegatingMethodAccessorImpl.invoke(DelegatingMethodAccessorImpl.java:43)
	at java.lang.reflect.Method.invoke(Method.java:498)
	at org.springframework.web.method.support.InvocableHandlerMethod.doInvoke(InvocableHandlerMethod.java:190)
	at org.springframework.web.method.support.InvocableHandlerMethod.invokeForRequest(InvocableHandlerMethod.java:138)
	at org.springframework.web.servlet.mvc.method.annotation.ServletInvocableHandlerMethod.invokeAndHandle(ServletInvocableHandlerMethod.java:105)
	at org.springframework.web.servlet.mvc.method.annotation.RequestMappingHandlerAdapter.invokeHandlerMethod(RequestMappingHandlerAdapter.java:879)
	at org.springframework.web.servlet.mvc.method.annotation.RequestMappingHandlerAdapter.handleInternal(RequestMappingHandlerAdapter.java:793)
	at org.springframework.web.servlet.mvc.method.AbstractHandlerMethodAdapter.handle(AbstractHandlerMethodAdapter.java:87)
	at org.springframework.web.servlet.DispatcherServlet.doDispatch(DispatcherServlet.java:1040)
	at org.springframework.web.servlet.DispatcherServlet.doService(DispatcherServlet.java:943)
	at org.springframework.web.servlet.FrameworkServlet.processRequest(FrameworkServlet.java:1006)
	at org.springframework.web.servlet.FrameworkServlet.doPost(FrameworkServlet.java:909)
	at javax.servlet.http.HttpServlet.service(HttpServlet.java:660)
	at org.springframework.web.servlet.FrameworkServlet.service(FrameworkServlet.java:883)
	at javax.servlet.http.HttpServlet.service(HttpServlet.java:741)
	at org.apache.catalina.core.ApplicationFilterChain.internalDoFilter(ApplicationFilterChain.java:231)
	at org.apache.catalina.core.ApplicationFilterChain.doFilter(ApplicationFilterChain.java:166)
	at org.apache.tomcat.websocket.server.WsFilter.doFilter(WsFilter.java:53)
	at org.apache.catalina.core.ApplicationFilterChain.internalDoFilter(ApplicationFilterChain.java:193)
	at org.apache.catalina.core.ApplicationFilterChain.doFilter(ApplicationFilterChain.java:166)
	at org.springframework.web.filter.RequestContextFilter.doFilterInternal(RequestContextFilter.java:100)
	at org.springframework.web.filter.OncePerRequestFilter.doFilter(OncePerRequestFilter.java:119)
	at org.apache.catalina.core.ApplicationFilterChain.internalDoFilter(ApplicationFilterChain.java:193)
	at org.apache.catalina.core.ApplicationFilterChain.doFilter(ApplicationFilterChain.java:166)
	at org.springframework.web.filter.FormContentFilter.doFilterInternal(FormContentFilter.java:93)
	at org.springframework.web.filter.OncePerRequestFilter.doFilter(OncePerRequestFilter.java:119)
	at org.apache.catalina.core.ApplicationFilterChain.internalDoFilter(ApplicationFilterChain.java:193)
	at org.apache.catalina.core.ApplicationFilterChain.doFilter(ApplicationFilterChain.java:166)
	at org.springframework.web.filter.CharacterEncodingFilter.doFilterInternal(CharacterEncodingFilter.java:201)
	at org.springframework.web.filter.OncePerRequestFilter.doFilter(OncePerRequestFilter.java:119)
	at org.apache.catalina.core.ApplicationFilterChain.internalDoFilter(ApplicationFilterChain.java:193)
	at org.apache.catalina.core.ApplicationFilterChain.doFilter(ApplicationFilterChain.java:166)
	at org.apache.catalina.core.StandardWrapperValve.invoke(StandardWrapperValve.java:202)
	at org.apache.catalina.core.StandardContextValve.invoke(StandardContextValve.java:96)
	at org.apache.catalina.authenticator.AuthenticatorBase.invoke(AuthenticatorBase.java:541)
	at org.apache.catalina.core.StandardHostValve.invoke(StandardHostValve.java:139)
	at org.apache.catalina.valves.ErrorReportValve.invoke(ErrorReportValve.java:92)
	at org.apache.catalina.core.StandardEngineValve.invoke(StandardEngineValve.java:74)
	at org.apache.catalina.connector.CoyoteAdapter.service(CoyoteAdapter.java:343)
	at org.apache.coyote.http11.Http11Processor.service(Http11Processor.java:373)
	at org.apache.coyote.AbstractProcessorLight.process(AbstractProcessorLight.java:65)
	at org.apache.coyote.AbstractProtocol$ConnectionHandler.process(AbstractProtocol.java:868)
	at org.apache.tomcat.util.net.NioEndpoint$SocketProcessor.doRun(NioEndpoint.java:1594)
	at org.apache.tomcat.util.net.SocketProcessorBase.run(SocketProcessorBase.java:49)
	at java.util.concurrent.ThreadPoolExecutor.runWorker(ThreadPoolExecutor.java:1142)
	at java.util.concurrent.ThreadPoolExecutor$Worker.run(ThreadPoolExecutor.java:617)
	at org.apache.tomcat.util.threads.TaskThread$WrappingRunnable.run(TaskThread.java:61)
	at java.lang.Thread.run(Thread.java:748)
2020/07/14-09:32:09 [SpringContextShutdownHook] INFO  org.springframework.scheduling.concurrent.ThreadPoolTaskExecutor- Shutting down ExecutorService 'applicationTaskExecutor'
2020/07/14-09:32:09 [SpringContextShutdownHook] INFO  com.zaxxer.hikari.HikariDataSource- HikariPool-1 - Shutdown initiated...
2020/07/14-09:32:09 [SpringContextShutdownHook] INFO  com.zaxxer.hikari.HikariDataSource- HikariPool-1 - Shutdown completed.
2020/07/14-09:35:10 [main] INFO  com.gl.gl_wechat.GlWechatApplication- Starting GlWechatApplication on LAPTOP-UFUB5A9M with PID 6812 (C:\workSoft\ideaWorkSpace\gl_wechat\target\classes started by zhaoCong in C:\workSoft\ideaWorkSpace\gl_wechat)
2020/07/14-09:35:10 [main] INFO  com.gl.gl_wechat.GlWechatApplication- The following profiles are active: dev
2020/07/14-09:35:11 [main] INFO  org.springframework.boot.web.embedded.tomcat.TomcatWebServer- Tomcat initialized with port(s): 8890 (http)
2020/07/14-09:35:11 [main] INFO  org.apache.coyote.http11.Http11NioProtocol- Initializing ProtocolHandler ["http-nio-8890"]
2020/07/14-09:35:11 [main] INFO  org.apache.catalina.core.StandardService- Starting service [Tomcat]
2020/07/14-09:35:11 [main] INFO  org.apache.catalina.core.StandardEngine- Starting Servlet engine: [Apache Tomcat/9.0.33]
2020/07/14-09:35:11 [main] INFO  org.apache.catalina.core.AprLifecycleListener- An older version [1.2.21] of the APR based Apache Tomcat Native library is installed, while Tomcat recommends a minimum version of [1.2.23]
2020/07/14-09:35:11 [main] INFO  org.apache.catalina.core.AprLifecycleListener- Loaded APR based Apache Tomcat Native library [1.2.21] using APR version [1.6.5].
2020/07/14-09:35:11 [main] INFO  org.apache.catalina.core.AprLifecycleListener- APR capabilities: IPv6 [true], sendfile [true], accept filters [false], random [true].
2020/07/14-09:35:11 [main] INFO  org.apache.catalina.core.AprLifecycleListener- APR/OpenSSL configuration: useAprConnector [false], useOpenSSL [true]
2020/07/14-09:35:11 [main] INFO  org.apache.catalina.core.AprLifecycleListener- OpenSSL successfully initialized [OpenSSL 1.1.1a  20 Nov 2018]
2020/07/14-09:35:11 [main] INFO  org.apache.catalina.core.ContainerBase.[Tomcat].[localhost].[/]- Initializing Spring embedded WebApplicationContext
2020/07/14-09:35:11 [main] INFO  org.springframework.web.context.ContextLoader- Root WebApplicationContext: initialization completed in 873 ms
2020/07/14-09:35:11 [main] INFO  org.springframework.scheduling.concurrent.ThreadPoolTaskExecutor- Initializing ExecutorService 'applicationTaskExecutor'
2020/07/14-09:35:11 [main] INFO  org.apache.coyote.http11.Http11NioProtocol- Starting ProtocolHandler ["http-nio-8890"]
2020/07/14-09:35:11 [main] INFO  org.springframework.boot.web.embedded.tomcat.TomcatWebServer- Tomcat started on port(s): 8890 (http) with context path ''
2020/07/14-09:35:11 [main] INFO  com.gl.gl_wechat.GlWechatApplication- Started GlWechatApplication in 1.861 seconds (JVM running for 3.16)
2020/07/14-09:37:36 [http-nio-8890-exec-1] INFO  org.apache.catalina.core.ContainerBase.[Tomcat].[localhost].[/]- Initializing Spring DispatcherServlet 'dispatcherServlet'
2020/07/14-09:37:36 [http-nio-8890-exec-1] INFO  org.springframework.web.servlet.DispatcherServlet- Initializing Servlet 'dispatcherServlet'
2020/07/14-09:37:36 [http-nio-8890-exec-1] INFO  org.springframework.web.servlet.DispatcherServlet- Completed initialization in 5 ms
2020/07/14-09:37:36 [http-nio-8890-exec-1] INFO  com.zaxxer.hikari.HikariDataSource- HikariPool-1 - Starting...
2020/07/14-09:37:36 [http-nio-8890-exec-1] INFO  com.zaxxer.hikari.HikariDataSource- HikariPool-1 - Start completed.
2020/07/14-09:37:36 [http-nio-8890-exec-1] DEBUG com.gl.gl_wechat.dao.WXDao.selectAdmin- ==>  Preparing: SELECT 1 FROM ( SELECT phone FROM admin UNION SELECT phone FROM superadmin ) a WHERE a.phone = ? 
2020/07/14-09:37:36 [http-nio-8890-exec-1] DEBUG com.gl.gl_wechat.dao.WXDao.selectAdmin- ==> Parameters: 15751776801(String)
2020/07/14-09:37:36 [http-nio-8890-exec-1] DEBUG com.gl.gl_wechat.dao.WXDao.selectAdmin- <==      Total: 1
2020/07/14-09:37:37 [http-nio-8890-exec-1] DEBUG com.gl.gl_wechat.dao.WXDao.selBindDevice- ==>  Preparing: SELECT 1 FROM bind WHERE STATUS = '1' AND NO = ? AND cardNo = ? 
2020/07/14-09:37:37 [http-nio-8890-exec-1] DEBUG com.gl.gl_wechat.dao.WXDao.selBindDevice- ==> Parameters: c23qeqw(String), 1111111111(String)
2020/07/14-09:37:37 [http-nio-8890-exec-1] DEBUG com.gl.gl_wechat.dao.WXDao.selBindDevice- <==      Total: 0
2020/07/14-09:37:37 [http-nio-8890-exec-1] DEBUG com.gl.gl_wechat.dao.WXDao.selExists- ==>  Preparing: SELECT 1 FROM bind WHERE STATUS = '1' AND bindLatLongitude = ? LIMIT 1 
2020/07/14-09:37:37 [http-nio-8890-exec-1] DEBUG com.gl.gl_wechat.dao.WXDao.selExists- ==> Parameters: 424.232(String)
2020/07/14-09:37:37 [http-nio-8890-exec-1] DEBUG com.gl.gl_wechat.dao.WXDao.selExists- <==      Total: 0
2020/07/14-09:37:37 [http-nio-8890-exec-1] DEBUG com.gl.gl_wechat.dao.WXDao.bindDevice- ==>  Preparing: INSERT INTO bind ( STATUS, phone, productName, model, NO, bindDate, bindLatLongitude, bindAddress, detailAddress, cardNo, manufacturer, deviceNO, ID, NOPicture, cardNoPicture) VALUES ( '1', ?, ?, ?, ?, ?, ?, ?, ?, ?, ?, ?, ?, ?, ? ) 
2020/07/14-09:37:37 [http-nio-8890-exec-1] DEBUG com.gl.gl_wechat.dao.WXDao.bindDevice- ==> Parameters: 15751776801(String), qwew(String), sadqe(String), c23qeqw(String), 2020-04-03 13:40:45(String), 424.232(String), 12123135bvj(String), null, 1111111111(String), ads(String), asd(String), ads(String), C:/ThingworxStorage/repository/GLDevice.Images/1594690657015_c23qeqw.jpg(String), C:/ThingworxStorage/repository/GLDevice.Images/1594690657016_1111111111.jpg(String)
2020/07/14-09:37:37 [http-nio-8890-exec-1] DEBUG com.gl.gl_wechat.dao.WXDao.bindDevice- <==    Updates: 1
2020/07/14-09:37:45 [http-nio-8890-exec-2] DEBUG com.gl.gl_wechat.dao.WXDao.selectAdmin- ==>  Preparing: SELECT 1 FROM ( SELECT phone FROM admin UNION SELECT phone FROM superadmin ) a WHERE a.phone = ? 
2020/07/14-09:37:45 [http-nio-8890-exec-2] DEBUG com.gl.gl_wechat.dao.WXDao.selectAdmin- ==> Parameters: 15751776801(String)
2020/07/14-09:37:45 [http-nio-8890-exec-2] DEBUG com.gl.gl_wechat.dao.WXDao.selectAdmin- <==      Total: 1
2020/07/14-09:37:45 [http-nio-8890-exec-2] DEBUG com.gl.gl_wechat.dao.WXDao.selBindDevice- ==>  Preparing: SELECT 1 FROM bind WHERE STATUS = '1' AND NO = ? AND cardNo = ? 
2020/07/14-09:37:45 [http-nio-8890-exec-2] DEBUG com.gl.gl_wechat.dao.WXDao.selBindDevice- ==> Parameters: c23qeqw(String), 1111111111(String)
2020/07/14-09:37:45 [http-nio-8890-exec-2] DEBUG com.gl.gl_wechat.dao.WXDao.selBindDevice- <==      Total: 1
2020/07/14-09:37:45 [http-nio-8890-exec-2] DEBUG com.gl.gl_wechat.dao.WXDao.unBind- ==>  Preparing: UPDATE bind SET STATUS = '0' WHERE NO = ? AND cardNo = ? 
2020/07/14-09:37:45 [http-nio-8890-exec-2] DEBUG com.gl.gl_wechat.dao.WXDao.unBind- ==> Parameters: c23qeqw(String), 1111111111(String)
2020/07/14-09:37:45 [http-nio-8890-exec-2] DEBUG com.gl.gl_wechat.dao.WXDao.unBind- <==    Updates: 7
2020/07/14-09:38:03 [http-nio-8890-exec-3] DEBUG com.gl.gl_wechat.dao.WXDao.selectAdmin- ==>  Preparing: SELECT 1 FROM ( SELECT phone FROM admin UNION SELECT phone FROM superadmin ) a WHERE a.phone = ? 
2020/07/14-09:38:03 [http-nio-8890-exec-3] DEBUG com.gl.gl_wechat.dao.WXDao.selectAdmin- ==> Parameters: 15751776801(String)
2020/07/14-09:38:03 [http-nio-8890-exec-3] DEBUG com.gl.gl_wechat.dao.WXDao.selectAdmin- <==      Total: 1
2020/07/14-09:38:03 [http-nio-8890-exec-3] DEBUG com.gl.gl_wechat.dao.WXDao.selBindDevice- ==>  Preparing: SELECT 1 FROM bind WHERE STATUS = '1' AND NO = ? AND cardNo = ? 
2020/07/14-09:38:03 [http-nio-8890-exec-3] DEBUG com.gl.gl_wechat.dao.WXDao.selBindDevice- ==> Parameters: c23qeqw(String), 1111111111(String)
2020/07/14-09:38:03 [http-nio-8890-exec-3] DEBUG com.gl.gl_wechat.dao.WXDao.selBindDevice- <==      Total: 0
2020/07/14-09:38:03 [http-nio-8890-exec-3] DEBUG com.gl.gl_wechat.dao.WXDao.selExists- ==>  Preparing: SELECT 1 FROM bind WHERE STATUS = '1' AND bindLatLongitude = ? LIMIT 1 
2020/07/14-09:38:03 [http-nio-8890-exec-3] DEBUG com.gl.gl_wechat.dao.WXDao.selExists- ==> Parameters: 424.232(String)
2020/07/14-09:38:03 [http-nio-8890-exec-3] DEBUG com.gl.gl_wechat.dao.WXDao.selExists- <==      Total: 0
2020/07/14-09:38:03 [http-nio-8890-exec-3] DEBUG com.gl.gl_wechat.dao.WXDao.bindDevice- ==>  Preparing: INSERT INTO bind ( STATUS, phone, productName, model, NO, bindDate, bindLatLongitude, bindAddress, detailAddress, cardNo, manufacturer, deviceNO, ID, NOPicture, cardNoPicture) VALUES ( '1', ?, ?, ?, ?, ?, ?, ?, ?, ?, ?, ?, ?, ?, ? ) 
2020/07/14-09:38:03 [http-nio-8890-exec-3] DEBUG com.gl.gl_wechat.dao.WXDao.bindDevice- ==> Parameters: 15751776801(String), qwew(String), sadqe(String), c23qeqw(String), 2020-04-03 13:40:45(String), 424.232(String), 12123135bvj(String), null, 1111111111(String), ads(String), asd(String), ads(String), C:/ThingworxStorage/repository/GLDevice.Images/1594690683024_c23qeqw.jpg(String), C:/ThingworxStorage/repository/GLDevice.Images/1594690683024_1111111111.jpg(String)
2020/07/14-09:38:03 [http-nio-8890-exec-3] DEBUG com.gl.gl_wechat.dao.WXDao.bindDevice- <==    Updates: 1
2020/07/14-09:38:16 [http-nio-8890-exec-4] DEBUG com.gl.gl_wechat.dao.WXDao.selectAdmin- ==>  Preparing: SELECT 1 FROM ( SELECT phone FROM admin UNION SELECT phone FROM superadmin ) a WHERE a.phone = ? 
2020/07/14-09:38:16 [http-nio-8890-exec-4] DEBUG com.gl.gl_wechat.dao.WXDao.selectAdmin- ==> Parameters: 15751776801(String)
2020/07/14-09:38:16 [http-nio-8890-exec-4] DEBUG com.gl.gl_wechat.dao.WXDao.selectAdmin- <==      Total: 1
2020/07/14-09:38:16 [http-nio-8890-exec-4] DEBUG com.gl.gl_wechat.dao.WXDao.selBindDevice- ==>  Preparing: SELECT 1 FROM bind WHERE STATUS = '1' AND NO = ? AND cardNo = ? 
2020/07/14-09:38:16 [http-nio-8890-exec-4] DEBUG com.gl.gl_wechat.dao.WXDao.selBindDevice- ==> Parameters: c23qeqw(String), 111111111111(String)
2020/07/14-09:38:16 [http-nio-8890-exec-4] DEBUG com.gl.gl_wechat.dao.WXDao.selBindDevice- <==      Total: 0
2020/07/14-09:38:16 [http-nio-8890-exec-4] DEBUG com.gl.gl_wechat.dao.WXDao.selExists- ==>  Preparing: SELECT 1 FROM bind WHERE STATUS = '1' AND bindLatLongitude = ? LIMIT 1 
2020/07/14-09:38:16 [http-nio-8890-exec-4] DEBUG com.gl.gl_wechat.dao.WXDao.selExists- ==> Parameters: 424.232(String)
2020/07/14-09:38:16 [http-nio-8890-exec-4] DEBUG com.gl.gl_wechat.dao.WXDao.selExists- <==      Total: 1
2020/07/14-09:38:22 [http-nio-8890-exec-5] DEBUG com.gl.gl_wechat.dao.WXDao.selectAdmin- ==>  Preparing: SELECT 1 FROM ( SELECT phone FROM admin UNION SELECT phone FROM superadmin ) a WHERE a.phone = ? 
2020/07/14-09:38:22 [http-nio-8890-exec-5] DEBUG com.gl.gl_wechat.dao.WXDao.selectAdmin- ==> Parameters: 15751776801(String)
2020/07/14-09:38:22 [http-nio-8890-exec-5] DEBUG com.gl.gl_wechat.dao.WXDao.selectAdmin- <==      Total: 1
2020/07/14-09:38:22 [http-nio-8890-exec-5] DEBUG com.gl.gl_wechat.dao.WXDao.selBindDevice- ==>  Preparing: SELECT 1 FROM bind WHERE STATUS = '1' AND NO = ? AND cardNo = ? 
2020/07/14-09:38:22 [http-nio-8890-exec-5] DEBUG com.gl.gl_wechat.dao.WXDao.selBindDevice- ==> Parameters: c23qeqw(String), 111111111111(String)
2020/07/14-09:38:22 [http-nio-8890-exec-5] DEBUG com.gl.gl_wechat.dao.WXDao.selBindDevice- <==      Total: 0
2020/07/14-09:38:22 [http-nio-8890-exec-5] DEBUG com.gl.gl_wechat.dao.WXDao.selExists- ==>  Preparing: SELECT 1 FROM bind WHERE STATUS = '1' AND bindLatLongitude = ? LIMIT 1 
2020/07/14-09:38:22 [http-nio-8890-exec-5] DEBUG com.gl.gl_wechat.dao.WXDao.selExists- ==> Parameters: 424.232(String)
2020/07/14-09:38:22 [http-nio-8890-exec-5] DEBUG com.gl.gl_wechat.dao.WXDao.selExists- <==      Total: 1
2020/07/14-09:38:23 [http-nio-8890-exec-6] DEBUG com.gl.gl_wechat.dao.WXDao.selectAdmin- ==>  Preparing: SELECT 1 FROM ( SELECT phone FROM admin UNION SELECT phone FROM superadmin ) a WHERE a.phone = ? 
2020/07/14-09:38:23 [http-nio-8890-exec-6] DEBUG com.gl.gl_wechat.dao.WXDao.selectAdmin- ==> Parameters: 15751776801(String)
2020/07/14-09:38:23 [http-nio-8890-exec-6] DEBUG com.gl.gl_wechat.dao.WXDao.selectAdmin- <==      Total: 1
2020/07/14-09:38:23 [http-nio-8890-exec-6] DEBUG com.gl.gl_wechat.dao.WXDao.selBindDevice- ==>  Preparing: SELECT 1 FROM bind WHERE STATUS = '1' AND NO = ? AND cardNo = ? 
2020/07/14-09:38:23 [http-nio-8890-exec-6] DEBUG com.gl.gl_wechat.dao.WXDao.selBindDevice- ==> Parameters: c23qeqw(String), 111111111111(String)
2020/07/14-09:38:23 [http-nio-8890-exec-6] DEBUG com.gl.gl_wechat.dao.WXDao.selBindDevice- <==      Total: 0
2020/07/14-09:38:23 [http-nio-8890-exec-6] DEBUG com.gl.gl_wechat.dao.WXDao.selExists- ==>  Preparing: SELECT 1 FROM bind WHERE STATUS = '1' AND bindLatLongitude = ? LIMIT 1 
2020/07/14-09:38:23 [http-nio-8890-exec-6] DEBUG com.gl.gl_wechat.dao.WXDao.selExists- ==> Parameters: 424.232(String)
2020/07/14-09:38:23 [http-nio-8890-exec-6] DEBUG com.gl.gl_wechat.dao.WXDao.selExists- <==      Total: 1
2020/07/14-09:38:23 [http-nio-8890-exec-7] DEBUG com.gl.gl_wechat.dao.WXDao.selectAdmin- ==>  Preparing: SELECT 1 FROM ( SELECT phone FROM admin UNION SELECT phone FROM superadmin ) a WHERE a.phone = ? 
2020/07/14-09:38:23 [http-nio-8890-exec-7] DEBUG com.gl.gl_wechat.dao.WXDao.selectAdmin- ==> Parameters: 15751776801(String)
2020/07/14-09:38:23 [http-nio-8890-exec-7] DEBUG com.gl.gl_wechat.dao.WXDao.selectAdmin- <==      Total: 1
2020/07/14-09:38:23 [http-nio-8890-exec-7] DEBUG com.gl.gl_wechat.dao.WXDao.selBindDevice- ==>  Preparing: SELECT 1 FROM bind WHERE STATUS = '1' AND NO = ? AND cardNo = ? 
2020/07/14-09:38:23 [http-nio-8890-exec-7] DEBUG com.gl.gl_wechat.dao.WXDao.selBindDevice- ==> Parameters: c23qeqw(String), 111111111111(String)
2020/07/14-09:38:23 [http-nio-8890-exec-7] DEBUG com.gl.gl_wechat.dao.WXDao.selBindDevice- <==      Total: 0
2020/07/14-09:38:23 [http-nio-8890-exec-7] DEBUG com.gl.gl_wechat.dao.WXDao.selExists- ==>  Preparing: SELECT 1 FROM bind WHERE STATUS = '1' AND bindLatLongitude = ? LIMIT 1 
2020/07/14-09:38:23 [http-nio-8890-exec-7] DEBUG com.gl.gl_wechat.dao.WXDao.selExists- ==> Parameters: 424.232(String)
2020/07/14-09:38:23 [http-nio-8890-exec-7] DEBUG com.gl.gl_wechat.dao.WXDao.selExists- <==      Total: 1
2020/07/14-09:39:32 [SpringContextShutdownHook] INFO  org.springframework.scheduling.concurrent.ThreadPoolTaskExecutor- Shutting down ExecutorService 'applicationTaskExecutor'
2020/07/14-09:39:32 [SpringContextShutdownHook] INFO  com.zaxxer.hikari.HikariDataSource- HikariPool-1 - Shutdown initiated...
2020/07/14-09:39:32 [SpringContextShutdownHook] INFO  com.zaxxer.hikari.HikariDataSource- HikariPool-1 - Shutdown completed.
2020/07/14-09:39:53 [main] INFO  org.springframework.boot.test.context.SpringBootTestContextBootstrapper- Neither @ContextConfiguration nor @ContextHierarchy found for test class [com.gl.gl_wechat.GlWechatApplicationTests], using SpringBootContextLoader
2020/07/14-09:39:53 [main] INFO  org.springframework.test.context.support.AbstractContextLoader- Could not detect default resource locations for test class [com.gl.gl_wechat.GlWechatApplicationTests]: no resource found for suffixes {-context.xml, Context.groovy}.
2020/07/14-09:39:53 [main] INFO  org.springframework.test.context.support.AnnotationConfigContextLoaderUtils- Could not detect default configuration classes for test class [com.gl.gl_wechat.GlWechatApplicationTests]: GlWechatApplicationTests does not declare any static, non-private, non-final, nested classes annotated with @Configuration.
2020/07/14-09:39:53 [main] INFO  org.springframework.boot.test.context.SpringBootTestContextBootstrapper- Found @SpringBootConfiguration com.gl.gl_wechat.GlWechatApplication for test class com.gl.gl_wechat.GlWechatApplicationTests
2020/07/14-09:39:54 [main] INFO  org.springframework.boot.test.context.SpringBootTestContextBootstrapper- Loaded default TestExecutionListener class names from location [META-INF/spring.factories]: [org.springframework.boot.test.mock.mockito.MockitoTestExecutionListener, org.springframework.boot.test.mock.mockito.ResetMocksTestExecutionListener, org.springframework.boot.test.autoconfigure.restdocs.RestDocsTestExecutionListener, org.springframework.boot.test.autoconfigure.web.client.MockRestServiceServerResetTestExecutionListener, org.springframework.boot.test.autoconfigure.web.servlet.MockMvcPrintOnlyOnFailureTestExecutionListener, org.springframework.boot.test.autoconfigure.web.servlet.WebDriverTestExecutionListener, org.springframework.test.context.web.ServletTestExecutionListener, org.springframework.test.context.support.DirtiesContextBeforeModesTestExecutionListener, org.springframework.test.context.support.DependencyInjectionTestExecutionListener, org.springframework.test.context.support.DirtiesContextTestExecutionListener, org.springframework.test.context.transaction.TransactionalTestExecutionListener, org.springframework.test.context.jdbc.SqlScriptsTestExecutionListener, org.springframework.test.context.event.EventPublishingTestExecutionListener]
2020/07/14-09:39:54 [main] INFO  org.springframework.boot.test.context.SpringBootTestContextBootstrapper- Using TestExecutionListeners: [org.springframework.test.context.web.ServletTestExecutionListener@16612a51, org.springframework.test.context.support.DirtiesContextBeforeModesTestExecutionListener@54e041a4, org.springframework.boot.test.mock.mockito.MockitoTestExecutionListener@2c78324b, org.springframework.boot.test.autoconfigure.SpringBootDependencyInjectionTestExecutionListener@79defdc, org.springframework.test.context.support.DirtiesContextTestExecutionListener@18317edc, org.springframework.test.context.transaction.TransactionalTestExecutionListener@4e0ae11f, org.springframework.test.context.jdbc.SqlScriptsTestExecutionListener@238d68ff, org.springframework.test.context.event.EventPublishingTestExecutionListener@4b86805d, org.springframework.boot.test.mock.mockito.ResetMocksTestExecutionListener@5852c06f, org.springframework.boot.test.autoconfigure.restdocs.RestDocsTestExecutionListener@4149c063, org.springframework.boot.test.autoconfigure.web.client.MockRestServiceServerResetTestExecutionListener@9cb8225, org.springframework.boot.test.autoconfigure.web.servlet.MockMvcPrintOnlyOnFailureTestExecutionListener@76b07f29, org.springframework.boot.test.autoconfigure.web.servlet.WebDriverTestExecutionListener@38af9828]
2020/07/14-09:39:54 [main] INFO  com.gl.gl_wechat.GlWechatApplicationTests- Starting GlWechatApplicationTests on LAPTOP-UFUB5A9M with PID 13760 (started by zhaoCong in C:\workSoft\ideaWorkSpace\gl_wechat)
2020/07/14-09:39:54 [main] INFO  com.gl.gl_wechat.GlWechatApplicationTests- The following profiles are active: dev
2020/07/14-09:39:55 [main] INFO  org.springframework.scheduling.concurrent.ThreadPoolTaskExecutor- Initializing ExecutorService 'applicationTaskExecutor'
2020/07/14-09:39:56 [main] INFO  com.gl.gl_wechat.GlWechatApplicationTests- Started GlWechatApplicationTests in 2.102 seconds (JVM running for 2.989)
2020/07/14-09:39:56 [SpringContextShutdownHook] INFO  org.springframework.scheduling.concurrent.ThreadPoolTaskExecutor- Shutting down ExecutorService 'applicationTaskExecutor'
