2020/04/23-15:18:28 [main] INFO  org.springframework.boot.test.context.SpringBootTestContextBootstrapper- Neither @ContextConfiguration nor @ContextHierarchy found for test class [com.gl.gl_wechat.GlWechatApplicationTests], using SpringBootContextLoader
2020/04/23-15:18:28 [main] INFO  org.springframework.test.context.support.AbstractContextLoader- Could not detect default resource locations for test class [com.gl.gl_wechat.GlWechatApplicationTests]: no resource found for suffixes {-context.xml, Context.groovy}.
2020/04/23-15:18:28 [main] INFO  org.springframework.test.context.support.AnnotationConfigContextLoaderUtils- Could not detect default configuration classes for test class [com.gl.gl_wechat.GlWechatApplicationTests]: GlWechatApplicationTests does not declare any static, non-private, non-final, nested classes annotated with @Configuration.
2020/04/23-15:18:28 [main] INFO  org.springframework.boot.test.context.SpringBootTestContextBootstrapper- Found @SpringBootConfiguration com.gl.gl_wechat.GlWechatApplication for test class com.gl.gl_wechat.GlWechatApplicationTests
2020/04/23-15:18:28 [main] INFO  org.springframework.boot.test.context.SpringBootTestContextBootstrapper- Loaded default TestExecutionListener class names from location [META-INF/spring.factories]: [org.springframework.boot.test.mock.mockito.MockitoTestExecutionListener, org.springframework.boot.test.mock.mockito.ResetMocksTestExecutionListener, org.springframework.boot.test.autoconfigure.restdocs.RestDocsTestExecutionListener, org.springframework.boot.test.autoconfigure.web.client.MockRestServiceServerResetTestExecutionListener, org.springframework.boot.test.autoconfigure.web.servlet.MockMvcPrintOnlyOnFailureTestExecutionListener, org.springframework.boot.test.autoconfigure.web.servlet.WebDriverTestExecutionListener, org.springframework.test.context.web.ServletTestExecutionListener, org.springframework.test.context.support.DirtiesContextBeforeModesTestExecutionListener, org.springframework.test.context.support.DependencyInjectionTestExecutionListener, org.springframework.test.context.support.DirtiesContextTestExecutionListener, org.springframework.test.context.transaction.TransactionalTestExecutionListener, org.springframework.test.context.jdbc.SqlScriptsTestExecutionListener, org.springframework.test.context.event.EventPublishingTestExecutionListener]
2020/04/23-15:18:28 [main] INFO  org.springframework.boot.test.context.SpringBootTestContextBootstrapper- Using TestExecutionListeners: [org.springframework.test.context.web.ServletTestExecutionListener@22f59fa, org.springframework.test.context.support.DirtiesContextBeforeModesTestExecutionListener@78fa769e, org.springframework.boot.test.mock.mockito.MockitoTestExecutionListener@16612a51, org.springframework.boot.test.autoconfigure.SpringBootDependencyInjectionTestExecutionListener@54e041a4, org.springframework.test.context.support.DirtiesContextTestExecutionListener@2c78324b, org.springframework.test.context.transaction.TransactionalTestExecutionListener@79defdc, org.springframework.test.context.jdbc.SqlScriptsTestExecutionListener@18317edc, org.springframework.test.context.event.EventPublishingTestExecutionListener@4e0ae11f, org.springframework.boot.test.mock.mockito.ResetMocksTestExecutionListener@238d68ff, org.springframework.boot.test.autoconfigure.restdocs.RestDocsTestExecutionListener@4b86805d, org.springframework.boot.test.autoconfigure.web.client.MockRestServiceServerResetTestExecutionListener@5852c06f, org.springframework.boot.test.autoconfigure.web.servlet.MockMvcPrintOnlyOnFailureTestExecutionListener@4149c063, org.springframework.boot.test.autoconfigure.web.servlet.WebDriverTestExecutionListener@9cb8225]
2020/04/23-15:18:28 [main] INFO  com.gl.gl_wechat.GlWechatApplicationTests- Starting GlWechatApplicationTests on LAPTOP-UFUB5A9M with PID 15028 (started by zhaoCong in C:\workSoft\ideaWorkSpace\gl_wechat)
2020/04/23-15:18:28 [main] INFO  com.gl.gl_wechat.GlWechatApplicationTests- The following profiles are active: dev
2020/04/23-15:18:30 [main] INFO  org.springframework.scheduling.concurrent.ThreadPoolTaskExecutor- Initializing ExecutorService 'applicationTaskExecutor'
2020/04/23-15:18:30 [main] INFO  com.gl.gl_wechat.GlWechatApplicationTests- Started GlWechatApplicationTests in 2.243 seconds (JVM running for 3.288)
2020/04/23-15:18:30 [SpringContextShutdownHook] INFO  org.springframework.scheduling.concurrent.ThreadPoolTaskExecutor- Shutting down ExecutorService 'applicationTaskExecutor'
2020/04/23-15:20:36 [main] INFO  com.gl.gl_wechat.GlWechatApplication- Starting GlWechatApplication on LAPTOP-UFUB5A9M with PID 11656 (C:\workSoft\ideaWorkSpace\gl_wechat\target\classes started by zhaoCong in C:\workSoft\ideaWorkSpace\gl_wechat)
2020/04/23-15:20:36 [main] INFO  com.gl.gl_wechat.GlWechatApplication- The following profiles are active: dev
2020/04/23-15:20:36 [main] INFO  org.springframework.boot.web.embedded.tomcat.TomcatWebServer- Tomcat initialized with port(s): 8890 (http)
2020/04/23-15:20:36 [main] INFO  org.apache.coyote.http11.Http11NioProtocol- Initializing ProtocolHandler ["http-nio-8890"]
2020/04/23-15:20:36 [main] INFO  org.apache.catalina.core.StandardService- Starting service [Tomcat]
2020/04/23-15:20:36 [main] INFO  org.apache.catalina.core.StandardEngine- Starting Servlet engine: [Apache Tomcat/9.0.33]
2020/04/23-15:20:36 [main] INFO  org.apache.catalina.core.AprLifecycleListener- An older version [1.2.21] of the APR based Apache Tomcat Native library is installed, while Tomcat recommends a minimum version of [1.2.23]
2020/04/23-15:20:36 [main] INFO  org.apache.catalina.core.AprLifecycleListener- Loaded APR based Apache Tomcat Native library [1.2.21] using APR version [1.6.5].
2020/04/23-15:20:36 [main] INFO  org.apache.catalina.core.AprLifecycleListener- APR capabilities: IPv6 [true], sendfile [true], accept filters [false], random [true].
2020/04/23-15:20:36 [main] INFO  org.apache.catalina.core.AprLifecycleListener- APR/OpenSSL configuration: useAprConnector [false], useOpenSSL [true]
2020/04/23-15:20:36 [main] INFO  org.apache.catalina.core.AprLifecycleListener- OpenSSL successfully initialized [OpenSSL 1.1.1a  20 Nov 2018]
2020/04/23-15:20:36 [main] INFO  org.apache.catalina.core.ContainerBase.[Tomcat].[localhost].[/]- Initializing Spring embedded WebApplicationContext
2020/04/23-15:20:36 [main] INFO  org.springframework.web.context.ContextLoader- Root WebApplicationContext: initialization completed in 829 ms
2020/04/23-15:20:37 [main] INFO  org.springframework.scheduling.concurrent.ThreadPoolTaskExecutor- Initializing ExecutorService 'applicationTaskExecutor'
2020/04/23-15:20:37 [main] INFO  org.apache.coyote.http11.Http11NioProtocol- Starting ProtocolHandler ["http-nio-8890"]
2020/04/23-15:20:37 [main] INFO  org.springframework.boot.web.embedded.tomcat.TomcatWebServer- Tomcat started on port(s): 8890 (http) with context path ''
2020/04/23-15:20:37 [main] INFO  com.gl.gl_wechat.GlWechatApplication- Started GlWechatApplication in 1.654 seconds (JVM running for 2.722)
2020/04/23-15:21:38 [http-nio-8890-exec-1] INFO  org.apache.catalina.core.ContainerBase.[Tomcat].[localhost].[/]- Initializing Spring DispatcherServlet 'dispatcherServlet'
2020/04/23-15:21:38 [http-nio-8890-exec-1] INFO  org.springframework.web.servlet.DispatcherServlet- Initializing Servlet 'dispatcherServlet'
2020/04/23-15:21:38 [http-nio-8890-exec-1] INFO  org.springframework.web.servlet.DispatcherServlet- Completed initialization in 3 ms
2020/04/23-15:21:38 [http-nio-8890-exec-1] INFO  com.zaxxer.hikari.HikariDataSource- HikariPool-1 - Starting...
2020/04/23-15:21:38 [http-nio-8890-exec-1] INFO  com.zaxxer.hikari.HikariDataSource- HikariPool-1 - Start completed.
2020/04/23-15:21:38 [http-nio-8890-exec-1] DEBUG com.gl.gl_wechat.dao.WXDao.selectSuperAdmin- ==>  Preparing: SELECT 1 from superadmin WHERE phone = ? 
2020/04/23-15:21:38 [http-nio-8890-exec-1] DEBUG com.gl.gl_wechat.dao.WXDao.selectSuperAdmin- ==> Parameters: 15751776801(String)
2020/04/23-15:21:38 [http-nio-8890-exec-1] DEBUG com.gl.gl_wechat.dao.WXDao.selectSuperAdmin- <==      Total: 1
2020/04/23-15:21:38 [http-nio-8890-exec-1] DEBUG com.gl.gl_wechat.dao.WXDao.selAdmin- ==>  Preparing: SELECT 1 FROM bind WHERE phone = ? 
2020/04/23-15:21:38 [http-nio-8890-exec-1] DEBUG com.gl.gl_wechat.dao.WXDao.selAdmin- ==> Parameters: 15751778903(String)
2020/04/23-15:21:38 [http-nio-8890-exec-1] DEBUG com.gl.gl_wechat.dao.WXDao.selAdmin- <==      Total: 0
2020/04/23-15:21:38 [http-nio-8890-exec-1] ERROR org.apache.catalina.core.ContainerBase.[Tomcat].[localhost].[/].[dispatcherServlet]- Servlet.service() for servlet [dispatcherServlet] in context with path [] threw exception [Request processing failed; nested exception is org.apache.ibatis.binding.BindingException: Mapper method 'com.gl.gl_wechat.dao.WXDao.selAdmin attempted to return null from a method with a primitive return type (int).] with root cause
org.apache.ibatis.binding.BindingException: Mapper method 'com.gl.gl_wechat.dao.WXDao.selAdmin attempted to return null from a method with a primitive return type (int).
	at org.apache.ibatis.binding.MapperMethod.execute(MapperMethod.java:102)
	at org.apache.ibatis.binding.MapperProxy$PlainMethodInvoker.invoke(MapperProxy.java:144)
	at org.apache.ibatis.binding.MapperProxy.invoke(MapperProxy.java:85)
	at com.sun.proxy.$Proxy69.selAdmin(Unknown Source)
	at sun.reflect.NativeMethodAccessorImpl.invoke0(Native Method)
	at sun.reflect.NativeMethodAccessorImpl.invoke(NativeMethodAccessorImpl.java:62)
	at sun.reflect.DelegatingMethodAccessorImpl.invoke(DelegatingMethodAccessorImpl.java:43)
	at java.lang.reflect.Method.invoke(Method.java:498)
	at org.springframework.aop.support.AopUtils.invokeJoinpointUsingReflection(AopUtils.java:344)
	at org.springframework.aop.framework.ReflectiveMethodInvocation.invokeJoinpoint(ReflectiveMethodInvocation.java:198)
	at org.springframework.aop.framework.ReflectiveMethodInvocation.proceed(ReflectiveMethodInvocation.java:163)
	at org.springframework.dao.support.PersistenceExceptionTranslationInterceptor.invoke(PersistenceExceptionTranslationInterceptor.java:139)
	at org.springframework.aop.framework.ReflectiveMethodInvocation.proceed(ReflectiveMethodInvocation.java:186)
	at org.springframework.aop.framework.JdkDynamicAopProxy.invoke(JdkDynamicAopProxy.java:212)
	at com.sun.proxy.$Proxy70.selAdmin(Unknown Source)
	at com.gl.gl_wechat.service.impl.WXServiceImpl.selAdmin(WXServiceImpl.java:67)
	at com.gl.gl_wechat.service.impl.WXServiceImpl$$FastClassBySpringCGLIB$$f1040049.invoke(<generated>)
	at org.springframework.cglib.proxy.MethodProxy.invoke(MethodProxy.java:218)
	at org.springframework.aop.framework.CglibAopProxy$CglibMethodInvocation.invokeJoinpoint(CglibAopProxy.java:771)
	at org.springframework.aop.framework.ReflectiveMethodInvocation.proceed(ReflectiveMethodInvocation.java:163)
	at org.springframework.aop.framework.CglibAopProxy$CglibMethodInvocation.proceed(CglibAopProxy.java:749)
	at org.springframework.transaction.interceptor.TransactionAspectSupport.invokeWithinTransaction(TransactionAspectSupport.java:366)
	at org.springframework.transaction.interceptor.TransactionInterceptor.invoke(TransactionInterceptor.java:118)
	at org.springframework.aop.framework.ReflectiveMethodInvocation.proceed(ReflectiveMethodInvocation.java:186)
	at org.springframework.aop.framework.CglibAopProxy$CglibMethodInvocation.proceed(CglibAopProxy.java:749)
	at org.springframework.aop.framework.CglibAopProxy$DynamicAdvisedInterceptor.intercept(CglibAopProxy.java:691)
	at com.gl.gl_wechat.service.impl.WXServiceImpl$$EnhancerBySpringCGLIB$$d6d5a13.selAdmin(<generated>)
	at com.gl.gl_wechat.controller.wxController.addUser(wxController.java:240)
	at sun.reflect.NativeMethodAccessorImpl.invoke0(Native Method)
	at sun.reflect.NativeMethodAccessorImpl.invoke(NativeMethodAccessorImpl.java:62)
	at sun.reflect.DelegatingMethodAccessorImpl.invoke(DelegatingMethodAccessorImpl.java:43)
	at java.lang.reflect.Method.invoke(Method.java:498)
	at org.springframework.web.method.support.InvocableHandlerMethod.doInvoke(InvocableHandlerMethod.java:190)
	at org.springframework.web.method.support.InvocableHandlerMethod.invokeForRequest(InvocableHandlerMethod.java:138)
	at org.springframework.web.servlet.mvc.method.annotation.ServletInvocableHandlerMethod.invokeAndHandle(ServletInvocableHandlerMethod.java:105)
	at org.springframework.web.servlet.mvc.method.annotation.RequestMappingHandlerAdapter.invokeHandlerMethod(RequestMappingHandlerAdapter.java:879)
	at org.springframework.web.servlet.mvc.method.annotation.RequestMappingHandlerAdapter.handleInternal(RequestMappingHandlerAdapter.java:793)
	at org.springframework.web.servlet.mvc.method.AbstractHandlerMethodAdapter.handle(AbstractHandlerMethodAdapter.java:87)
	at org.springframework.web.servlet.DispatcherServlet.doDispatch(DispatcherServlet.java:1040)
	at org.springframework.web.servlet.DispatcherServlet.doService(DispatcherServlet.java:943)
	at org.springframework.web.servlet.FrameworkServlet.processRequest(FrameworkServlet.java:1006)
	at org.springframework.web.servlet.FrameworkServlet.doPost(FrameworkServlet.java:909)
	at javax.servlet.http.HttpServlet.service(HttpServlet.java:660)
	at org.springframework.web.servlet.FrameworkServlet.service(FrameworkServlet.java:883)
	at javax.servlet.http.HttpServlet.service(HttpServlet.java:741)
	at org.apache.catalina.core.ApplicationFilterChain.internalDoFilter(ApplicationFilterChain.java:231)
	at org.apache.catalina.core.ApplicationFilterChain.doFilter(ApplicationFilterChain.java:166)
	at org.apache.tomcat.websocket.server.WsFilter.doFilter(WsFilter.java:53)
	at org.apache.catalina.core.ApplicationFilterChain.internalDoFilter(ApplicationFilterChain.java:193)
	at org.apache.catalina.core.ApplicationFilterChain.doFilter(ApplicationFilterChain.java:166)
	at org.springframework.web.filter.RequestContextFilter.doFilterInternal(RequestContextFilter.java:100)
	at org.springframework.web.filter.OncePerRequestFilter.doFilter(OncePerRequestFilter.java:119)
	at org.apache.catalina.core.ApplicationFilterChain.internalDoFilter(ApplicationFilterChain.java:193)
	at org.apache.catalina.core.ApplicationFilterChain.doFilter(ApplicationFilterChain.java:166)
	at org.springframework.web.filter.FormContentFilter.doFilterInternal(FormContentFilter.java:93)
	at org.springframework.web.filter.OncePerRequestFilter.doFilter(OncePerRequestFilter.java:119)
	at org.apache.catalina.core.ApplicationFilterChain.internalDoFilter(ApplicationFilterChain.java:193)
	at org.apache.catalina.core.ApplicationFilterChain.doFilter(ApplicationFilterChain.java:166)
	at org.springframework.web.filter.CharacterEncodingFilter.doFilterInternal(CharacterEncodingFilter.java:201)
	at org.springframework.web.filter.OncePerRequestFilter.doFilter(OncePerRequestFilter.java:119)
	at org.apache.catalina.core.ApplicationFilterChain.internalDoFilter(ApplicationFilterChain.java:193)
	at org.apache.catalina.core.ApplicationFilterChain.doFilter(ApplicationFilterChain.java:166)
	at org.apache.catalina.core.StandardWrapperValve.invoke(StandardWrapperValve.java:202)
	at org.apache.catalina.core.StandardContextValve.invoke(StandardContextValve.java:96)
	at org.apache.catalina.authenticator.AuthenticatorBase.invoke(AuthenticatorBase.java:541)
	at org.apache.catalina.core.StandardHostValve.invoke(StandardHostValve.java:139)
	at org.apache.catalina.valves.ErrorReportValve.invoke(ErrorReportValve.java:92)
	at org.apache.catalina.core.StandardEngineValve.invoke(StandardEngineValve.java:74)
	at org.apache.catalina.connector.CoyoteAdapter.service(CoyoteAdapter.java:343)
	at org.apache.coyote.http11.Http11Processor.service(Http11Processor.java:373)
	at org.apache.coyote.AbstractProcessorLight.process(AbstractProcessorLight.java:65)
	at org.apache.coyote.AbstractProtocol$ConnectionHandler.process(AbstractProtocol.java:868)
	at org.apache.tomcat.util.net.NioEndpoint$SocketProcessor.doRun(NioEndpoint.java:1594)
	at org.apache.tomcat.util.net.SocketProcessorBase.run(SocketProcessorBase.java:49)
	at java.util.concurrent.ThreadPoolExecutor.runWorker(ThreadPoolExecutor.java:1142)
	at java.util.concurrent.ThreadPoolExecutor$Worker.run(ThreadPoolExecutor.java:617)
	at org.apache.tomcat.util.threads.TaskThread$WrappingRunnable.run(TaskThread.java:61)
	at java.lang.Thread.run(Thread.java:748)
2020/04/23-15:22:04 [main] INFO  com.gl.gl_wechat.GlWechatApplication- Starting GlWechatApplication on LAPTOP-UFUB5A9M with PID 5924 (C:\workSoft\ideaWorkSpace\gl_wechat\target\classes started by zhaoCong in C:\workSoft\ideaWorkSpace\gl_wechat)
2020/04/23-15:22:04 [main] INFO  com.gl.gl_wechat.GlWechatApplication- The following profiles are active: dev
2020/04/23-15:22:04 [main] INFO  org.springframework.boot.web.embedded.tomcat.TomcatWebServer- Tomcat initialized with port(s): 8890 (http)
2020/04/23-15:22:04 [main] INFO  org.apache.coyote.http11.Http11NioProtocol- Initializing ProtocolHandler ["http-nio-8890"]
2020/04/23-15:22:04 [main] INFO  org.apache.catalina.core.StandardService- Starting service [Tomcat]
2020/04/23-15:22:04 [main] INFO  org.apache.catalina.core.StandardEngine- Starting Servlet engine: [Apache Tomcat/9.0.33]
2020/04/23-15:22:04 [main] INFO  org.apache.catalina.core.AprLifecycleListener- An older version [1.2.21] of the APR based Apache Tomcat Native library is installed, while Tomcat recommends a minimum version of [1.2.23]
2020/04/23-15:22:04 [main] INFO  org.apache.catalina.core.AprLifecycleListener- Loaded APR based Apache Tomcat Native library [1.2.21] using APR version [1.6.5].
2020/04/23-15:22:04 [main] INFO  org.apache.catalina.core.AprLifecycleListener- APR capabilities: IPv6 [true], sendfile [true], accept filters [false], random [true].
2020/04/23-15:22:04 [main] INFO  org.apache.catalina.core.AprLifecycleListener- APR/OpenSSL configuration: useAprConnector [false], useOpenSSL [true]
2020/04/23-15:22:04 [main] INFO  org.apache.catalina.core.AprLifecycleListener- OpenSSL successfully initialized [OpenSSL 1.1.1a  20 Nov 2018]
2020/04/23-15:22:05 [main] INFO  org.apache.catalina.core.ContainerBase.[Tomcat].[localhost].[/]- Initializing Spring embedded WebApplicationContext
2020/04/23-15:22:05 [main] INFO  org.springframework.web.context.ContextLoader- Root WebApplicationContext: initialization completed in 824 ms
2020/04/23-15:22:05 [main] INFO  org.springframework.scheduling.concurrent.ThreadPoolTaskExecutor- Initializing ExecutorService 'applicationTaskExecutor'
2020/04/23-15:22:05 [main] INFO  org.apache.coyote.http11.Http11NioProtocol- Starting ProtocolHandler ["http-nio-8890"]
2020/04/23-15:22:05 [main] INFO  org.springframework.boot.web.embedded.tomcat.TomcatWebServer- Tomcat started on port(s): 8890 (http) with context path ''
2020/04/23-15:22:05 [main] INFO  com.gl.gl_wechat.GlWechatApplication- Started GlWechatApplication in 1.835 seconds (JVM running for 3.228)
2020/04/23-15:22:10 [http-nio-8890-exec-1] INFO  org.apache.catalina.core.ContainerBase.[Tomcat].[localhost].[/]- Initializing Spring DispatcherServlet 'dispatcherServlet'
2020/04/23-15:22:10 [http-nio-8890-exec-1] INFO  org.springframework.web.servlet.DispatcherServlet- Initializing Servlet 'dispatcherServlet'
2020/04/23-15:22:10 [http-nio-8890-exec-1] INFO  org.springframework.web.servlet.DispatcherServlet- Completed initialization in 8 ms
2020/04/23-15:22:11 [http-nio-8890-exec-1] INFO  com.zaxxer.hikari.HikariDataSource- HikariPool-1 - Starting...
2020/04/23-15:22:11 [http-nio-8890-exec-1] INFO  com.zaxxer.hikari.HikariDataSource- HikariPool-1 - Start completed.
2020/04/23-15:22:11 [http-nio-8890-exec-1] DEBUG com.gl.gl_wechat.dao.WXDao.selectSuperAdmin- ==>  Preparing: SELECT 1 from superadmin WHERE phone = ? 
2020/04/23-15:22:11 [http-nio-8890-exec-1] DEBUG com.gl.gl_wechat.dao.WXDao.selectSuperAdmin- ==> Parameters: 15751776801(String)
2020/04/23-15:22:11 [http-nio-8890-exec-1] DEBUG com.gl.gl_wechat.dao.WXDao.selectSuperAdmin- <==      Total: 1
2020/04/23-15:22:11 [http-nio-8890-exec-1] DEBUG com.gl.gl_wechat.dao.WXDao.selAdmin- ==>  Preparing: SELECT 1 FROM bind WHERE phone = ? 
2020/04/23-15:22:11 [http-nio-8890-exec-1] DEBUG com.gl.gl_wechat.dao.WXDao.selAdmin- ==> Parameters: 15751778903(String)
2020/04/23-15:22:11 [http-nio-8890-exec-1] DEBUG com.gl.gl_wechat.dao.WXDao.selAdmin- <==      Total: 0
2020/04/23-15:22:11 [http-nio-8890-exec-1] ERROR org.apache.catalina.core.ContainerBase.[Tomcat].[localhost].[/].[dispatcherServlet]- Servlet.service() for servlet [dispatcherServlet] in context with path [] threw exception [Request processing failed; nested exception is org.apache.ibatis.binding.BindingException: Mapper method 'com.gl.gl_wechat.dao.WXDao.selAdmin attempted to return null from a method with a primitive return type (int).] with root cause
org.apache.ibatis.binding.BindingException: Mapper method 'com.gl.gl_wechat.dao.WXDao.selAdmin attempted to return null from a method with a primitive return type (int).
	at org.apache.ibatis.binding.MapperMethod.execute(MapperMethod.java:102)
	at org.apache.ibatis.binding.MapperProxy$PlainMethodInvoker.invoke(MapperProxy.java:144)
	at org.apache.ibatis.binding.MapperProxy.invoke(MapperProxy.java:85)
	at com.sun.proxy.$Proxy69.selAdmin(Unknown Source)
	at sun.reflect.NativeMethodAccessorImpl.invoke0(Native Method)
	at sun.reflect.NativeMethodAccessorImpl.invoke(NativeMethodAccessorImpl.java:62)
	at sun.reflect.DelegatingMethodAccessorImpl.invoke(DelegatingMethodAccessorImpl.java:43)
	at java.lang.reflect.Method.invoke(Method.java:498)
	at org.springframework.aop.support.AopUtils.invokeJoinpointUsingReflection(AopUtils.java:344)
	at org.springframework.aop.framework.ReflectiveMethodInvocation.invokeJoinpoint(ReflectiveMethodInvocation.java:198)
	at org.springframework.aop.framework.ReflectiveMethodInvocation.proceed(ReflectiveMethodInvocation.java:163)
	at org.springframework.dao.support.PersistenceExceptionTranslationInterceptor.invoke(PersistenceExceptionTranslationInterceptor.java:139)
	at org.springframework.aop.framework.ReflectiveMethodInvocation.proceed(ReflectiveMethodInvocation.java:186)
	at org.springframework.aop.framework.JdkDynamicAopProxy.invoke(JdkDynamicAopProxy.java:212)
	at com.sun.proxy.$Proxy70.selAdmin(Unknown Source)
	at com.gl.gl_wechat.service.impl.WXServiceImpl.selAdmin(WXServiceImpl.java:67)
	at com.gl.gl_wechat.service.impl.WXServiceImpl$$FastClassBySpringCGLIB$$f1040049.invoke(<generated>)
	at org.springframework.cglib.proxy.MethodProxy.invoke(MethodProxy.java:218)
	at org.springframework.aop.framework.CglibAopProxy$CglibMethodInvocation.invokeJoinpoint(CglibAopProxy.java:771)
	at org.springframework.aop.framework.ReflectiveMethodInvocation.proceed(ReflectiveMethodInvocation.java:163)
	at org.springframework.aop.framework.CglibAopProxy$CglibMethodInvocation.proceed(CglibAopProxy.java:749)
	at org.springframework.transaction.interceptor.TransactionAspectSupport.invokeWithinTransaction(TransactionAspectSupport.java:366)
	at org.springframework.transaction.interceptor.TransactionInterceptor.invoke(TransactionInterceptor.java:118)
	at org.springframework.aop.framework.ReflectiveMethodInvocation.proceed(ReflectiveMethodInvocation.java:186)
	at org.springframework.aop.framework.CglibAopProxy$CglibMethodInvocation.proceed(CglibAopProxy.java:749)
	at org.springframework.aop.framework.CglibAopProxy$DynamicAdvisedInterceptor.intercept(CglibAopProxy.java:691)
	at com.gl.gl_wechat.service.impl.WXServiceImpl$$EnhancerBySpringCGLIB$$68168632.selAdmin(<generated>)
	at com.gl.gl_wechat.controller.wxController.addUser(wxController.java:240)
	at sun.reflect.NativeMethodAccessorImpl.invoke0(Native Method)
	at sun.reflect.NativeMethodAccessorImpl.invoke(NativeMethodAccessorImpl.java:62)
	at sun.reflect.DelegatingMethodAccessorImpl.invoke(DelegatingMethodAccessorImpl.java:43)
	at java.lang.reflect.Method.invoke(Method.java:498)
	at org.springframework.web.method.support.InvocableHandlerMethod.doInvoke(InvocableHandlerMethod.java:190)
	at org.springframework.web.method.support.InvocableHandlerMethod.invokeForRequest(InvocableHandlerMethod.java:138)
	at org.springframework.web.servlet.mvc.method.annotation.ServletInvocableHandlerMethod.invokeAndHandle(ServletInvocableHandlerMethod.java:105)
	at org.springframework.web.servlet.mvc.method.annotation.RequestMappingHandlerAdapter.invokeHandlerMethod(RequestMappingHandlerAdapter.java:879)
	at org.springframework.web.servlet.mvc.method.annotation.RequestMappingHandlerAdapter.handleInternal(RequestMappingHandlerAdapter.java:793)
	at org.springframework.web.servlet.mvc.method.AbstractHandlerMethodAdapter.handle(AbstractHandlerMethodAdapter.java:87)
	at org.springframework.web.servlet.DispatcherServlet.doDispatch(DispatcherServlet.java:1040)
	at org.springframework.web.servlet.DispatcherServlet.doService(DispatcherServlet.java:943)
	at org.springframework.web.servlet.FrameworkServlet.processRequest(FrameworkServlet.java:1006)
	at org.springframework.web.servlet.FrameworkServlet.doPost(FrameworkServlet.java:909)
	at javax.servlet.http.HttpServlet.service(HttpServlet.java:660)
	at org.springframework.web.servlet.FrameworkServlet.service(FrameworkServlet.java:883)
	at javax.servlet.http.HttpServlet.service(HttpServlet.java:741)
	at org.apache.catalina.core.ApplicationFilterChain.internalDoFilter(ApplicationFilterChain.java:231)
	at org.apache.catalina.core.ApplicationFilterChain.doFilter(ApplicationFilterChain.java:166)
	at org.apache.tomcat.websocket.server.WsFilter.doFilter(WsFilter.java:53)
	at org.apache.catalina.core.ApplicationFilterChain.internalDoFilter(ApplicationFilterChain.java:193)
	at org.apache.catalina.core.ApplicationFilterChain.doFilter(ApplicationFilterChain.java:166)
	at org.springframework.web.filter.RequestContextFilter.doFilterInternal(RequestContextFilter.java:100)
	at org.springframework.web.filter.OncePerRequestFilter.doFilter(OncePerRequestFilter.java:119)
	at org.apache.catalina.core.ApplicationFilterChain.internalDoFilter(ApplicationFilterChain.java:193)
	at org.apache.catalina.core.ApplicationFilterChain.doFilter(ApplicationFilterChain.java:166)
	at org.springframework.web.filter.FormContentFilter.doFilterInternal(FormContentFilter.java:93)
	at org.springframework.web.filter.OncePerRequestFilter.doFilter(OncePerRequestFilter.java:119)
	at org.apache.catalina.core.ApplicationFilterChain.internalDoFilter(ApplicationFilterChain.java:193)
	at org.apache.catalina.core.ApplicationFilterChain.doFilter(ApplicationFilterChain.java:166)
	at org.springframework.web.filter.CharacterEncodingFilter.doFilterInternal(CharacterEncodingFilter.java:201)
	at org.springframework.web.filter.OncePerRequestFilter.doFilter(OncePerRequestFilter.java:119)
	at org.apache.catalina.core.ApplicationFilterChain.internalDoFilter(ApplicationFilterChain.java:193)
	at org.apache.catalina.core.ApplicationFilterChain.doFilter(ApplicationFilterChain.java:166)
	at org.apache.catalina.core.StandardWrapperValve.invoke(StandardWrapperValve.java:202)
	at org.apache.catalina.core.StandardContextValve.invoke(StandardContextValve.java:96)
	at org.apache.catalina.authenticator.AuthenticatorBase.invoke(AuthenticatorBase.java:541)
	at org.apache.catalina.core.StandardHostValve.invoke(StandardHostValve.java:139)
	at org.apache.catalina.valves.ErrorReportValve.invoke(ErrorReportValve.java:92)
	at org.apache.catalina.core.StandardEngineValve.invoke(StandardEngineValve.java:74)
	at org.apache.catalina.connector.CoyoteAdapter.service(CoyoteAdapter.java:343)
	at org.apache.coyote.http11.Http11Processor.service(Http11Processor.java:373)
	at org.apache.coyote.AbstractProcessorLight.process(AbstractProcessorLight.java:65)
	at org.apache.coyote.AbstractProtocol$ConnectionHandler.process(AbstractProtocol.java:868)
	at org.apache.tomcat.util.net.NioEndpoint$SocketProcessor.doRun(NioEndpoint.java:1594)
	at org.apache.tomcat.util.net.SocketProcessorBase.run(SocketProcessorBase.java:49)
	at java.util.concurrent.ThreadPoolExecutor.runWorker(ThreadPoolExecutor.java:1142)
	at java.util.concurrent.ThreadPoolExecutor$Worker.run(ThreadPoolExecutor.java:617)
	at org.apache.tomcat.util.threads.TaskThread$WrappingRunnable.run(TaskThread.java:61)
	at java.lang.Thread.run(Thread.java:748)
2020/04/23-15:23:59 [SpringContextShutdownHook] INFO  org.springframework.scheduling.concurrent.ThreadPoolTaskExecutor- Shutting down ExecutorService 'applicationTaskExecutor'
2020/04/23-15:23:59 [SpringContextShutdownHook] INFO  com.zaxxer.hikari.HikariDataSource- HikariPool-1 - Shutdown initiated...
2020/04/23-15:23:59 [SpringContextShutdownHook] INFO  com.zaxxer.hikari.HikariDataSource- HikariPool-1 - Shutdown completed.
2020/04/23-15:24:02 [main] INFO  com.gl.gl_wechat.GlWechatApplication- Starting GlWechatApplication on LAPTOP-UFUB5A9M with PID 9832 (C:\workSoft\ideaWorkSpace\gl_wechat\target\classes started by zhaoCong in C:\workSoft\ideaWorkSpace\gl_wechat)
2020/04/23-15:24:02 [main] INFO  com.gl.gl_wechat.GlWechatApplication- The following profiles are active: dev
2020/04/23-15:24:03 [main] INFO  org.springframework.boot.web.embedded.tomcat.TomcatWebServer- Tomcat initialized with port(s): 8890 (http)
2020/04/23-15:24:03 [main] INFO  org.apache.coyote.http11.Http11NioProtocol- Initializing ProtocolHandler ["http-nio-8890"]
2020/04/23-15:24:03 [main] INFO  org.apache.catalina.core.StandardService- Starting service [Tomcat]
2020/04/23-15:24:03 [main] INFO  org.apache.catalina.core.StandardEngine- Starting Servlet engine: [Apache Tomcat/9.0.33]
2020/04/23-15:24:03 [main] INFO  org.apache.catalina.core.AprLifecycleListener- An older version [1.2.21] of the APR based Apache Tomcat Native library is installed, while Tomcat recommends a minimum version of [1.2.23]
2020/04/23-15:24:03 [main] INFO  org.apache.catalina.core.AprLifecycleListener- Loaded APR based Apache Tomcat Native library [1.2.21] using APR version [1.6.5].
2020/04/23-15:24:03 [main] INFO  org.apache.catalina.core.AprLifecycleListener- APR capabilities: IPv6 [true], sendfile [true], accept filters [false], random [true].
2020/04/23-15:24:03 [main] INFO  org.apache.catalina.core.AprLifecycleListener- APR/OpenSSL configuration: useAprConnector [false], useOpenSSL [true]
2020/04/23-15:24:03 [main] INFO  org.apache.catalina.core.AprLifecycleListener- OpenSSL successfully initialized [OpenSSL 1.1.1a  20 Nov 2018]
2020/04/23-15:24:03 [main] INFO  org.apache.catalina.core.ContainerBase.[Tomcat].[localhost].[/]- Initializing Spring embedded WebApplicationContext
2020/04/23-15:24:03 [main] INFO  org.springframework.web.context.ContextLoader- Root WebApplicationContext: initialization completed in 1191 ms
2020/04/23-15:24:04 [main] INFO  org.springframework.scheduling.concurrent.ThreadPoolTaskExecutor- Initializing ExecutorService 'applicationTaskExecutor'
2020/04/23-15:24:04 [main] INFO  org.apache.coyote.http11.Http11NioProtocol- Starting ProtocolHandler ["http-nio-8890"]
2020/04/23-15:24:04 [main] INFO  org.springframework.boot.web.embedded.tomcat.TomcatWebServer- Tomcat started on port(s): 8890 (http) with context path ''
2020/04/23-15:24:04 [main] INFO  com.gl.gl_wechat.GlWechatApplication- Started GlWechatApplication in 2.248 seconds (JVM running for 3.392)
2020/04/23-15:24:09 [http-nio-8890-exec-1] INFO  org.apache.catalina.core.ContainerBase.[Tomcat].[localhost].[/]- Initializing Spring DispatcherServlet 'dispatcherServlet'
2020/04/23-15:24:09 [http-nio-8890-exec-1] INFO  org.springframework.web.servlet.DispatcherServlet- Initializing Servlet 'dispatcherServlet'
2020/04/23-15:24:09 [http-nio-8890-exec-1] INFO  org.springframework.web.servlet.DispatcherServlet- Completed initialization in 4 ms
2020/04/23-15:24:09 [http-nio-8890-exec-1] INFO  com.zaxxer.hikari.HikariDataSource- HikariPool-1 - Starting...
2020/04/23-15:24:10 [http-nio-8890-exec-1] INFO  com.zaxxer.hikari.HikariDataSource- HikariPool-1 - Start completed.
2020/04/23-15:24:10 [http-nio-8890-exec-1] DEBUG com.gl.gl_wechat.dao.WXDao.selectSuperAdmin- ==>  Preparing: SELECT 1 from superadmin WHERE phone = ? 
2020/04/23-15:24:10 [http-nio-8890-exec-1] DEBUG com.gl.gl_wechat.dao.WXDao.selectSuperAdmin- ==> Parameters: 15751776801(String)
2020/04/23-15:24:10 [http-nio-8890-exec-1] DEBUG com.gl.gl_wechat.dao.WXDao.selectSuperAdmin- <==      Total: 1
2020/04/23-15:24:15 [http-nio-8890-exec-1] DEBUG com.gl.gl_wechat.dao.WXDao.selAdmin- ==>  Preparing: SELECT 1 FROM admin WHERE phone = ? 
2020/04/23-15:24:15 [http-nio-8890-exec-1] DEBUG com.gl.gl_wechat.dao.WXDao.selAdmin- ==> Parameters: 15751778903(String)
2020/04/23-15:24:15 [http-nio-8890-exec-1] DEBUG com.gl.gl_wechat.dao.WXDao.selAdmin- <==      Total: 1
2020/04/23-15:24:20 [SpringContextShutdownHook] INFO  org.springframework.scheduling.concurrent.ThreadPoolTaskExecutor- Shutting down ExecutorService 'applicationTaskExecutor'
2020/04/23-15:24:20 [SpringContextShutdownHook] INFO  com.zaxxer.hikari.HikariDataSource- HikariPool-1 - Shutdown initiated...
2020/04/23-15:24:20 [SpringContextShutdownHook] INFO  com.zaxxer.hikari.HikariDataSource- HikariPool-1 - Shutdown completed.
2020/04/23-15:24:33 [main] INFO  org.springframework.boot.test.context.SpringBootTestContextBootstrapper- Neither @ContextConfiguration nor @ContextHierarchy found for test class [com.gl.gl_wechat.GlWechatApplicationTests], using SpringBootContextLoader
2020/04/23-15:24:33 [main] INFO  org.springframework.test.context.support.AbstractContextLoader- Could not detect default resource locations for test class [com.gl.gl_wechat.GlWechatApplicationTests]: no resource found for suffixes {-context.xml, Context.groovy}.
2020/04/23-15:24:33 [main] INFO  org.springframework.test.context.support.AnnotationConfigContextLoaderUtils- Could not detect default configuration classes for test class [com.gl.gl_wechat.GlWechatApplicationTests]: GlWechatApplicationTests does not declare any static, non-private, non-final, nested classes annotated with @Configuration.
2020/04/23-15:24:33 [main] INFO  org.springframework.boot.test.context.SpringBootTestContextBootstrapper- Found @SpringBootConfiguration com.gl.gl_wechat.GlWechatApplication for test class com.gl.gl_wechat.GlWechatApplicationTests
2020/04/23-15:24:33 [main] INFO  org.springframework.boot.test.context.SpringBootTestContextBootstrapper- Loaded default TestExecutionListener class names from location [META-INF/spring.factories]: [org.springframework.boot.test.mock.mockito.MockitoTestExecutionListener, org.springframework.boot.test.mock.mockito.ResetMocksTestExecutionListener, org.springframework.boot.test.autoconfigure.restdocs.RestDocsTestExecutionListener, org.springframework.boot.test.autoconfigure.web.client.MockRestServiceServerResetTestExecutionListener, org.springframework.boot.test.autoconfigure.web.servlet.MockMvcPrintOnlyOnFailureTestExecutionListener, org.springframework.boot.test.autoconfigure.web.servlet.WebDriverTestExecutionListener, org.springframework.test.context.web.ServletTestExecutionListener, org.springframework.test.context.support.DirtiesContextBeforeModesTestExecutionListener, org.springframework.test.context.support.DependencyInjectionTestExecutionListener, org.springframework.test.context.support.DirtiesContextTestExecutionListener, org.springframework.test.context.transaction.TransactionalTestExecutionListener, org.springframework.test.context.jdbc.SqlScriptsTestExecutionListener, org.springframework.test.context.event.EventPublishingTestExecutionListener]
2020/04/23-15:24:33 [main] INFO  org.springframework.boot.test.context.SpringBootTestContextBootstrapper- Using TestExecutionListeners: [org.springframework.test.context.web.ServletTestExecutionListener@22f59fa, org.springframework.test.context.support.DirtiesContextBeforeModesTestExecutionListener@78fa769e, org.springframework.boot.test.mock.mockito.MockitoTestExecutionListener@16612a51, org.springframework.boot.test.autoconfigure.SpringBootDependencyInjectionTestExecutionListener@54e041a4, org.springframework.test.context.support.DirtiesContextTestExecutionListener@2c78324b, org.springframework.test.context.transaction.TransactionalTestExecutionListener@79defdc, org.springframework.test.context.jdbc.SqlScriptsTestExecutionListener@18317edc, org.springframework.test.context.event.EventPublishingTestExecutionListener@4e0ae11f, org.springframework.boot.test.mock.mockito.ResetMocksTestExecutionListener@238d68ff, org.springframework.boot.test.autoconfigure.restdocs.RestDocsTestExecutionListener@4b86805d, org.springframework.boot.test.autoconfigure.web.client.MockRestServiceServerResetTestExecutionListener@5852c06f, org.springframework.boot.test.autoconfigure.web.servlet.MockMvcPrintOnlyOnFailureTestExecutionListener@4149c063, org.springframework.boot.test.autoconfigure.web.servlet.WebDriverTestExecutionListener@9cb8225]
2020/04/23-15:24:33 [main] INFO  com.gl.gl_wechat.GlWechatApplicationTests- Starting GlWechatApplicationTests on LAPTOP-UFUB5A9M with PID 13612 (started by zhaoCong in C:\workSoft\ideaWorkSpace\gl_wechat)
2020/04/23-15:24:33 [main] INFO  com.gl.gl_wechat.GlWechatApplicationTests- The following profiles are active: dev
2020/04/23-15:24:35 [main] INFO  org.springframework.scheduling.concurrent.ThreadPoolTaskExecutor- Initializing ExecutorService 'applicationTaskExecutor'
2020/04/23-15:24:35 [main] INFO  com.gl.gl_wechat.GlWechatApplicationTests- Started GlWechatApplicationTests in 2.099 seconds (JVM running for 2.964)
2020/04/23-15:24:35 [SpringContextShutdownHook] INFO  org.springframework.scheduling.concurrent.ThreadPoolTaskExecutor- Shutting down ExecutorService 'applicationTaskExecutor'
2020/04/23-17:24:04 [main] INFO  org.springframework.boot.test.context.SpringBootTestContextBootstrapper- Neither @ContextConfiguration nor @ContextHierarchy found for test class [com.gl.gl_wechat.GlWechatApplicationTests], using SpringBootContextLoader
2020/04/23-17:24:04 [main] INFO  org.springframework.test.context.support.AbstractContextLoader- Could not detect default resource locations for test class [com.gl.gl_wechat.GlWechatApplicationTests]: no resource found for suffixes {-context.xml, Context.groovy}.
2020/04/23-17:24:04 [main] INFO  org.springframework.test.context.support.AnnotationConfigContextLoaderUtils- Could not detect default configuration classes for test class [com.gl.gl_wechat.GlWechatApplicationTests]: GlWechatApplicationTests does not declare any static, non-private, non-final, nested classes annotated with @Configuration.
2020/04/23-17:24:04 [main] INFO  org.springframework.boot.test.context.SpringBootTestContextBootstrapper- Found @SpringBootConfiguration com.gl.gl_wechat.GlWechatApplication for test class com.gl.gl_wechat.GlWechatApplicationTests
2020/04/23-17:24:04 [main] INFO  org.springframework.boot.test.context.SpringBootTestContextBootstrapper- Loaded default TestExecutionListener class names from location [META-INF/spring.factories]: [org.springframework.boot.test.mock.mockito.MockitoTestExecutionListener, org.springframework.boot.test.mock.mockito.ResetMocksTestExecutionListener, org.springframework.boot.test.autoconfigure.restdocs.RestDocsTestExecutionListener, org.springframework.boot.test.autoconfigure.web.client.MockRestServiceServerResetTestExecutionListener, org.springframework.boot.test.autoconfigure.web.servlet.MockMvcPrintOnlyOnFailureTestExecutionListener, org.springframework.boot.test.autoconfigure.web.servlet.WebDriverTestExecutionListener, org.springframework.test.context.web.ServletTestExecutionListener, org.springframework.test.context.support.DirtiesContextBeforeModesTestExecutionListener, org.springframework.test.context.support.DependencyInjectionTestExecutionListener, org.springframework.test.context.support.DirtiesContextTestExecutionListener, org.springframework.test.context.transaction.TransactionalTestExecutionListener, org.springframework.test.context.jdbc.SqlScriptsTestExecutionListener, org.springframework.test.context.event.EventPublishingTestExecutionListener]
2020/04/23-17:24:04 [main] INFO  org.springframework.boot.test.context.SpringBootTestContextBootstrapper- Using TestExecutionListeners: [org.springframework.test.context.web.ServletTestExecutionListener@22f59fa, org.springframework.test.context.support.DirtiesContextBeforeModesTestExecutionListener@78fa769e, org.springframework.boot.test.mock.mockito.MockitoTestExecutionListener@16612a51, org.springframework.boot.test.autoconfigure.SpringBootDependencyInjectionTestExecutionListener@54e041a4, org.springframework.test.context.support.DirtiesContextTestExecutionListener@2c78324b, org.springframework.test.context.transaction.TransactionalTestExecutionListener@79defdc, org.springframework.test.context.jdbc.SqlScriptsTestExecutionListener@18317edc, org.springframework.test.context.event.EventPublishingTestExecutionListener@4e0ae11f, org.springframework.boot.test.mock.mockito.ResetMocksTestExecutionListener@238d68ff, org.springframework.boot.test.autoconfigure.restdocs.RestDocsTestExecutionListener@4b86805d, org.springframework.boot.test.autoconfigure.web.client.MockRestServiceServerResetTestExecutionListener@5852c06f, org.springframework.boot.test.autoconfigure.web.servlet.MockMvcPrintOnlyOnFailureTestExecutionListener@4149c063, org.springframework.boot.test.autoconfigure.web.servlet.WebDriverTestExecutionListener@9cb8225]
2020/04/23-17:24:04 [main] INFO  com.gl.gl_wechat.GlWechatApplicationTests- Starting GlWechatApplicationTests on LAPTOP-UFUB5A9M with PID 11292 (started by zhaoCong in C:\workSoft\ideaWorkSpace\gl_wechat)
2020/04/23-17:24:04 [main] INFO  com.gl.gl_wechat.GlWechatApplicationTests- The following profiles are active: dev
2020/04/23-17:24:05 [main] INFO  org.springframework.scheduling.concurrent.ThreadPoolTaskExecutor- Initializing ExecutorService 'applicationTaskExecutor'
2020/04/23-17:24:06 [main] INFO  com.gl.gl_wechat.GlWechatApplicationTests- Started GlWechatApplicationTests in 2.001 seconds (JVM running for 2.84)
2020/04/23-17:24:06 [SpringContextShutdownHook] INFO  org.springframework.scheduling.concurrent.ThreadPoolTaskExecutor- Shutting down ExecutorService 'applicationTaskExecutor'
